
*** Running vivado
    with args -log sync_farrow_parab.vdi -applog -m64 -product Vivado -messageDb vivado.pb -mode batch -source sync_farrow_parab.tcl -notrace


****** Vivado v2023.2 (64-bit)
  **** SW Build 4029153 on Fri Oct 13 20:13:54 MDT 2023
  **** IP Build 4028589 on Sat Oct 14 00:45:43 MDT 2023
  **** SharedData Build 4025554 on Tue Oct 10 17:18:54 MDT 2023
    ** Copyright 1986-2022 Xilinx, Inc. All Rights Reserved.
    ** Copyright 2022-2023 Advanced Micro Devices, Inc. All Rights Reserved.

source sync_farrow_parab.tcl -notrace
Command: open_checkpoint /home/t-kudimov/temp/matmodel/vkr_sync_hdl/vivado_prj/sync_farrow_parab.runs/impl_1/sync_farrow_parab.dcp
INFO: [Device 21-403] Loading part xc7z020clg484-1
Netlist sorting complete. Time (s): cpu = 00:00:00 ; elapsed = 00:00:00 . Memory (MB): peak = 1701.785 ; gain = 0.000 ; free physical = 12448 ; free virtual = 31894
INFO: [Netlist 29-17] Analyzing 48 Unisim elements for replacement
INFO: [Netlist 29-28] Unisim Transformation completed in 0 CPU seconds
INFO: [Project 1-479] Netlist was created with Vivado 2023.2
INFO: [Project 1-570] Preparing netlist for logic optimization
Read ShapeDB Complete: Time (s): cpu = 00:00:00 ; elapsed = 00:00:00.01 . Memory (MB): peak = 1771.535 ; gain = 0.000 ; free physical = 12316 ; free virtual = 31775
INFO: [Timing 38-478] Restoring timing data from binary archive.
INFO: [Timing 38-479] Binary timing data restore complete.
INFO: [Project 1-856] Restoring constraints from binary archive.
INFO: [Project 1-853] Binary constraint restore complete.
Netlist sorting complete. Time (s): cpu = 00:00:00 ; elapsed = 00:00:00 . Memory (MB): peak = 2338.145 ; gain = 0.000 ; free physical = 11861 ; free virtual = 31318
INFO: [Project 1-111] Unisim Transformation Summary:
No Unisim elements were transformed.

INFO: [Project 1-604] Checkpoint was created with Vivado v2023.2 (64-bit) build 4029153
open_checkpoint: Time (s): cpu = 00:00:09 ; elapsed = 00:00:10 . Memory (MB): peak = 2338.180 ; gain = 1032.703 ; free physical = 11861 ; free virtual = 31318
Command: opt_design
Attempting to get a license for feature 'Implementation' and/or device 'xc7z020'
INFO: [Common 17-349] Got license for feature 'Implementation' and/or device 'xc7z020'
Running DRC as a precondition to command opt_design

Starting DRC Task
INFO: [DRC 23-27] Running DRC with 8 threads
INFO: [Project 1-461] DRC finished with 0 Errors
INFO: [Project 1-462] Please refer to the DRC report (report_drc) for more information.

Time (s): cpu = 00:00:00.6 ; elapsed = 00:00:00.36 . Memory (MB): peak = 2432.895 ; gain = 87.812 ; free physical = 11849 ; free virtual = 31306

Starting Cache Timing Information Task
Ending Cache Timing Information Task | Checksum: f04490e1

Time (s): cpu = 00:00:00 ; elapsed = 00:00:00 . Memory (MB): peak = 2432.895 ; gain = 0.000 ; free physical = 11849 ; free virtual = 31306

Starting Logic Optimization Task

Phase 1 Initialization

Phase 1.1 Core Generation And Design Setup
Phase 1.1 Core Generation And Design Setup | Checksum: f04490e1

Time (s): cpu = 00:00:00 ; elapsed = 00:00:00 . Memory (MB): peak = 2684.691 ; gain = 0.000 ; free physical = 11555 ; free virtual = 31017

Phase 1.2 Setup Constraints And Sort Netlist
Phase 1.2 Setup Constraints And Sort Netlist | Checksum: f04490e1

Time (s): cpu = 00:00:00 ; elapsed = 00:00:00 . Memory (MB): peak = 2684.691 ; gain = 0.000 ; free physical = 11555 ; free virtual = 31017
Phase 1 Initialization | Checksum: f04490e1

Time (s): cpu = 00:00:00 ; elapsed = 00:00:00 . Memory (MB): peak = 2684.691 ; gain = 0.000 ; free physical = 11555 ; free virtual = 31017

Phase 2 Timer Update And Timing Data Collection

Phase 2.1 Timer Update
Phase 2.1 Timer Update | Checksum: f04490e1

Time (s): cpu = 00:00:00.04 ; elapsed = 00:00:00.01 . Memory (MB): peak = 2684.691 ; gain = 0.000 ; free physical = 11557 ; free virtual = 31019

Phase 2.2 Timing Data Collection
Phase 2.2 Timing Data Collection | Checksum: f04490e1

Time (s): cpu = 00:00:00.04 ; elapsed = 00:00:00.01 . Memory (MB): peak = 2684.691 ; gain = 0.000 ; free physical = 11557 ; free virtual = 31019
Phase 2 Timer Update And Timing Data Collection | Checksum: f04490e1

Time (s): cpu = 00:00:00.04 ; elapsed = 00:00:00.01 . Memory (MB): peak = 2684.691 ; gain = 0.000 ; free physical = 11557 ; free virtual = 31019

Phase 3 Retarget
INFO: [Opt 31-138] Pushed 0 inverter(s) to 0 load pin(s).
INFO: [Opt 31-49] Retargeted 0 cell(s).
Phase 3 Retarget | Checksum: f04490e1

Time (s): cpu = 00:00:00.06 ; elapsed = 00:00:00.03 . Memory (MB): peak = 2684.691 ; gain = 0.000 ; free physical = 11561 ; free virtual = 31023
Retarget | Checksum: f04490e1
INFO: [Opt 31-389] Phase Retarget created 0 cells and removed 0 cells

Phase 4 Constant propagation
INFO: [Opt 31-138] Pushed 0 inverter(s) to 0 load pin(s).
Phase 4 Constant propagation | Checksum: 5983a4a6

Time (s): cpu = 00:00:00.06 ; elapsed = 00:00:00.03 . Memory (MB): peak = 2684.691 ; gain = 0.000 ; free physical = 11561 ; free virtual = 31023
Constant propagation | Checksum: 5983a4a6
INFO: [Opt 31-389] Phase Constant propagation created 0 cells and removed 0 cells

Phase 5 Sweep
Phase 5 Sweep | Checksum: 6c4d28db

Time (s): cpu = 00:00:00.07 ; elapsed = 00:00:00.04 . Memory (MB): peak = 2684.691 ; gain = 0.000 ; free physical = 11561 ; free virtual = 31023
Sweep | Checksum: 6c4d28db
INFO: [Opt 31-389] Phase Sweep created 0 cells and removed 0 cells

Phase 6 BUFG optimization
Phase 6 BUFG optimization | Checksum: 6c4d28db

Time (s): cpu = 00:00:00.07 ; elapsed = 00:00:00.04 . Memory (MB): peak = 2684.691 ; gain = 0.000 ; free physical = 11561 ; free virtual = 31023
BUFG optimization | Checksum: 6c4d28db
INFO: [Opt 31-662] Phase BUFG optimization created 0 cells of which 0 are BUFGs and removed 0 cells.

Phase 7 Shift Register Optimization
INFO: [Opt 31-1064] SRL Remap converted 0 SRLs to 0 registers and converted 0 registers of register chains to 0 SRLs
Phase 7 Shift Register Optimization | Checksum: 6c4d28db

Time (s): cpu = 00:00:00.07 ; elapsed = 00:00:00.04 . Memory (MB): peak = 2684.691 ; gain = 0.000 ; free physical = 11561 ; free virtual = 31023
Shift Register Optimization | Checksum: 6c4d28db
INFO: [Opt 31-389] Phase Shift Register Optimization created 0 cells and removed 0 cells

Phase 8 Post Processing Netlist
Phase 8 Post Processing Netlist | Checksum: 6c4d28db

Time (s): cpu = 00:00:00.07 ; elapsed = 00:00:00.04 . Memory (MB): peak = 2684.691 ; gain = 0.000 ; free physical = 11561 ; free virtual = 31023
Post Processing Netlist | Checksum: 6c4d28db
INFO: [Opt 31-389] Phase Post Processing Netlist created 0 cells and removed 0 cells

Phase 9 Finalization

Phase 9.1 Finalizing Design Cores and Updating Shapes
Phase 9.1 Finalizing Design Cores and Updating Shapes | Checksum: 16f2344dd

Time (s): cpu = 00:00:00.13 ; elapsed = 00:00:00.05 . Memory (MB): peak = 2708.703 ; gain = 24.012 ; free physical = 11561 ; free virtual = 31023

Phase 9.2 Verifying Netlist Connectivity

Starting Connectivity Check Task

Time (s): cpu = 00:00:00 ; elapsed = 00:00:00 . Memory (MB): peak = 2708.703 ; gain = 0.000 ; free physical = 11561 ; free virtual = 31023
Phase 9.2 Verifying Netlist Connectivity | Checksum: 16f2344dd

Time (s): cpu = 00:00:00.14 ; elapsed = 00:00:00.06 . Memory (MB): peak = 2708.703 ; gain = 24.012 ; free physical = 11561 ; free virtual = 31023
Phase 9 Finalization | Checksum: 16f2344dd

Time (s): cpu = 00:00:00.14 ; elapsed = 00:00:00.06 . Memory (MB): peak = 2708.703 ; gain = 24.012 ; free physical = 11561 ; free virtual = 31023
Opt_design Change Summary
=========================


-------------------------------------------------------------------------------------------------------------------------
|  Phase                        |  #Cells created  |  #Cells Removed  |  #Constrained objects preventing optimizations  |
-------------------------------------------------------------------------------------------------------------------------
|  Retarget                     |               0  |               0  |                                              0  |
|  Constant propagation         |               0  |               0  |                                              0  |
|  Sweep                        |               0  |               0  |                                              0  |
|  BUFG optimization            |               0  |               0  |                                              0  |
|  Shift Register Optimization  |               0  |               0  |                                              0  |
|  Post Processing Netlist      |               0  |               0  |                                              0  |
-------------------------------------------------------------------------------------------------------------------------


Ending Logic Optimization Task | Checksum: 16f2344dd

Time (s): cpu = 00:00:00.14 ; elapsed = 00:00:00.06 . Memory (MB): peak = 2708.703 ; gain = 24.012 ; free physical = 11561 ; free virtual = 31023
INFO: [Constraints 18-11670] Building netlist checker database with flags, 0x8
Done building netlist checker database: Time (s): cpu = 00:00:00 ; elapsed = 00:00:00 . Memory (MB): peak = 2708.703 ; gain = 0.000 ; free physical = 11561 ; free virtual = 31023

Starting Power Optimization Task
INFO: [Pwropt 34-132] Skipping clock gating for clocks with a period < 2.00 ns.
Ending Power Optimization Task | Checksum: 16f2344dd

Time (s): cpu = 00:00:00.02 ; elapsed = 00:00:00 . Memory (MB): peak = 2708.703 ; gain = 0.000 ; free physical = 11560 ; free virtual = 31023

Starting Final Cleanup Task
Ending Final Cleanup Task | Checksum: 16f2344dd

Time (s): cpu = 00:00:00.01 ; elapsed = 00:00:00 . Memory (MB): peak = 2708.703 ; gain = 0.000 ; free physical = 11560 ; free virtual = 31023

Starting Netlist Obfuscation Task
Netlist sorting complete. Time (s): cpu = 00:00:00 ; elapsed = 00:00:00 . Memory (MB): peak = 2708.703 ; gain = 0.000 ; free physical = 11560 ; free virtual = 31023
Ending Netlist Obfuscation Task | Checksum: 16f2344dd

Time (s): cpu = 00:00:00 ; elapsed = 00:00:00 . Memory (MB): peak = 2708.703 ; gain = 0.000 ; free physical = 11560 ; free virtual = 31022
INFO: [Common 17-83] Releasing license: Implementation
28 Infos, 0 Warnings, 0 Critical Warnings and 0 Errors encountered.
opt_design completed successfully
INFO: [runtcl-4] Executing : report_drc -file sync_farrow_parab_drc_opted.rpt -pb sync_farrow_parab_drc_opted.pb -rpx sync_farrow_parab_drc_opted.rpx
Command: report_drc -file sync_farrow_parab_drc_opted.rpt -pb sync_farrow_parab_drc_opted.pb -rpx sync_farrow_parab_drc_opted.rpx
INFO: [IP_Flow 19-234] Refreshing IP repositories
INFO: [IP_Flow 19-1704] No user IP repositories specified
INFO: [IP_Flow 19-2313] Loaded Vivado IP repository '/home/t-kudimov/viv/Vivado/2023.2/data/ip'.
INFO: [DRC 23-27] Running DRC with 8 threads
INFO: [Vivado_Tcl 2-168] The results of DRC are in file /home/t-kudimov/temp/matmodel/vkr_sync_hdl/vivado_prj/sync_farrow_parab.runs/impl_1/sync_farrow_parab_drc_opted.rpt.
report_drc completed successfully
INFO: [Timing 38-35] Done setting XDC timing constraints.
INFO: [Timing 38-480] Writing timing data to binary archive.
Write ShapeDB Complete: Time (s): cpu = 00:00:00.01 ; elapsed = 00:00:00.01 . Memory (MB): peak = 2772.734 ; gain = 0.000 ; free physical = 11587 ; free virtual = 31034
INFO: [Common 17-1381] The checkpoint '/home/t-kudimov/temp/matmodel/vkr_sync_hdl/vivado_prj/sync_farrow_parab.runs/impl_1/sync_farrow_parab_opt.dcp' has been generated.
Command: place_design
Attempting to get a license for feature 'Implementation' and/or device 'xc7z020'
INFO: [Common 17-349] Got license for feature 'Implementation' and/or device 'xc7z020'
INFO: [Common 17-83] Releasing license: Implementation
INFO: [DRC 23-27] Running DRC with 8 threads
INFO: [Vivado_Tcl 4-198] DRC finished with 0 Errors
INFO: [Vivado_Tcl 4-199] Please refer to the DRC report (report_drc) for more information.
Running DRC as a precondition to command place_design
INFO: [DRC 23-27] Running DRC with 8 threads
INFO: [Vivado_Tcl 4-198] DRC finished with 0 Errors
INFO: [Vivado_Tcl 4-199] Please refer to the DRC report (report_drc) for more information.
INFO: [Place 30-611] Multithreading enabled for place_design using a maximum of 8 CPUs

Starting Placer Task

Phase 1 Placer Initialization

Phase 1.1 Placer Initialization Netlist Sorting
Netlist sorting complete. Time (s): cpu = 00:00:00 ; elapsed = 00:00:00 . Memory (MB): peak = 2792.578 ; gain = 0.000 ; free physical = 11580 ; free virtual = 31030
Phase 1.1 Placer Initialization Netlist Sorting | Checksum: 7b194d68

Time (s): cpu = 00:00:00.01 ; elapsed = 00:00:00.01 . Memory (MB): peak = 2792.578 ; gain = 0.000 ; free physical = 11580 ; free virtual = 31030
Netlist sorting complete. Time (s): cpu = 00:00:00 ; elapsed = 00:00:00 . Memory (MB): peak = 2792.578 ; gain = 0.000 ; free physical = 11579 ; free virtual = 31030

Phase 1.2 IO Placement/ Clock Placement/ Build Placer Device
Phase 1.2 IO Placement/ Clock Placement/ Build Placer Device | Checksum: cb411250

Time (s): cpu = 00:00:00.31 ; elapsed = 00:00:00.08 . Memory (MB): peak = 2792.578 ; gain = 0.000 ; free physical = 11578 ; free virtual = 31028

Phase 1.3 Build Placer Netlist Model
Phase 1.3 Build Placer Netlist Model | Checksum: e85ff061

Time (s): cpu = 00:00:00.64 ; elapsed = 00:00:00.19 . Memory (MB): peak = 2799.605 ; gain = 7.027 ; free physical = 11577 ; free virtual = 31029

Phase 1.4 Constrain Clocks/Macros
Phase 1.4 Constrain Clocks/Macros | Checksum: e85ff061

Time (s): cpu = 00:00:00.65 ; elapsed = 00:00:00.19 . Memory (MB): peak = 2799.605 ; gain = 7.027 ; free physical = 11577 ; free virtual = 31029
Phase 1 Placer Initialization | Checksum: e85ff061

Time (s): cpu = 00:00:00.66 ; elapsed = 00:00:00.19 . Memory (MB): peak = 2799.605 ; gain = 7.027 ; free physical = 11577 ; free virtual = 31029

Phase 2 Global Placement

Phase 2.1 Floorplanning
Phase 2.1 Floorplanning | Checksum: 1866806b8

Time (s): cpu = 00:00:00.81 ; elapsed = 00:00:00.22 . Memory (MB): peak = 2799.605 ; gain = 7.027 ; free physical = 11566 ; free virtual = 31019

Phase 2.2 Update Timing before SLR Path Opt
Phase 2.2 Update Timing before SLR Path Opt | Checksum: 1695b56f6

Time (s): cpu = 00:00:00.89 ; elapsed = 00:00:00.24 . Memory (MB): peak = 2799.605 ; gain = 7.027 ; free physical = 11568 ; free virtual = 31021

Phase 2.3 Post-Processing in Floorplanning
Phase 2.3 Post-Processing in Floorplanning | Checksum: 1695b56f6

Time (s): cpu = 00:00:00.9 ; elapsed = 00:00:00.24 . Memory (MB): peak = 2799.605 ; gain = 7.027 ; free physical = 11569 ; free virtual = 31021

Phase 2.4 Global Placement Core

Phase 2.4.1 UpdateTiming Before Physical Synthesis
Phase 2.4.1 UpdateTiming Before Physical Synthesis | Checksum: 1aa4b2797

Time (s): cpu = 00:00:03 ; elapsed = 00:00:00.68 . Memory (MB): peak = 2807.609 ; gain = 15.031 ; free physical = 11502 ; free virtual = 30956

Phase 2.4.2 Physical Synthesis In Placer
INFO: [Physopt 32-1035] Found 0 LUTNM shape to break, 146 LUT instances to create LUTNM shape
INFO: [Physopt 32-1044] Break lutnm for timing: one critical 0, two critical 0, total 0, new lutff created 0
INFO: [Physopt 32-1138] End 1 Pass. Optimized 70 nets or LUTs. Breaked 0 LUT, combined 70 existing LUTs and moved 0 existing LUT
INFO: [Physopt 32-65] No nets found for high-fanout optimization.
INFO: [Physopt 32-232] Optimized 0 net. Created 0 new instance.
INFO: [Physopt 32-775] End 1 Pass. Optimized 0 net or cell. Created 0 new cell, deleted 0 existing cell and moved 0 existing cell
INFO: [Physopt 32-670] No setup violation found.  DSP Register Optimization was not performed.
INFO: [Physopt 32-670] No setup violation found.  Shift Register to Pipeline Optimization was not performed.
INFO: [Physopt 32-670] No setup violation found.  Shift Register Optimization was not performed.
INFO: [Physopt 32-670] No setup violation found.  BRAM Register Optimization was not performed.
INFO: [Physopt 32-670] No setup violation found.  URAM Register Optimization was not performed.
INFO: [Physopt 32-949] No candidate nets found for dynamic/static region interface net replication
INFO: [Physopt 32-775] End 1 Pass. Optimized 0 net or cell. Created 0 new cell, deleted 0 existing cell and moved 0 existing cell
Netlist sorting complete. Time (s): cpu = 00:00:00 ; elapsed = 00:00:00 . Memory (MB): peak = 2807.609 ; gain = 0.000 ; free physical = 11503 ; free virtual = 30965

Summary of Physical Synthesis Optimizations
============================================


-----------------------------------------------------------------------------------------------------------------------------------------------------------
|  Optimization                                     |  Added Cells  |  Removed Cells  |  Optimized Cells/Nets  |  Dont Touch  |  Iterations  |  Elapsed   |
-----------------------------------------------------------------------------------------------------------------------------------------------------------
|  LUT Combining                                    |            0  |             70  |                    70  |           0  |           1  |  00:00:00  |
|  Retime                                           |            0  |              0  |                     0  |           0  |           1  |  00:00:00  |
|  Very High Fanout                                 |            0  |              0  |                     0  |           0  |           1  |  00:00:00  |
|  DSP Register                                     |            0  |              0  |                     0  |           0  |           0  |  00:00:00  |
|  Shift Register to Pipeline                       |            0  |              0  |                     0  |           0  |           0  |  00:00:00  |
|  Shift Register                                   |            0  |              0  |                     0  |           0  |           0  |  00:00:00  |
|  BRAM Register                                    |            0  |              0  |                     0  |           0  |           0  |  00:00:00  |
|  URAM Register                                    |            0  |              0  |                     0  |           0  |           0  |  00:00:00  |
|  Dynamic/Static Region Interface Net Replication  |            0  |              0  |                     0  |           0  |           1  |  00:00:00  |
|  Total                                            |            0  |             70  |                    70  |           0  |           4  |  00:00:00  |
-----------------------------------------------------------------------------------------------------------------------------------------------------------


Phase 2.4.2 Physical Synthesis In Placer | Checksum: 169ac436a

Time (s): cpu = 00:00:03 ; elapsed = 00:00:00.93 . Memory (MB): peak = 2807.609 ; gain = 15.031 ; free physical = 11504 ; free virtual = 30966
Phase 2.4 Global Placement Core | Checksum: 14e8b0cc2

Time (s): cpu = 00:00:04 ; elapsed = 00:00:00.97 . Memory (MB): peak = 2807.609 ; gain = 15.031 ; free physical = 11504 ; free virtual = 30970
Phase 2 Global Placement | Checksum: 14e8b0cc2

Time (s): cpu = 00:00:04 ; elapsed = 00:00:00.97 . Memory (MB): peak = 2807.609 ; gain = 15.031 ; free physical = 11504 ; free virtual = 30970

Phase 3 Detail Placement

Phase 3.1 Commit Multi Column Macros
Phase 3.1 Commit Multi Column Macros | Checksum: 110b97983

Time (s): cpu = 00:00:04 ; elapsed = 00:00:00.99 . Memory (MB): peak = 2807.609 ; gain = 15.031 ; free physical = 11504 ; free virtual = 30970

Phase 3.2 Commit Most Macros & LUTRAMs
Phase 3.2 Commit Most Macros & LUTRAMs | Checksum: 12edcaf0e

Time (s): cpu = 00:00:04 ; elapsed = 00:00:01 . Memory (MB): peak = 2807.609 ; gain = 15.031 ; free physical = 11504 ; free virtual = 30970

Phase 3.3 Area Swap Optimization
Phase 3.3 Area Swap Optimization | Checksum: 1d9b4d22c

Time (s): cpu = 00:00:04 ; elapsed = 00:00:01 . Memory (MB): peak = 2807.609 ; gain = 15.031 ; free physical = 11504 ; free virtual = 30970

Phase 3.4 Pipeline Register Optimization
Phase 3.4 Pipeline Register Optimization | Checksum: 1e6272c9d

Time (s): cpu = 00:00:04 ; elapsed = 00:00:01 . Memory (MB): peak = 2807.609 ; gain = 15.031 ; free physical = 11504 ; free virtual = 30970

Phase 3.5 Small Shape Detail Placement
Phase 3.5 Small Shape Detail Placement | Checksum: 1768875db

Time (s): cpu = 00:00:05 ; elapsed = 00:00:01 . Memory (MB): peak = 2807.609 ; gain = 15.031 ; free physical = 11501 ; free virtual = 30967

Phase 3.6 Re-assign LUT pins
Phase 3.6 Re-assign LUT pins | Checksum: 12fcf5b7d

Time (s): cpu = 00:00:05 ; elapsed = 00:00:01 . Memory (MB): peak = 2807.609 ; gain = 15.031 ; free physical = 11501 ; free virtual = 30967

Phase 3.7 Pipeline Register Optimization
Phase 3.7 Pipeline Register Optimization | Checksum: 144413208

Time (s): cpu = 00:00:05 ; elapsed = 00:00:01 . Memory (MB): peak = 2807.609 ; gain = 15.031 ; free physical = 11501 ; free virtual = 30967
Phase 3 Detail Placement | Checksum: 144413208

Time (s): cpu = 00:00:05 ; elapsed = 00:00:01 . Memory (MB): peak = 2807.609 ; gain = 15.031 ; free physical = 11501 ; free virtual = 30967

Phase 4 Post Placement Optimization and Clean-Up

Phase 4.1 Post Commit Optimization
INFO: [Timing 38-35] Done setting XDC timing constraints.

Phase 4.1.1 Post Placement Optimization
Post Placement Optimization Initialization | Checksum: 1154c00a6

Phase 4.1.1.1 BUFG Insertion

Starting Physical Synthesis Task

Phase 1 Physical Synthesis Initialization
INFO: [Physopt 32-721] Multithreading enabled for phys_opt_design using a maximum of 8 CPUs
INFO: [Physopt 32-619] Estimated Timing Summary | WNS=-0.337 | TNS=-3.218 |
Phase 1 Physical Synthesis Initialization | Checksum: 1c82f99da

Time (s): cpu = 00:00:00.1 ; elapsed = 00:00:00.02 . Memory (MB): peak = 2807.609 ; gain = 0.000 ; free physical = 11500 ; free virtual = 30967
INFO: [Place 46-56] BUFG insertion identified 0 candidate nets. Inserted BUFG: 0, Replicated BUFG Driver: 0, Skipped due to Placement/Routing Conflicts: 0, Skipped due to Timing Degradation: 0, Skipped due to netlist editing failed: 0.
Ending Physical Synthesis Task | Checksum: 1c82f99da

Time (s): cpu = 00:00:00.1 ; elapsed = 00:00:00.02 . Memory (MB): peak = 2807.609 ; gain = 0.000 ; free physical = 11500 ; free virtual = 30967
Phase 4.1.1.1 BUFG Insertion | Checksum: 1154c00a6

Time (s): cpu = 00:00:05 ; elapsed = 00:00:01 . Memory (MB): peak = 2807.609 ; gain = 15.031 ; free physical = 11500 ; free virtual = 30967

Phase 4.1.1.2 Post Placement Timing Optimization
INFO: [Place 30-746] Post Placement Timing Summary WNS=0.449. For the most accurate timing information please run report_timing.
Phase 4.1.1.2 Post Placement Timing Optimization | Checksum: 1a5351a6a

Time (s): cpu = 00:00:09 ; elapsed = 00:00:05 . Memory (MB): peak = 2807.609 ; gain = 15.031 ; free physical = 11540 ; free virtual = 30989

Time (s): cpu = 00:00:09 ; elapsed = 00:00:05 . Memory (MB): peak = 2807.609 ; gain = 15.031 ; free physical = 11540 ; free virtual = 30989
Phase 4.1 Post Commit Optimization | Checksum: 1a5351a6a

Time (s): cpu = 00:00:09 ; elapsed = 00:00:05 . Memory (MB): peak = 2807.609 ; gain = 15.031 ; free physical = 11540 ; free virtual = 30989

Phase 4.2 Post Placement Cleanup
Phase 4.2 Post Placement Cleanup | Checksum: 1a5351a6a

Time (s): cpu = 00:00:09 ; elapsed = 00:00:05 . Memory (MB): peak = 2807.609 ; gain = 15.031 ; free physical = 11540 ; free virtual = 30989

Phase 4.3 Placer Reporting

Phase 4.3.1 Print Estimated Congestion
INFO: [Place 30-612] Post-Placement Estimated Congestion 
 ____________________________________________________
|           | Global Congestion | Short Congestion  |
| Direction | Region Size       | Region Size       |
|___________|___________________|___________________|
|      North|                1x1|                1x1|
|___________|___________________|___________________|
|      South|                1x1|                1x1|
|___________|___________________|___________________|
|       East|                1x1|                1x1|
|___________|___________________|___________________|
|       West|                1x1|                1x1|
|___________|___________________|___________________|

Phase 4.3.1 Print Estimated Congestion | Checksum: 1a5351a6a

Time (s): cpu = 00:00:09 ; elapsed = 00:00:05 . Memory (MB): peak = 2807.609 ; gain = 15.031 ; free physical = 11540 ; free virtual = 30989
Phase 4.3 Placer Reporting | Checksum: 1a5351a6a

Time (s): cpu = 00:00:09 ; elapsed = 00:00:05 . Memory (MB): peak = 2807.609 ; gain = 15.031 ; free physical = 11540 ; free virtual = 30989

Phase 4.4 Final Placement Cleanup
Netlist sorting complete. Time (s): cpu = 00:00:00 ; elapsed = 00:00:00 . Memory (MB): peak = 2807.609 ; gain = 0.000 ; free physical = 11540 ; free virtual = 30989

Time (s): cpu = 00:00:09 ; elapsed = 00:00:05 . Memory (MB): peak = 2807.609 ; gain = 15.031 ; free physical = 11540 ; free virtual = 30989
Phase 4 Post Placement Optimization and Clean-Up | Checksum: 1c2998ee1

Time (s): cpu = 00:00:09 ; elapsed = 00:00:05 . Memory (MB): peak = 2807.609 ; gain = 15.031 ; free physical = 11540 ; free virtual = 30989
Ending Placer Task | Checksum: 1455afa10

Time (s): cpu = 00:00:09 ; elapsed = 00:00:05 . Memory (MB): peak = 2807.609 ; gain = 15.031 ; free physical = 11540 ; free virtual = 30989
65 Infos, 0 Warnings, 0 Critical Warnings and 0 Errors encountered.
place_design completed successfully
place_design: Time (s): cpu = 00:00:09 ; elapsed = 00:00:05 . Memory (MB): peak = 2807.609 ; gain = 34.875 ; free physical = 11540 ; free virtual = 30989
INFO: [runtcl-4] Executing : report_io -file sync_farrow_parab_io_placed.rpt
report_io: Time (s): cpu = 00:00:00.05 ; elapsed = 00:00:00.07 . Memory (MB): peak = 2807.609 ; gain = 0.000 ; free physical = 11539 ; free virtual = 30988
INFO: [runtcl-4] Executing : report_utilization -file sync_farrow_parab_utilization_placed.rpt -pb sync_farrow_parab_utilization_placed.pb
INFO: [runtcl-4] Executing : report_control_sets -verbose -file sync_farrow_parab_control_sets_placed.rpt
report_control_sets: Time (s): cpu = 00:00:00 ; elapsed = 00:00:00.03 . Memory (MB): peak = 2807.609 ; gain = 0.000 ; free physical = 11543 ; free virtual = 30990
INFO: [Timing 38-480] Writing timing data to binary archive.
Write ShapeDB Complete: Time (s): cpu = 00:00:00.01 ; elapsed = 00:00:00.01 . Memory (MB): peak = 2807.609 ; gain = 0.000 ; free physical = 11564 ; free virtual = 31011
Wrote PlaceDB: Time (s): cpu = 00:00:00.06 ; elapsed = 00:00:00.02 . Memory (MB): peak = 2807.609 ; gain = 0.000 ; free physical = 11563 ; free virtual = 31011
Wrote PulsedLatchDB: Time (s): cpu = 00:00:00 ; elapsed = 00:00:00 . Memory (MB): peak = 2807.609 ; gain = 0.000 ; free physical = 11563 ; free virtual = 31011
Writing XDEF routing.
Writing XDEF routing logical nets.
Writing XDEF routing special nets.
Wrote RouteStorage: Time (s): cpu = 00:00:00.07 ; elapsed = 00:00:00.04 . Memory (MB): peak = 2807.609 ; gain = 0.000 ; free physical = 11557 ; free virtual = 31005
Wrote Netlist Cache: Time (s): cpu = 00:00:00 ; elapsed = 00:00:00 . Memory (MB): peak = 2807.609 ; gain = 0.000 ; free physical = 11557 ; free virtual = 31006
Wrote Device Cache: Time (s): cpu = 00:00:00 ; elapsed = 00:00:00 . Memory (MB): peak = 2807.609 ; gain = 0.000 ; free physical = 11557 ; free virtual = 31006
Write Physdb Complete: Time (s): cpu = 00:00:00.13 ; elapsed = 00:00:00.06 . Memory (MB): peak = 2807.609 ; gain = 0.000 ; free physical = 11557 ; free virtual = 31006
INFO: [Common 17-1381] The checkpoint '/home/t-kudimov/temp/matmodel/vkr_sync_hdl/vivado_prj/sync_farrow_parab.runs/impl_1/sync_farrow_parab_placed.dcp' has been generated.
Command: phys_opt_design
Attempting to get a license for feature 'Implementation' and/or device 'xc7z020'
INFO: [Common 17-349] Got license for feature 'Implementation' and/or device 'xc7z020'

Starting Initial Update Timing Task
WARNING: [Timing 38-242] The property HD.CLK_SRC of clock port "clk" is not set. In out-of-context mode, this prevents timing estimation for clock delay/skew
Resolution: Set the HD.CLK_SRC property of the out-of-context port to the location of the clock buffer instance in the top-level design

Time (s): cpu = 00:00:00.11 ; elapsed = 00:00:00.04 . Memory (MB): peak = 2807.609 ; gain = 0.000 ; free physical = 11554 ; free virtual = 31002
INFO: [Vivado_Tcl 4-383] Design worst setup slack (WNS) is greater than or equal to 0.000 ns. Skipping all physical synthesis optimizations.
INFO: [Vivado_Tcl 4-232] No setup violation found. The netlist was not modified.
INFO: [Common 17-83] Releasing license: Implementation
74 Infos, 1 Warnings, 0 Critical Warnings and 0 Errors encountered.
phys_opt_design completed successfully
INFO: [Timing 38-480] Writing timing data to binary archive.
Write ShapeDB Complete: Time (s): cpu = 00:00:00.01 ; elapsed = 00:00:00 . Memory (MB): peak = 2840.527 ; gain = 2.969 ; free physical = 11554 ; free virtual = 31002
Wrote PlaceDB: Time (s): cpu = 00:00:00.06 ; elapsed = 00:00:00.01 . Memory (MB): peak = 2843.496 ; gain = 5.938 ; free physical = 11554 ; free virtual = 31002
Wrote PulsedLatchDB: Time (s): cpu = 00:00:00 ; elapsed = 00:00:00 . Memory (MB): peak = 2843.496 ; gain = 0.000 ; free physical = 11553 ; free virtual = 31001
Writing XDEF routing.
Writing XDEF routing logical nets.
Writing XDEF routing special nets.
Wrote RouteStorage: Time (s): cpu = 00:00:00.03 ; elapsed = 00:00:00.02 . Memory (MB): peak = 2843.496 ; gain = 0.000 ; free physical = 11552 ; free virtual = 31000
Wrote Netlist Cache: Time (s): cpu = 00:00:00 ; elapsed = 00:00:00 . Memory (MB): peak = 2843.496 ; gain = 0.000 ; free physical = 11551 ; free virtual = 31000
Wrote Device Cache: Time (s): cpu = 00:00:00 ; elapsed = 00:00:00 . Memory (MB): peak = 2843.496 ; gain = 0.000 ; free physical = 11549 ; free virtual = 30999
Write Physdb Complete: Time (s): cpu = 00:00:00.1 ; elapsed = 00:00:00.03 . Memory (MB): peak = 2843.496 ; gain = 5.938 ; free physical = 11549 ; free virtual = 30999
INFO: [Common 17-1381] The checkpoint '/home/t-kudimov/temp/matmodel/vkr_sync_hdl/vivado_prj/sync_farrow_parab.runs/impl_1/sync_farrow_parab_physopt.dcp' has been generated.
Command: route_design
Attempting to get a license for feature 'Implementation' and/or device 'xc7z020'
INFO: [Common 17-349] Got license for feature 'Implementation' and/or device 'xc7z020'
Running DRC as a precondition to command route_design
INFO: [DRC 23-27] Running DRC with 8 threads
INFO: [Vivado_Tcl 4-198] DRC finished with 0 Errors
INFO: [Vivado_Tcl 4-199] Please refer to the DRC report (report_drc) for more information.


Starting Routing Task
INFO: [Route 35-254] Multithreading enabled for route_design using a maximum of 8 CPUs

Phase 1 Build RT Design
Checksum: PlaceDB: a4f671d3 ConstDB: 0 ShapeSum: a064883d RouteDB: 0
WARNING: [Route 35-197] Clock port "clk" does not have an associated HD.CLK_SRC. Without this constraint, timing analysis may not be accurate and upstream checks cannot be done to ensure correct clock placement.
WARNING: [Route 35-198] Port "reset" does not have an associated HD.PARTPIN_LOCS, which will prevent the partial routing of the signal "reset". Without this partial route, timing analysis to/from this port will not be accurate, and no routing information for this port can be exported.
WARNING: [Route 35-198] Port "in_valid" does not have an associated HD.PARTPIN_LOCS, which will prevent the partial routing of the signal "in_valid". Without this partial route, timing analysis to/from this port will not be accurate, and no routing information for this port can be exported.
WARNING: [Route 35-198] Port "in_q[15]" does not have an associated HD.PARTPIN_LOCS, which will prevent the partial routing of the signal "in_q[15]". Without this partial route, timing analysis to/from this port will not be accurate, and no routing information for this port can be exported.
WARNING: [Route 35-198] Port "in_q[14]" does not have an associated HD.PARTPIN_LOCS, which will prevent the partial routing of the signal "in_q[14]". Without this partial route, timing analysis to/from this port will not be accurate, and no routing information for this port can be exported.
WARNING: [Route 35-198] Port "in_i[15]" does not have an associated HD.PARTPIN_LOCS, which will prevent the partial routing of the signal "in_i[15]". Without this partial route, timing analysis to/from this port will not be accurate, and no routing information for this port can be exported.
WARNING: [Route 35-198] Port "in_q[12]" does not have an associated HD.PARTPIN_LOCS, which will prevent the partial routing of the signal "in_q[12]". Without this partial route, timing analysis to/from this port will not be accurate, and no routing information for this port can be exported.
WARNING: [Route 35-198] Port "in_q[13]" does not have an associated HD.PARTPIN_LOCS, which will prevent the partial routing of the signal "in_q[13]". Without this partial route, timing analysis to/from this port will not be accurate, and no routing information for this port can be exported.
WARNING: [Route 35-198] Port "in_q[9]" does not have an associated HD.PARTPIN_LOCS, which will prevent the partial routing of the signal "in_q[9]". Without this partial route, timing analysis to/from this port will not be accurate, and no routing information for this port can be exported.
WARNING: [Route 35-198] Port "in_q[11]" does not have an associated HD.PARTPIN_LOCS, which will prevent the partial routing of the signal "in_q[11]". Without this partial route, timing analysis to/from this port will not be accurate, and no routing information for this port can be exported.
WARNING: [Route 35-198] Port "in_q[10]" does not have an associated HD.PARTPIN_LOCS, which will prevent the partial routing of the signal "in_q[10]". Without this partial route, timing analysis to/from this port will not be accurate, and no routing information for this port can be exported.
WARNING: [Route 35-198] Port "in_i[14]" does not have an associated HD.PARTPIN_LOCS, which will prevent the partial routing of the signal "in_i[14]". Without this partial route, timing analysis to/from this port will not be accurate, and no routing information for this port can be exported.
WARNING: [Route 35-198] Port "in_i[13]" does not have an associated HD.PARTPIN_LOCS, which will prevent the partial routing of the signal "in_i[13]". Without this partial route, timing analysis to/from this port will not be accurate, and no routing information for this port can be exported.
WARNING: [Route 35-198] Port "in_i[12]" does not have an associated HD.PARTPIN_LOCS, which will prevent the partial routing of the signal "in_i[12]". Without this partial route, timing analysis to/from this port will not be accurate, and no routing information for this port can be exported.
WARNING: [Route 35-198] Port "in_q[8]" does not have an associated HD.PARTPIN_LOCS, which will prevent the partial routing of the signal "in_q[8]". Without this partial route, timing analysis to/from this port will not be accurate, and no routing information for this port can be exported.
WARNING: [Route 35-198] Port "in_i[11]" does not have an associated HD.PARTPIN_LOCS, which will prevent the partial routing of the signal "in_i[11]". Without this partial route, timing analysis to/from this port will not be accurate, and no routing information for this port can be exported.
WARNING: [Route 35-198] Port "in_i[10]" does not have an associated HD.PARTPIN_LOCS, which will prevent the partial routing of the signal "in_i[10]". Without this partial route, timing analysis to/from this port will not be accurate, and no routing information for this port can be exported.
WARNING: [Route 35-198] Port "in_q[4]" does not have an associated HD.PARTPIN_LOCS, which will prevent the partial routing of the signal "in_q[4]". Without this partial route, timing analysis to/from this port will not be accurate, and no routing information for this port can be exported.
WARNING: [Route 35-198] Port "in_q[5]" does not have an associated HD.PARTPIN_LOCS, which will prevent the partial routing of the signal "in_q[5]". Without this partial route, timing analysis to/from this port will not be accurate, and no routing information for this port can be exported.
WARNING: [Route 35-198] Port "in_q[6]" does not have an associated HD.PARTPIN_LOCS, which will prevent the partial routing of the signal "in_q[6]". Without this partial route, timing analysis to/from this port will not be accurate, and no routing information for this port can be exported.
WARNING: [Route 35-198] Port "in_q[7]" does not have an associated HD.PARTPIN_LOCS, which will prevent the partial routing of the signal "in_q[7]". Without this partial route, timing analysis to/from this port will not be accurate, and no routing information for this port can be exported.
WARNING: [Route 35-198] Port "in_i[9]" does not have an associated HD.PARTPIN_LOCS, which will prevent the partial routing of the signal "in_i[9]". Without this partial route, timing analysis to/from this port will not be accurate, and no routing information for this port can be exported.
WARNING: [Route 35-198] Port "in_i[8]" does not have an associated HD.PARTPIN_LOCS, which will prevent the partial routing of the signal "in_i[8]". Without this partial route, timing analysis to/from this port will not be accurate, and no routing information for this port can be exported.
WARNING: [Route 35-198] Port "mu_in[11]" does not have an associated HD.PARTPIN_LOCS, which will prevent the partial routing of the signal "mu_in[11]". Without this partial route, timing analysis to/from this port will not be accurate, and no routing information for this port can be exported.
WARNING: [Route 35-198] Port "mu_in[10]" does not have an associated HD.PARTPIN_LOCS, which will prevent the partial routing of the signal "mu_in[10]". Without this partial route, timing analysis to/from this port will not be accurate, and no routing information for this port can be exported.
WARNING: [Route 35-198] Port "mu_in[4]" does not have an associated HD.PARTPIN_LOCS, which will prevent the partial routing of the signal "mu_in[4]". Without this partial route, timing analysis to/from this port will not be accurate, and no routing information for this port can be exported.
WARNING: [Route 35-198] Port "in_q[1]" does not have an associated HD.PARTPIN_LOCS, which will prevent the partial routing of the signal "in_q[1]". Without this partial route, timing analysis to/from this port will not be accurate, and no routing information for this port can be exported.
WARNING: [Route 35-198] Port "in_q[2]" does not have an associated HD.PARTPIN_LOCS, which will prevent the partial routing of the signal "in_q[2]". Without this partial route, timing analysis to/from this port will not be accurate, and no routing information for this port can be exported.
WARNING: [Route 35-198] Port "in_q[3]" does not have an associated HD.PARTPIN_LOCS, which will prevent the partial routing of the signal "in_q[3]". Without this partial route, timing analysis to/from this port will not be accurate, and no routing information for this port can be exported.
WARNING: [Route 35-198] Port "in_q[0]" does not have an associated HD.PARTPIN_LOCS, which will prevent the partial routing of the signal "in_q[0]". Without this partial route, timing analysis to/from this port will not be accurate, and no routing information for this port can be exported.
WARNING: [Route 35-198] Port "in_i[4]" does not have an associated HD.PARTPIN_LOCS, which will prevent the partial routing of the signal "in_i[4]". Without this partial route, timing analysis to/from this port will not be accurate, and no routing information for this port can be exported.
WARNING: [Route 35-198] Port "in_i[5]" does not have an associated HD.PARTPIN_LOCS, which will prevent the partial routing of the signal "in_i[5]". Without this partial route, timing analysis to/from this port will not be accurate, and no routing information for this port can be exported.
WARNING: [Route 35-198] Port "in_i[6]" does not have an associated HD.PARTPIN_LOCS, which will prevent the partial routing of the signal "in_i[6]". Without this partial route, timing analysis to/from this port will not be accurate, and no routing information for this port can be exported.
WARNING: [Route 35-198] Port "in_i[7]" does not have an associated HD.PARTPIN_LOCS, which will prevent the partial routing of the signal "in_i[7]". Without this partial route, timing analysis to/from this port will not be accurate, and no routing information for this port can be exported.
WARNING: [Route 35-198] Port "mu_in[9]" does not have an associated HD.PARTPIN_LOCS, which will prevent the partial routing of the signal "mu_in[9]". Without this partial route, timing analysis to/from this port will not be accurate, and no routing information for this port can be exported.
WARNING: [Route 35-198] Port "mu_in[8]" does not have an associated HD.PARTPIN_LOCS, which will prevent the partial routing of the signal "mu_in[8]". Without this partial route, timing analysis to/from this port will not be accurate, and no routing information for this port can be exported.
WARNING: [Route 35-198] Port "mu_in[7]" does not have an associated HD.PARTPIN_LOCS, which will prevent the partial routing of the signal "mu_in[7]". Without this partial route, timing analysis to/from this port will not be accurate, and no routing information for this port can be exported.
WARNING: [Route 35-198] Port "mu_in[6]" does not have an associated HD.PARTPIN_LOCS, which will prevent the partial routing of the signal "mu_in[6]". Without this partial route, timing analysis to/from this port will not be accurate, and no routing information for this port can be exported.
WARNING: [Route 35-198] Port "mu_in[5]" does not have an associated HD.PARTPIN_LOCS, which will prevent the partial routing of the signal "mu_in[5]". Without this partial route, timing analysis to/from this port will not be accurate, and no routing information for this port can be exported.
WARNING: [Route 35-198] Port "in_i[1]" does not have an associated HD.PARTPIN_LOCS, which will prevent the partial routing of the signal "in_i[1]". Without this partial route, timing analysis to/from this port will not be accurate, and no routing information for this port can be exported.
WARNING: [Route 35-198] Port "in_i[2]" does not have an associated HD.PARTPIN_LOCS, which will prevent the partial routing of the signal "in_i[2]". Without this partial route, timing analysis to/from this port will not be accurate, and no routing information for this port can be exported.
WARNING: [Route 35-198] Port "in_i[3]" does not have an associated HD.PARTPIN_LOCS, which will prevent the partial routing of the signal "in_i[3]". Without this partial route, timing analysis to/from this port will not be accurate, and no routing information for this port can be exported.
WARNING: [Route 35-198] Port "in_i[0]" does not have an associated HD.PARTPIN_LOCS, which will prevent the partial routing of the signal "in_i[0]". Without this partial route, timing analysis to/from this port will not be accurate, and no routing information for this port can be exported.
WARNING: [Route 35-198] Port "mu_in[3]" does not have an associated HD.PARTPIN_LOCS, which will prevent the partial routing of the signal "mu_in[3]". Without this partial route, timing analysis to/from this port will not be accurate, and no routing information for this port can be exported.
WARNING: [Route 35-198] Port "mu_in[2]" does not have an associated HD.PARTPIN_LOCS, which will prevent the partial routing of the signal "mu_in[2]". Without this partial route, timing analysis to/from this port will not be accurate, and no routing information for this port can be exported.
WARNING: [Route 35-198] Port "mu_in[1]" does not have an associated HD.PARTPIN_LOCS, which will prevent the partial routing of the signal "mu_in[1]". Without this partial route, timing analysis to/from this port will not be accurate, and no routing information for this port can be exported.
WARNING: [Route 35-198] Port "mu_in[0]" does not have an associated HD.PARTPIN_LOCS, which will prevent the partial routing of the signal "mu_in[0]". Without this partial route, timing analysis to/from this port will not be accurate, and no routing information for this port can be exported.
WARNING: [Constraints 18-8777] Unable to split tiles. All required files are not available.
Post Restoration Checksum: NetGraph: 204e425a | NumContArr: 2f2d047d | Constraints: c2a8fa9d | Timing: c2a8fa9d
Phase 1 Build RT Design | Checksum: 1d4cd3c11

Time (s): cpu = 00:00:11 ; elapsed = 00:00:10 . Memory (MB): peak = 2976.051 ; gain = 72.758 ; free physical = 11426 ; free virtual = 30867

Phase 2 Router Initialization

Phase 2.1 Fix Topology Constraints
Phase 2.1 Fix Topology Constraints | Checksum: 1d4cd3c11

Time (s): cpu = 00:00:11 ; elapsed = 00:00:10 . Memory (MB): peak = 2976.051 ; gain = 72.758 ; free physical = 11426 ; free virtual = 30867

Phase 2.2 Pre Route Cleanup
Phase 2.2 Pre Route Cleanup | Checksum: 1d4cd3c11

Time (s): cpu = 00:00:11 ; elapsed = 00:00:10 . Memory (MB): peak = 2976.051 ; gain = 72.758 ; free physical = 11426 ; free virtual = 30868
 Number of Nodes with overlaps = 0

Phase 2.3 Update Timing
Phase 2.3 Update Timing | Checksum: 16fecff49

Time (s): cpu = 00:00:12 ; elapsed = 00:00:10 . Memory (MB): peak = 3005.066 ; gain = 101.773 ; free physical = 11382 ; free virtual = 30825
INFO: [Route 35-416] Intermediate Timing Summary | WNS=0.524  | TNS=0.000  | WHS=0.155  | THS=0.000  |


Router Utilization Summary
  Global Vertical Routing Utilization    = 0 %
  Global Horizontal Routing Utilization  = 0 %
  Routable Net Status*
  *Does not include unroutable nets such as driverless and loadless.
  Run report_route_status for detailed report.
  Number of Failed Nets               = 729
    (Failed Nets is the sum of unrouted and partially routed nets)
  Number of Unrouted Nets             = 729
  Number of Partially Routed Nets     = 0
  Number of Node Overlaps             = 0

Phase 2 Router Initialization | Checksum: 1c85d1a02

Time (s): cpu = 00:00:12 ; elapsed = 00:00:10 . Memory (MB): peak = 3006.637 ; gain = 103.344 ; free physical = 11382 ; free virtual = 30824

Phase 3 Initial Routing

Phase 3.1 Global Routing
Phase 3.1 Global Routing | Checksum: 1c85d1a02

Time (s): cpu = 00:00:12 ; elapsed = 00:00:10 . Memory (MB): peak = 3006.637 ; gain = 103.344 ; free physical = 11382 ; free virtual = 30824

Phase 3.2 Initial Net Routing
Phase 3.2 Initial Net Routing | Checksum: 2f4dbf4e6

Time (s): cpu = 00:00:12 ; elapsed = 00:00:10 . Memory (MB): peak = 3006.637 ; gain = 103.344 ; free physical = 11381 ; free virtual = 30824
Phase 3 Initial Routing | Checksum: 2f4dbf4e6

Time (s): cpu = 00:00:12 ; elapsed = 00:00:10 . Memory (MB): peak = 3006.637 ; gain = 103.344 ; free physical = 11381 ; free virtual = 30824

Phase 4 Rip-up And Reroute

Phase 4.1 Global Iteration 0
 Number of Nodes with overlaps = 98
 Number of Nodes with overlaps = 37
 Number of Nodes with overlaps = 28
 Number of Nodes with overlaps = 22
 Number of Nodes with overlaps = 17
 Number of Nodes with overlaps = 13
 Number of Nodes with overlaps = 10
 Number of Nodes with overlaps = 3
 Number of Nodes with overlaps = 2
 Number of Nodes with overlaps = 1
 Number of Nodes with overlaps = 0
INFO: [Route 35-416] Intermediate Timing Summary | WNS=0.316  | TNS=0.000  | WHS=N/A    | THS=N/A    |

Phase 4.1 Global Iteration 0 | Checksum: 1e228fe97

Time (s): cpu = 00:00:13 ; elapsed = 00:00:10 . Memory (MB): peak = 3006.637 ; gain = 103.344 ; free physical = 11382 ; free virtual = 30824
Phase 4 Rip-up And Reroute | Checksum: 1e228fe97

Time (s): cpu = 00:00:13 ; elapsed = 00:00:10 . Memory (MB): peak = 3006.637 ; gain = 103.344 ; free physical = 11382 ; free virtual = 30824

Phase 5 Delay and Skew Optimization

Phase 5.1 Delay CleanUp
Phase 5.1 Delay CleanUp | Checksum: 1e228fe97

Time (s): cpu = 00:00:13 ; elapsed = 00:00:10 . Memory (MB): peak = 3006.637 ; gain = 103.344 ; free physical = 11382 ; free virtual = 30824

Phase 5.2 Clock Skew Optimization
Phase 5.2 Clock Skew Optimization | Checksum: 1e228fe97

Time (s): cpu = 00:00:13 ; elapsed = 00:00:10 . Memory (MB): peak = 3006.637 ; gain = 103.344 ; free physical = 11382 ; free virtual = 30824
Phase 5 Delay and Skew Optimization | Checksum: 1e228fe97

Time (s): cpu = 00:00:13 ; elapsed = 00:00:10 . Memory (MB): peak = 3006.637 ; gain = 103.344 ; free physical = 11382 ; free virtual = 30824

Phase 6 Post Hold Fix

Phase 6.1 Hold Fix Iter

Phase 6.1.1 Update Timing
Phase 6.1.1 Update Timing | Checksum: 20b705fc0

Time (s): cpu = 00:00:13 ; elapsed = 00:00:10 . Memory (MB): peak = 3006.637 ; gain = 103.344 ; free physical = 11382 ; free virtual = 30824
INFO: [Route 35-416] Intermediate Timing Summary | WNS=0.316  | TNS=0.000  | WHS=-0.002 | THS=-0.002 |

Phase 6.1 Hold Fix Iter | Checksum: 21d1b976d

Time (s): cpu = 00:00:13 ; elapsed = 00:00:10 . Memory (MB): peak = 3006.637 ; gain = 103.344 ; free physical = 11382 ; free virtual = 30824

Phase 6.2 Non Free Resource Hold Fix Iter
Phase 6.2 Non Free Resource Hold Fix Iter | Checksum: 193b0df69

Time (s): cpu = 00:00:13 ; elapsed = 00:00:10 . Memory (MB): peak = 3006.637 ; gain = 103.344 ; free physical = 11382 ; free virtual = 30824
Phase 6 Post Hold Fix | Checksum: 193b0df69

Time (s): cpu = 00:00:13 ; elapsed = 00:00:10 . Memory (MB): peak = 3006.637 ; gain = 103.344 ; free physical = 11382 ; free virtual = 30824

Phase 7 Route finalize

Router Utilization Summary
  Global Vertical Routing Utilization    = 0.0890028 %
  Global Horizontal Routing Utilization  = 0.116379 %
  Routable Net Status*
  *Does not include unroutable nets such as driverless and loadless.
  Run report_route_status for detailed report.
  Number of Failed Nets               = 0
    (Failed Nets is the sum of unrouted and partially routed nets)
  Number of Unrouted Nets             = 0
  Number of Partially Routed Nets     = 0
  Number of Node Overlaps             = 0

Phase 7 Route finalize | Checksum: 193b0df69

Time (s): cpu = 00:00:13 ; elapsed = 00:00:10 . Memory (MB): peak = 3006.637 ; gain = 103.344 ; free physical = 11382 ; free virtual = 30824

Phase 8 Verifying routed nets

 Verification completed successfully
Phase 8 Verifying routed nets | Checksum: 193b0df69

Time (s): cpu = 00:00:13 ; elapsed = 00:00:10 . Memory (MB): peak = 3006.637 ; gain = 103.344 ; free physical = 11382 ; free virtual = 30824

Phase 9 Depositing Routes
Phase 9 Depositing Routes | Checksum: 1a7666277

Time (s): cpu = 00:00:13 ; elapsed = 00:00:10 . Memory (MB): peak = 3006.637 ; gain = 103.344 ; free physical = 11382 ; free virtual = 30824
WARNING: [Route 35-426] Router was unable to fix hold violation on unroutable pins. The router cannot add routing detours to improve hold time because the pins are part of one or more of the following unroutable types: partition pins, fixed routes and intra-site connections.
Resolution: Run report_timing_summary to analyze the hold violations.

Phase 10 Post Router Timing

Phase 10.1 Update Timing
Phase 10.1 Update Timing | Checksum: 1f76d550d

Time (s): cpu = 00:00:13 ; elapsed = 00:00:11 . Memory (MB): peak = 3006.637 ; gain = 103.344 ; free physical = 11382 ; free virtual = 30824
INFO: [Route 35-57] Estimated Timing Summary | WNS=0.316  | TNS=0.000  | WHS=-0.002 | THS=-0.002 |

WARNING: [Route 35-328] Router estimated timing not met.
Resolution: For a complete and accurate timing signoff, report_timing_summary must be run after route_design. Alternatively, route_design can be run with the -timing_summary option to enable a complete timing signoff at the end of route_design.
Phase 10 Post Router Timing | Checksum: 1f76d550d

Time (s): cpu = 00:00:13 ; elapsed = 00:00:11 . Memory (MB): peak = 3006.637 ; gain = 103.344 ; free physical = 11382 ; free virtual = 30824
INFO: [Route 35-16] Router Completed Successfully

Phase 11 Post-Route Event Processing
Phase 11 Post-Route Event Processing | Checksum: 16b885c69

Time (s): cpu = 00:00:13 ; elapsed = 00:00:11 . Memory (MB): peak = 3006.637 ; gain = 103.344 ; free physical = 11382 ; free virtual = 30824
Ending Routing Task | Checksum: 16b885c69

Time (s): cpu = 00:00:13 ; elapsed = 00:00:11 . Memory (MB): peak = 3006.637 ; gain = 103.344 ; free physical = 11382 ; free virtual = 30824

Routing Is Done.
INFO: [Common 17-83] Releasing license: Implementation
87 Infos, 51 Warnings, 0 Critical Warnings and 0 Errors encountered.
route_design completed successfully
route_design: Time (s): cpu = 00:00:14 ; elapsed = 00:00:11 . Memory (MB): peak = 3006.637 ; gain = 163.141 ; free physical = 11382 ; free virtual = 30824
INFO: [runtcl-4] Executing : report_drc -file sync_farrow_parab_drc_routed.rpt -pb sync_farrow_parab_drc_routed.pb -rpx sync_farrow_parab_drc_routed.rpx
Command: report_drc -file sync_farrow_parab_drc_routed.rpt -pb sync_farrow_parab_drc_routed.pb -rpx sync_farrow_parab_drc_routed.rpx
INFO: [IP_Flow 19-1839] IP Catalog is up to date.
INFO: [DRC 23-27] Running DRC with 8 threads
INFO: [Vivado_Tcl 2-168] The results of DRC are in file /home/t-kudimov/temp/matmodel/vkr_sync_hdl/vivado_prj/sync_farrow_parab.runs/impl_1/sync_farrow_parab_drc_routed.rpt.
report_drc completed successfully
INFO: [runtcl-4] Executing : report_methodology -file sync_farrow_parab_methodology_drc_routed.rpt -pb sync_farrow_parab_methodology_drc_routed.pb -rpx sync_farrow_parab_methodology_drc_routed.rpx
Command: report_methodology -file sync_farrow_parab_methodology_drc_routed.rpt -pb sync_farrow_parab_methodology_drc_routed.pb -rpx sync_farrow_parab_methodology_drc_routed.rpx
INFO: [Timing 38-35] Done setting XDC timing constraints.
WARNING: [Timing 38-242] The property HD.CLK_SRC of clock port "clk" is not set. In out-of-context mode, this prevents timing estimation for clock delay/skew
Resolution: Set the HD.CLK_SRC property of the out-of-context port to the location of the clock buffer instance in the top-level design
INFO: [DRC 23-133] Running Methodology with 8 threads
INFO: [Vivado_Tcl 2-1520] The results of Report Methodology are in file /home/t-kudimov/temp/matmodel/vkr_sync_hdl/vivado_prj/sync_farrow_parab.runs/impl_1/sync_farrow_parab_methodology_drc_routed.rpt.
report_methodology completed successfully
INFO: [runtcl-4] Executing : report_power -file sync_farrow_parab_power_routed.rpt -pb sync_farrow_parab_power_summary_routed.pb -rpx sync_farrow_parab_power_routed.rpx
Command: report_power -file sync_farrow_parab_power_routed.rpt -pb sync_farrow_parab_power_summary_routed.pb -rpx sync_farrow_parab_power_routed.rpx
INFO: [Timing 38-35] Done setting XDC timing constraints.
Running Vector-less Activity Propagation...

Finished Running Vector-less Activity Propagation
97 Infos, 52 Warnings, 0 Critical Warnings and 0 Errors encountered.
report_power completed successfully
INFO: [runtcl-4] Executing : report_route_status -file sync_farrow_parab_route_status.rpt -pb sync_farrow_parab_route_status.pb
INFO: [runtcl-4] Executing : report_timing_summary -max_paths 10 -report_unconstrained -file sync_farrow_parab_timing_summary_routed.rpt -pb sync_farrow_parab_timing_summary_routed.pb -rpx sync_farrow_parab_timing_summary_routed.rpx -warn_on_violation 
INFO: [Timing 38-91] UpdateTimingParams: Speed grade: -1, Delay Type: min_max.
INFO: [Timing 38-191] Multithreading enabled for timing update using a maximum of 8 CPUs
CRITICAL WARNING: [Timing 38-282] The design failed to meet the timing requirements. Please see the timing summary report for details on the timing violations.
INFO: [runtcl-4] Executing : report_incremental_reuse -file sync_farrow_parab_incremental_reuse_routed.rpt
INFO: [Vivado_Tcl 4-1062] Incremental flow is disabled. No incremental reuse Info to report.
INFO: [runtcl-4] Executing : report_clock_utilization -file sync_farrow_parab_clock_utilization_routed.rpt
INFO: [runtcl-4] Executing : report_bus_skew -warn_on_violation -file sync_farrow_parab_bus_skew_routed.rpt -pb sync_farrow_parab_bus_skew_routed.pb -rpx sync_farrow_parab_bus_skew_routed.rpx
INFO: [Timing 38-91] UpdateTimingParams: Speed grade: -1, Delay Type: min_max.
INFO: [Timing 38-191] Multithreading enabled for timing update using a maximum of 8 CPUs
INFO: [Timing 38-480] Writing timing data to binary archive.
Write ShapeDB Complete: Time (s): cpu = 00:00:00 ; elapsed = 00:00:00 . Memory (MB): peak = 3102.617 ; gain = 0.000 ; free physical = 11363 ; free virtual = 30812
Wrote PlaceDB: Time (s): cpu = 00:00:00.05 ; elapsed = 00:00:00.01 . Memory (MB): peak = 3102.617 ; gain = 0.000 ; free physical = 11363 ; free virtual = 30812
Wrote PulsedLatchDB: Time (s): cpu = 00:00:00 ; elapsed = 00:00:00 . Memory (MB): peak = 3102.617 ; gain = 0.000 ; free physical = 11363 ; free virtual = 30812
Writing XDEF routing.
Writing XDEF routing logical nets.
Writing XDEF routing special nets.
Wrote RouteStorage: Time (s): cpu = 00:00:00.04 ; elapsed = 00:00:00.02 . Memory (MB): peak = 3102.617 ; gain = 0.000 ; free physical = 11362 ; free virtual = 30811
Wrote Netlist Cache: Time (s): cpu = 00:00:00 ; elapsed = 00:00:00 . Memory (MB): peak = 3102.617 ; gain = 0.000 ; free physical = 11362 ; free virtual = 30811
Wrote Device Cache: Time (s): cpu = 00:00:00 ; elapsed = 00:00:00 . Memory (MB): peak = 3102.617 ; gain = 0.000 ; free physical = 11361 ; free virtual = 30811
Write Physdb Complete: Time (s): cpu = 00:00:00.1 ; elapsed = 00:00:00.03 . Memory (MB): peak = 3102.617 ; gain = 0.000 ; free physical = 11361 ; free virtual = 30811
INFO: [Common 17-1381] The checkpoint '/home/t-kudimov/temp/matmodel/vkr_sync_hdl/vivado_prj/sync_farrow_parab.runs/impl_1/sync_farrow_parab_routed.dcp' has been generated.
INFO: [Common 17-206] Exiting Vivado at Fri Apr 17 11:04:42 2026...
