Vivado Simulator v2023.2
Copyright 1986-2022 Xilinx, Inc. All Rights Reserved.
Copyright 2022-2023 Advanced Micro Devices, Inc. All Rights Reserved.
Running: /home/t-kudimov/viv/Vivado/2023.2/bin/unwrapped/lnx64.o/xelab --incr --debug typical --relax --mt 8 -L xil_defaultlib -L unisims_ver -L unimacro_ver -L secureip --snapshot tb_sync_top_behav xil_defaultlib.tb_sync_top xil_defaultlib.glbl -log elaborate.log 
Using 8 slave threads.
Starting static elaboration
Pass Through NonSizing Optimizer
Completed static elaboration
Starting simulation data flow analysis
Completed simulation data flow analysis
Time Resolution for simulation is 1ps
Compiling module xil_defaultlib.sync_agc_default
Compiling module xil_defaultlib.sync_farrow_parab_default
Compiling module xil_defaultlib.sync_mod1_nco_default
Compiling module xil_defaultlib.sync_ted_gardner_default
Compiling module xil_defaultlib.sync_loop_filter_pi_default
Compiling module xil_defaultlib.sync_top
Compiling module xil_defaultlib.tb_sync_top
Compiling module xil_defaultlib.glbl
Built simulation snapshot tb_sync_top_behav
