#-----------------------------------------------------------
# Vivado v2023.2 (64-bit)
# SW Build 4029153 on Fri Oct 13 20:13:54 MDT 2023
# IP Build 4028589 on Sat Oct 14 00:45:43 MDT 2023
# SharedData Build 4025554 on Tue Oct 10 17:18:54 MDT 2023
# Start of session at: Tue May 12 16:11:29 2026
# Process ID: 1088162
# Current directory: /home/t-kudimov/temp/matmodel/vkr_sync_hdl
# Command line: vivado -mode batch -source scripts/run_sim.tcl
# Log file: /home/t-kudimov/temp/matmodel/vkr_sync_hdl/vivado.log
# Journal file: /home/t-kudimov/temp/matmodel/vkr_sync_hdl/vivado.jou
# Running On: PC105355, OS: Linux, CPU Frequency: 4294.564 MHz, CPU Physical cores: 10, Host memory: 33423 MB
#-----------------------------------------------------------
source scripts/run_sim.tcl
# open_project ./vivado_prj/sync_farrow_parab.xpr
INFO: [filemgmt 56-3] Default IP Output Path : Could not find the directory '/home/t-kudimov/temp/matmodel/vkr_sync_hdl/vivado_prj/sync_farrow_parab.gen/sources_1'.
Scanning sources...
Finished scanning sources
# set sim_dir "./vivado_prj/sync_farrow_parab.sim/sim_1/behav/xsim"
# file mkdir $sim_dir
# foreach f {stim_i.hex stim_q.hex stim_mu.hex} {
#     if {[file exists ./sim/$f]} {
#         file copy -force ./sim/$f $sim_dir/$f
#     }
# }
# launch_simulation
Command: launch_simulation 
INFO: [Vivado 12-12493] Simulation top is 'tb_sync_farrow_parab'
INFO: [Vivado 12-5682] Launching behavioral simulation in '/home/t-kudimov/temp/matmodel/vkr_sync_hdl/vivado_prj/sync_farrow_parab.sim/sim_1/behav/xsim'
INFO: [SIM-utils-51] Simulation object is 'sim_1'
INFO: [SIM-utils-72] Using boost library from '/home/t-kudimov/viv/Vivado/2023.2/tps/boost_1_72_0'
INFO: [SIM-utils-54] Inspecting design source files for 'tb_sync_farrow_parab' in fileset 'sim_1'...
INFO: [USF-XSim-97] Finding global include files...
INFO: [USF-XSim-98] Fetching design files from 'sim_1'...
INFO: [USF-XSim-2] XSim::Compile design
INFO: [USF-XSim-61] Executing 'COMPILE and ANALYZE' step in '/home/t-kudimov/temp/matmodel/vkr_sync_hdl/vivado_prj/sync_farrow_parab.sim/sim_1/behav/xsim'
xvlog --incr --relax -prj tb_sync_farrow_parab_vlog.prj
INFO: [VRFC 10-2263] Analyzing Verilog file "/home/t-kudimov/temp/matmodel/vkr_sync_hdl/rtl/sync_farrow_parab.v" into library xil_defaultlib
INFO: [VRFC 10-311] analyzing module sync_farrow_parab
INFO: [VRFC 10-2263] Analyzing Verilog file "/home/t-kudimov/temp/matmodel/vkr_sync_hdl/sim/tb_sync_farrow_parab.v" into library xil_defaultlib
INFO: [VRFC 10-311] analyzing module tb_sync_farrow_parab
INFO: [VRFC 10-2263] Analyzing Verilog file "/home/t-kudimov/temp/matmodel/vkr_sync_hdl/vivado_prj/sync_farrow_parab.sim/sim_1/behav/xsim/glbl.v" into library xil_defaultlib
INFO: [VRFC 10-311] analyzing module glbl
Waiting for jobs to finish...
No pending jobs, compilation finished.
INFO: [USF-XSim-69] 'compile' step finished in '1' seconds
INFO: [USF-XSim-3] XSim::Elaborate design
INFO: [USF-XSim-61] Executing 'ELABORATE' step in '/home/t-kudimov/temp/matmodel/vkr_sync_hdl/vivado_prj/sync_farrow_parab.sim/sim_1/behav/xsim'
xelab --incr --debug typical --relax --mt 8 -L xil_defaultlib -L unisims_ver -L unimacro_ver -L secureip --snapshot tb_sync_farrow_parab_behav xil_defaultlib.tb_sync_farrow_parab xil_defaultlib.glbl -log elaborate.log
Vivado Simulator v2023.2
Copyright 1986-2022 Xilinx, Inc. All Rights Reserved.
Copyright 2022-2023 Advanced Micro Devices, Inc. All Rights Reserved.
Running: /home/t-kudimov/viv/Vivado/2023.2/bin/unwrapped/lnx64.o/xelab --incr --debug typical --relax --mt 8 -L xil_defaultlib -L unisims_ver -L unimacro_ver -L secureip --snapshot tb_sync_farrow_parab_behav xil_defaultlib.tb_sync_farrow_parab xil_defaultlib.glbl -log elaborate.log 
Using 8 slave threads.
Starting static elaboration
Pass Through NonSizing Optimizer
Completed static elaboration
Starting simulation data flow analysis
Completed simulation data flow analysis
Time Resolution for simulation is 1ps
Compiling module xil_defaultlib.sync_farrow_parab_default
Compiling module xil_defaultlib.tb_sync_farrow_parab
Compiling module xil_defaultlib.glbl
Built simulation snapshot tb_sync_farrow_parab_behav
INFO: [USF-XSim-69] 'elaborate' step finished in '1' seconds
INFO: [USF-XSim-4] XSim::Simulate design
INFO: [USF-XSim-61] Executing 'SIMULATE' step in '/home/t-kudimov/temp/matmodel/vkr_sync_hdl/vivado_prj/sync_farrow_parab.sim/sim_1/behav/xsim'
INFO: [USF-XSim-98] *** Running xsim
   with args "tb_sync_farrow_parab_behav -key {Behavioral:sim_1:Functional:tb_sync_farrow_parab} -tclbatch {tb_sync_farrow_parab.tcl} -log {simulate.log}"
INFO: [USF-XSim-8] Loading simulator feature
Time resolution is 1 ps
source tb_sync_farrow_parab.tcl
## current_wave_config
WARNING: [Wavedata 42-489] Can't add object "/tb_sync_farrow_parab/stim_i" to the wave window because it has 320000 bits, which exceeds the display limit of 65536 bits.  To change the display limit, use the command "set_property display_limit <new limit> [current_wave_config]".
WARNING: [Wavedata 42-489] Can't add object "/tb_sync_farrow_parab/stim_q" to the wave window because it has 320000 bits, which exceeds the display limit of 65536 bits.  To change the display limit, use the command "set_property display_limit <new limit> [current_wave_config]".
WARNING: [Wavedata 42-489] Can't add object "/tb_sync_farrow_parab/stim_mu" to the wave window because it has 240000 bits, which exceeds the display limit of 65536 bits.  To change the display limit, use the command "set_property display_limit <new limit> [current_wave_config]".
[tb_sync_farrow_parab] Loaded 200 stimulus samples
INFO: [USF-XSim-96] XSim completed. Design snapshot 'tb_sync_farrow_parab_behav' loaded.
INFO: [USF-XSim-97] XSim simulation ran for 1000ns
# run all
[tb_sync_farrow_parab] Done, output written to out_hdl.txt
$finish called at time : 3416 ns : File "/home/t-kudimov/temp/matmodel/vkr_sync_hdl/sim/tb_sync_farrow_parab.v" Line 126
# if {[file exists $sim_dir/out_hdl.txt]} {
#     file copy -force $sim_dir/out_hdl.txt ./sim/out_hdl.txt
#     puts "Output copied to ./sim/out_hdl.txt"
# }
Output copied to ./sim/out_hdl.txt
# close_sim
INFO: [Simtcl 6-16] Simulation closed
INFO: [Common 17-206] Exiting Vivado at Tue May 12 16:11:39 2026...
