#-----------------------------------------------------------
# Vivado v2023.2 (64-bit)
# SW Build 4029153 on Fri Oct 13 20:13:54 MDT 2023
# IP Build 4028589 on Sat Oct 14 00:45:43 MDT 2023
# SharedData Build 4025554 on Tue Oct 10 17:18:54 MDT 2023
# Start of session at: Thu Apr 16 17:23:11 2026
# Process ID: 9049
# Current directory: /home/t-kudimov/temp/matmodel/vkr_sync_hdl
# Command line: vivado -mode batch -source scripts/create_project.tcl
# Log file: /home/t-kudimov/temp/matmodel/vkr_sync_hdl/vivado.log
# Journal file: /home/t-kudimov/temp/matmodel/vkr_sync_hdl/vivado.jou
# Running On: PC105355, OS: Linux, CPU Frequency: 4390.792 MHz, CPU Physical cores: 10, Host memory: 33423 MB
#-----------------------------------------------------------
source scripts/create_project.tcl
# set proj_name "sync_farrow_parab"
# set proj_dir  "./vivado_prj"
# set part      "xc7z020clg484-1"
# if {[file exists $proj_dir]} {
#     file delete -force $proj_dir
# }
# create_project $proj_name $proj_dir -part $part -force
# add_files -norecurse [glob ./rtl/*.v]
# set_property file_type SystemVerilog [get_files ./rtl/sync_farrow_parab.v]
# add_files -fileset sim_1 -norecurse ./sim/tb_sync_farrow_parab.v
# file copy -force ./sim/stim_i.hex  $proj_dir/sync_farrow_parab.sim/sim_1/behav/xsim/
error copying "./sim/stim_i.hex": no such file or directory
    while executing
"file copy -force ./sim/stim_i.hex  $proj_dir/sync_farrow_parab.sim/sim_1/behav/xsim/"
    (file "scripts/create_project.tcl" line 22)
INFO: [Common 17-206] Exiting Vivado at Thu Apr 16 17:23:16 2026...
