#-----------------------------------------------------------
# Vivado v2023.2 (64-bit)
# SW Build 4029153 on Fri Oct 13 20:13:54 MDT 2023
# IP Build 4028589 on Sat Oct 14 00:45:43 MDT 2023
# SharedData Build 4025554 on Tue Oct 10 17:18:54 MDT 2023
# Start of session at: Tue May 12 16:07:07 2026
# Process ID: 1087294
# Current directory: /home/t-kudimov/temp/matmodel/vkr_sync_hdl
# Command line: vivado -mode batch -source scripts/create_project_nco.tcl
# Log file: /home/t-kudimov/temp/matmodel/vkr_sync_hdl/vivado.log
# Journal file: /home/t-kudimov/temp/matmodel/vkr_sync_hdl/vivado.jou
# Running On: PC105355, OS: Linux, CPU Frequency: 3668.801 MHz, CPU Physical cores: 10, Host memory: 33423 MB
#-----------------------------------------------------------
source scripts/create_project_nco.tcl
# set proj_name "sync_mod1_nco_test"
# set proj_dir  "./vivado_prj_nco"
# set part      "xc7z020clg484-1"
# if {[file exists $proj_dir]} {
#     file delete -force $proj_dir
# }
# create_project $proj_name $proj_dir -part $part -force
# add_files -norecurse ./rtl/sync_mod1_nco.v
# add_files -fileset sim_1 -norecurse ./sim/tb_sync_mod1_nco.v
# set_property top sync_mod1_nco [current_fileset]
# set_property top tb_sync_mod1_nco [get_filesets sim_1]
# set_property -name {STEPS.SYNTH_DESIGN.ARGS.MORE OPTIONS} \
#     -value {-mode out_of_context} -objects [get_runs synth_1]
# puts "============================================================"
============================================================
# puts "Project sync_mod1_nco_test created at $proj_dir"
Project sync_mod1_nco_test created at ./vivado_prj_nco
# puts "Next: vivado -mode batch -source scripts/run_sim_nco.tcl"
Next: vivado -mode batch -source scripts/run_sim_nco.tcl
# puts "============================================================"
============================================================
INFO: [Common 17-206] Exiting Vivado at Tue May 12 16:07:13 2026...
