#-----------------------------------------------------------
# Vivado v2023.2 (64-bit)
# SW Build 4029153 on Fri Oct 13 20:13:54 MDT 2023
# IP Build 4028589 on Sat Oct 14 00:45:43 MDT 2023
# SharedData Build 4025554 on Tue Oct 10 17:18:54 MDT 2023
# Start of session at: Tue May 12 16:09:12 2026
# Process ID: 1087559
# Current directory: /home/t-kudimov/temp/matmodel/vkr_sync_hdl
# Command line: vivado -mode batch -source scripts/run_sim_nco.tcl
# Log file: /home/t-kudimov/temp/matmodel/vkr_sync_hdl/vivado.log
# Journal file: /home/t-kudimov/temp/matmodel/vkr_sync_hdl/vivado.jou
# Running On: PC105355, OS: Linux, CPU Frequency: 4500.000 MHz, CPU Physical cores: 10, Host memory: 33423 MB
#-----------------------------------------------------------
source scripts/run_sim_nco.tcl
# open_project ./vivado_prj_nco/sync_mod1_nco_test.xpr
INFO: [filemgmt 56-3] Default IP Output Path : Could not find the directory '/home/t-kudimov/temp/matmodel/vkr_sync_hdl/vivado_prj_nco/sync_mod1_nco_test.gen/sources_1'.
Scanning sources...
Finished scanning sources
# set sim_dir "./vivado_prj_nco/sync_mod1_nco_test.sim/sim_1/behav/xsim"
# file mkdir $sim_dir
# launch_simulation
Command: launch_simulation 
INFO: [Vivado 12-12493] Simulation top is 'tb_sync_mod1_nco'
INFO: [Vivado 12-5682] Launching behavioral simulation in '/home/t-kudimov/temp/matmodel/vkr_sync_hdl/vivado_prj_nco/sync_mod1_nco_test.sim/sim_1/behav/xsim'
INFO: [SIM-utils-51] Simulation object is 'sim_1'
INFO: [SIM-utils-72] Using boost library from '/home/t-kudimov/viv/Vivado/2023.2/tps/boost_1_72_0'
INFO: [SIM-utils-54] Inspecting design source files for 'tb_sync_mod1_nco' in fileset 'sim_1'...
INFO: [USF-XSim-97] Finding global include files...
INFO: [USF-XSim-98] Fetching design files from 'sim_1'...
INFO: [USF-XSim-2] XSim::Compile design
INFO: [USF-XSim-61] Executing 'COMPILE and ANALYZE' step in '/home/t-kudimov/temp/matmodel/vkr_sync_hdl/vivado_prj_nco/sync_mod1_nco_test.sim/sim_1/behav/xsim'
xvlog --incr --relax -prj tb_sync_mod1_nco_vlog.prj
INFO: [VRFC 10-2263] Analyzing Verilog file "/home/t-kudimov/temp/matmodel/vkr_sync_hdl/rtl/sync_mod1_nco.v" into library xil_defaultlib
INFO: [VRFC 10-311] analyzing module sync_mod1_nco
INFO: [VRFC 10-2263] Analyzing Verilog file "/home/t-kudimov/temp/matmodel/vkr_sync_hdl/sim/tb_sync_mod1_nco.v" into library xil_defaultlib
INFO: [VRFC 10-311] analyzing module tb_sync_mod1_nco
INFO: [VRFC 10-2263] Analyzing Verilog file "/home/t-kudimov/temp/matmodel/vkr_sync_hdl/vivado_prj_nco/sync_mod1_nco_test.sim/sim_1/behav/xsim/glbl.v" into library xil_defaultlib
INFO: [VRFC 10-311] analyzing module glbl
Waiting for jobs to finish...
No pending jobs, compilation finished.
INFO: [USF-XSim-69] 'compile' step finished in '1' seconds
INFO: [USF-XSim-3] XSim::Elaborate design
INFO: [USF-XSim-61] Executing 'ELABORATE' step in '/home/t-kudimov/temp/matmodel/vkr_sync_hdl/vivado_prj_nco/sync_mod1_nco_test.sim/sim_1/behav/xsim'
xelab --incr --debug typical --relax --mt 8 -L xil_defaultlib -L unisims_ver -L unimacro_ver -L secureip --snapshot tb_sync_mod1_nco_behav xil_defaultlib.tb_sync_mod1_nco xil_defaultlib.glbl -log elaborate.log
Vivado Simulator v2023.2
Copyright 1986-2022 Xilinx, Inc. All Rights Reserved.
Copyright 2022-2023 Advanced Micro Devices, Inc. All Rights Reserved.
Running: /home/t-kudimov/viv/Vivado/2023.2/bin/unwrapped/lnx64.o/xelab --incr --debug typical --relax --mt 8 -L xil_defaultlib -L unisims_ver -L unimacro_ver -L secureip --snapshot tb_sync_mod1_nco_behav xil_defaultlib.tb_sync_mod1_nco xil_defaultlib.glbl -log elaborate.log 
Using 8 slave threads.
Starting static elaboration
Pass Through NonSizing Optimizer
Completed static elaboration
Starting simulation data flow analysis
Completed simulation data flow analysis
Time Resolution for simulation is 1ps
Compiling module xil_defaultlib.sync_mod1_nco_default
Compiling module xil_defaultlib.tb_sync_mod1_nco
Compiling module xil_defaultlib.glbl
Built simulation snapshot tb_sync_mod1_nco_behav
INFO: [USF-XSim-69] 'elaborate' step finished in '1' seconds
INFO: [USF-XSim-4] XSim::Simulate design
INFO: [USF-XSim-61] Executing 'SIMULATE' step in '/home/t-kudimov/temp/matmodel/vkr_sync_hdl/vivado_prj_nco/sync_mod1_nco_test.sim/sim_1/behav/xsim'
INFO: [USF-XSim-98] *** Running xsim
   with args "tb_sync_mod1_nco_behav -key {Behavioral:sim_1:Functional:tb_sync_mod1_nco} -tclbatch {tb_sync_mod1_nco.tcl} -log {simulate.log}"
INFO: [USF-XSim-8] Loading simulator feature
Time resolution is 1 ps
source tb_sync_mod1_nco.tcl
## current_wave_config
[Test 1] W = 0.5 (0x8000), expect strobe every 2 clocks
INFO: [USF-XSim-96] XSim completed. Design snapshot 'tb_sync_mod1_nco_behav' loaded.
INFO: [USF-XSim-97] XSim simulation ran for 1000ns
# run all
[Test 1] Strobes: 50 in 100 clocks (expected ~50)
[Test 2] W = 0.4 (0x6666), expect strobe every ~2.5 clocks
[Test 2] Strobes: 40 in 100 clocks (expected ~40)
[Test 3] W = 0.6 (0x999A), expect strobe every ~1.67 clocks
[Test 3] Strobes: 60 in 100 clocks (expected ~60)
[tb_sync_mod1_nco] Done
$finish called at time : 5024 ns : File "/home/t-kudimov/temp/matmodel/vkr_sync_hdl/sim/tb_sync_mod1_nco.v" Line 114
# if {[file exists $sim_dir/nco_out.txt]} {
#     file copy -force $sim_dir/nco_out.txt ./sim/nco_out.txt
#     puts "============================================================"
#     puts "Simulation finished. Output: ./sim/nco_out.txt"
#     puts "Expected:"
#     puts "  Test 1 (W=0x8000 = 0.5):  ~50 strobes in 100 clocks"
#     puts "  Test 2 (W=0x6666 = 0.4):  ~40 strobes in 100 clocks"
#     puts "  Test 3 (W=0x999A = 0.6):  ~60 strobes in 100 clocks"
#     puts "============================================================"
# } else {
#     puts "ERROR: nco_out.txt not found at $sim_dir/"
# }
============================================================
Simulation finished. Output: ./sim/nco_out.txt
Expected:
  Test 1 (W=0x8000 = 0.5):  ~50 strobes in 100 clocks
  Test 2 (W=0x6666 = 0.4):  ~40 strobes in 100 clocks
  Test 3 (W=0x999A = 0.6):  ~60 strobes in 100 clocks
============================================================
# close_sim
INFO: [Simtcl 6-16] Simulation closed
INFO: [Common 17-206] Exiting Vivado at Tue May 12 16:09:22 2026...
