Copyright 1986-2022 Xilinx, Inc. All Rights Reserved. Copyright 2022-2023 Advanced Micro Devices, Inc. All Rights Reserved.
---------------------------------------------------------------------------------------------------------------------------------------------
| Tool Version : Vivado v.2023.2 (lin64) Build 4029153 Fri Oct 13 20:13:54 MDT 2023
| Date         : Tue May 19 21:03:32 2026
| Host         : PC105355 running 64-bit Ubuntu 24.04.4 LTS
| Command      : report_timing_summary -file syn/reports/sync_farrow_parab_100mhz_timing.rpt
| Design       : sync_farrow_parab
| Device       : 7z020-clg484
| Speed File   : -1  PRODUCTION 1.12 2019-11-22
| Design State : Routed
---------------------------------------------------------------------------------------------------------------------------------------------

Timing Summary Report

------------------------------------------------------------------------------------------------
| Timer Settings
| --------------
------------------------------------------------------------------------------------------------

  Enable Multi Corner Analysis               :  Yes
  Enable Pessimism Removal                   :  Yes
  Pessimism Removal Resolution               :  Nearest Common Node
  Enable Input Delay Default Clock           :  No
  Enable Preset / Clear Arcs                 :  No
  Disable Flight Delays                      :  No
  Ignore I/O Paths                           :  No
  Timing Early Launch at Borrowing Latches   :  No
  Borrow Time for Max Delay Exceptions       :  Yes
  Merge Timing Exceptions                    :  Yes
  Inter-SLR Compensation                     :  Conservative

  Corner  Analyze    Analyze    
  Name    Max Paths  Min Paths  
  ------  ---------  ---------  
  Slow    Yes        Yes        
  Fast    Yes        Yes        


------------------------------------------------------------------------------------------------
| Report Methodology
| ------------------
------------------------------------------------------------------------------------------------

No report available as report_methodology has not been run prior. Run report_methodology on the current design for the summary of methodology violations.



check_timing report

Table of Contents
-----------------
1. checking no_clock (0)
2. checking constant_clock (0)
3. checking pulse_width_clock (0)
4. checking unconstrained_internal_endpoints (0)
5. checking no_input_delay (0)
6. checking no_output_delay (0)
7. checking multiple_clock (0)
8. checking generated_clocks (0)
9. checking loops (0)
10. checking partial_input_delay (0)
11. checking partial_output_delay (0)
12. checking latch_loops (0)

1. checking no_clock (0)
------------------------
 There are 0 register/latch pins with no clock.


2. checking constant_clock (0)
------------------------------
 There are 0 register/latch pins with constant_clock.


3. checking pulse_width_clock (0)
---------------------------------
 There are 0 register/latch pins which need pulse_width check


4. checking unconstrained_internal_endpoints (0)
------------------------------------------------
 There are 0 pins that are not constrained for maximum delay.

 There are 0 pins that are not constrained for maximum delay due to constant clock.


5. checking no_input_delay (0)
------------------------------
 There are 0 input ports with no input delay specified.

 There are 0 input ports with no input delay but user has a false path constraint.


6. checking no_output_delay (0)
-------------------------------
 There are 0 ports with no output delay specified.

 There are 0 ports with no output delay but user has a false path constraint

 There are 0 ports with no output delay but with a timing clock defined on it or propagating through it


7. checking multiple_clock (0)
------------------------------
 There are 0 register/latch pins with multiple clocks.


8. checking generated_clocks (0)
--------------------------------
 There are 0 generated clocks that are not connected to a clock source.


9. checking loops (0)
---------------------
 There are 0 combinational loops in the design.


10. checking partial_input_delay (0)
------------------------------------
 There are 0 input ports with partial input delay specified.


11. checking partial_output_delay (0)
-------------------------------------
 There are 0 ports with partial output delay specified.


12. checking latch_loops (0)
----------------------------
 There are 0 combinational latch loops in the design through latch input



------------------------------------------------------------------------------------------------
| Design Timing Summary
| ---------------------
------------------------------------------------------------------------------------------------

    WNS(ns)      TNS(ns)  TNS Failing Endpoints  TNS Total Endpoints      WHS(ns)      THS(ns)  THS Failing Endpoints  THS Total Endpoints     WPWS(ns)     TPWS(ns)  TPWS Failing Endpoints  TPWS Total Endpoints  
    -------      -------  ---------------------  -------------------      -------      -------  ---------------------  -------------------     --------     --------  ----------------------  --------------------  
     -1.519      -41.291                     32                  669       -0.502      -29.407                    255                  669        4.500        0.000                       0                   320  


Timing constraints are not met.


------------------------------------------------------------------------------------------------
| Clock Summary
| -------------
------------------------------------------------------------------------------------------------

Clock  Waveform(ns)       Period(ns)      Frequency(MHz)
-----  ------------       ----------      --------------
clk    {0.000 5.000}      10.000          100.000         


------------------------------------------------------------------------------------------------
| Intra Clock Table
| -----------------
------------------------------------------------------------------------------------------------

Clock             WNS(ns)      TNS(ns)  TNS Failing Endpoints  TNS Total Endpoints      WHS(ns)      THS(ns)  THS Failing Endpoints  THS Total Endpoints     WPWS(ns)     TPWS(ns)  TPWS Failing Endpoints  TPWS Total Endpoints  
-----             -------      -------  ---------------------  -------------------      -------      -------  ---------------------  -------------------     --------     --------  ----------------------  --------------------  
clk                -1.519      -41.291                     32                  669       -0.502      -29.407                    255                  669        4.500        0.000                       0                   320  


------------------------------------------------------------------------------------------------
| Inter Clock Table
| -----------------
------------------------------------------------------------------------------------------------

From Clock    To Clock          WNS(ns)      TNS(ns)  TNS Failing Endpoints  TNS Total Endpoints      WHS(ns)      THS(ns)  THS Failing Endpoints  THS Total Endpoints  
----------    --------          -------      -------  ---------------------  -------------------      -------      -------  ---------------------  -------------------  


------------------------------------------------------------------------------------------------
| Other Path Groups Table
| -----------------------
------------------------------------------------------------------------------------------------

Path Group    From Clock    To Clock          WNS(ns)      TNS(ns)  TNS Failing Endpoints  TNS Total Endpoints      WHS(ns)      THS(ns)  THS Failing Endpoints  THS Total Endpoints  
----------    ----------    --------          -------      -------  ---------------------  -------------------      -------      -------  ---------------------  -------------------  


------------------------------------------------------------------------------------------------
| Timing Details
| --------------
------------------------------------------------------------------------------------------------


---------------------------------------------------------------------------------------------------
From Clock:  clk
  To Clock:  clk

Setup :           32  Failing Endpoints,  Worst Slack       -1.519ns,  Total Violation      -41.291ns
Hold  :          255  Failing Endpoints,  Worst Slack       -0.502ns,  Total Violation      -29.407ns
PW    :            0  Failing Endpoints,  Worst Slack        4.500ns,  Total Violation        0.000ns
---------------------------------------------------------------------------------------------------


Max Delay Paths
--------------------------------------------------------------------------------------
Slack (VIOLATED) :        -1.519ns  (required time - arrival time)
  Source:                 t_mul_mu_i_i_18/C
                            (rising edge-triggered cell FDCE clocked by clk  {rise@0.000ns fall@5.000ns period=10.000ns})
  Destination:            xi_s3_i_reg[14]/D
                            (rising edge-triggered cell FDCE clocked by clk  {rise@0.000ns fall@5.000ns period=10.000ns})
  Path Group:             clk
  Path Type:              Setup (Max at Slow Process Corner)
  Requirement:            10.000ns  (clk rise@10.000ns - clk rise@0.000ns)
  Data Path Delay:        11.464ns  (logic 7.848ns (68.459%)  route 3.616ns (31.541%))
  Logic Levels:           10  (CARRY4=5 DSP48E1=2 LUT2=1 LUT4=1 LUT6=1)
  Clock Path Skew:        -0.049ns (DCD - SCD + CPR)
    Destination Clock Delay (DCD):    0.924ns = ( 10.924 - 10.000 ) 
    Source Clock Delay      (SCD):    0.973ns
    Clock Pessimism Removal (CPR):    0.000ns
  Clock Uncertainty:      0.035ns  ((TSJ^2 + TIJ^2)^1/2 + DJ) / 2 + PE
    Total System Jitter     (TSJ):    0.071ns
    Total Input Jitter      (TIJ):    0.000ns
    Discrete Jitter          (DJ):    0.000ns
    Phase Error              (PE):    0.000ns

    Location             Delay type                Incr(ns)  Path(ns)    Netlist Resource(s)
  -------------------------------------------------------------------    -------------------
                         (clock clk rise edge)        0.000     0.000 r  
                                                      0.000     0.000 r  clk (IN)
                         net (fo=321, unset)          0.973     0.973    clk
    SLICE_X36Y57         FDCE                                         r  t_mul_mu_i_i_18/C
  -------------------------------------------------------------------    -------------------
    SLICE_X36Y57         FDCE (Prop_fdce_C_Q)         0.518     1.491 r  t_mul_mu_i_i_18/Q
                         net (fo=64, routed)          0.853     2.344    t_mul_mu_i_i_18_n_0
    SLICE_X35Y62         LUT2 (Prop_lut2_I1_O)        0.124     2.468 r  t_mul_mu_i_i_3/O
                         net (fo=1, routed)           0.393     2.861    t_s2_i[14]
    DSP48_X2Y24          DSP48E1 (Prop_dsp48e1_A[14]_PCOUT[47])
                                                      4.036     6.897 r  t_mul_mu_i/PCOUT[47]
                         net (fo=1, routed)           0.002     6.899    t_mul_mu_i_n_106
    DSP48_X2Y25          DSP48E1 (Prop_dsp48e1_PCIN[47]_P[5])
                                                      1.518     8.417 r  t_mul_mu_i__0/P[5]
                         net (fo=1, routed)           0.792     9.209    t_mul_mu_i__1[22]
    SLICE_X34Y61         CARRY4 (Prop_carry4_S[0]_CO[3])
                                                      0.637     9.846 r  xi_s3_i_reg[1]_i_2/CO[3]
                         net (fo=1, routed)           0.000     9.846    xi_s3_i_reg[1]_i_2_n_0
    SLICE_X34Y62         CARRY4 (Prop_carry4_CI_CO[3])
                                                      0.117     9.963 r  xi_s3_i_reg[5]_i_2/CO[3]
                         net (fo=1, routed)           0.000     9.963    xi_s3_i_reg[5]_i_2_n_0
    SLICE_X34Y63         CARRY4 (Prop_carry4_CI_CO[3])
                                                      0.117    10.080 r  xi_s3_i_reg[9]_i_2/CO[3]
                         net (fo=1, routed)           0.000    10.080    xi_s3_i_reg[9]_i_2_n_0
    SLICE_X34Y64         CARRY4 (Prop_carry4_CI_CO[3])
                                                      0.117    10.197 r  xi_s3_i_reg[13]_i_2/CO[3]
                         net (fo=1, routed)           0.000    10.197    xi_s3_i_reg[13]_i_2_n_0
    SLICE_X34Y65         CARRY4 (Prop_carry4_CI_O[2])
                                                      0.239    10.436 r  xi_s3_i_reg[14]_i_2/O[2]
                         net (fo=2, routed)           0.979    11.414    p_0_in[1]
    SLICE_X32Y65         LUT6 (Prop_lut6_I3_O)        0.301    11.715 r  xi_s3_i[14]_i_3/O
                         net (fo=15, routed)          0.597    12.313    xi_s3_i[14]_i_3_n_0
    SLICE_X33Y66         LUT4 (Prop_lut4_I1_O)        0.124    12.437 r  xi_s3_i[14]_i_1/O
                         net (fo=1, routed)           0.000    12.437    xi_s3_i[14]
    SLICE_X33Y66         FDCE                                         r  xi_s3_i_reg[14]/D
  -------------------------------------------------------------------    -------------------

                         (clock clk rise edge)       10.000    10.000 r  
                                                      0.000    10.000 r  clk (IN)
                         net (fo=321, unset)          0.924    10.924    clk
    SLICE_X33Y66         FDCE                                         r  xi_s3_i_reg[14]/C
                         clock pessimism              0.000    10.924    
                         clock uncertainty           -0.035    10.889    
    SLICE_X33Y66         FDCE (Setup_fdce_C_D)        0.029    10.918    xi_s3_i_reg[14]
  -------------------------------------------------------------------
                         required time                         10.918    
                         arrival time                         -12.437    
  -------------------------------------------------------------------
                         slack                                 -1.519    





Min Delay Paths
--------------------------------------------------------------------------------------
Slack (VIOLATED) :        -0.502ns  (arrival time - required time)
  Source:                 in_i[0]
                            (input port clocked by clk  {rise@0.000ns fall@5.000ns period=10.000ns})
  Destination:            dl_i1_reg[0]/D
                            (rising edge-triggered cell FDCE clocked by clk  {rise@0.000ns fall@5.000ns period=10.000ns})
  Path Group:             clk
  Path Type:              Hold (Min at Slow Process Corner)
  Requirement:            0.000ns  (clk rise@0.000ns - clk rise@0.000ns)
  Data Path Delay:        0.924ns  (logic 0.000ns (0.000%)  route 0.924ns (100.000%))
  Logic Levels:           0  
  Input Delay:            0.000ns
  Clock Path Skew:        0.973ns (DCD - SCD - CPR)
    Destination Clock Delay (DCD):    0.973ns
    Source Clock Delay      (SCD):    0.000ns
    Clock Pessimism Removal (CPR):    -0.000ns
  Clock Uncertainty:      0.035ns  ((TSJ^2 + TIJ^2)^1/2 + DJ) / 2 + PE
    Total System Jitter     (TSJ):    0.071ns
    Total Input Jitter      (TIJ):    0.000ns
    Discrete Jitter          (DJ):    0.000ns
    Phase Error              (PE):    0.000ns

    Location             Delay type                Incr(ns)  Path(ns)    Netlist Resource(s)
  -------------------------------------------------------------------    -------------------
                         (clock clk rise edge)        0.000     0.000 r  
                         input delay                  0.000     0.000    
                                                      0.000     0.000 r  in_i[0] (IN)
                         net (fo=4, unset)            0.924     0.924    in_i[0]
    SLICE_X36Y51         FDCE                                         r  dl_i1_reg[0]/D
  -------------------------------------------------------------------    -------------------

                         (clock clk rise edge)        0.000     0.000 r  
                                                      0.000     0.000 r  clk (IN)
                         net (fo=321, unset)          0.973     0.973    clk
    SLICE_X36Y51         FDCE                                         r  dl_i1_reg[0]/C
                         clock pessimism              0.000     0.973    
                         clock uncertainty            0.035     1.008    
    SLICE_X36Y51         FDCE (Hold_fdce_C_D)         0.418     1.426    dl_i1_reg[0]
  -------------------------------------------------------------------
                         required time                         -1.426    
                         arrival time                           0.924    
  -------------------------------------------------------------------
                         slack                                 -0.502    





Pulse Width Checks
--------------------------------------------------------------------------------------
Clock Name:         clk
Waveform(ns):       { 0.000 5.000 }
Period(ns):         10.000
Sources:            { clk }

Check Type        Corner  Lib Pin  Reference Pin  Required(ns)  Actual(ns)  Slack(ns)  Location      Pin
Min Period        n/a     FDCE/C   n/a            1.000         10.000      9.000      SLICE_X36Y51  dl_i1_reg[0]/C
Low Pulse Width   Slow    FDCE/C   n/a            0.500         5.000       4.500      SLICE_X36Y51  dl_i1_reg[0]/C
High Pulse Width  Slow    FDCE/C   n/a            0.500         5.000       4.500      SLICE_X36Y51  dl_i1_reg[0]/C



