Copyright 1986-2022 Xilinx, Inc. All Rights Reserved. Copyright 2022-2023 Advanced Micro Devices, Inc. All Rights Reserved.
---------------------------------------------------------------------------------------------------------------------------------------------
| Tool Version : Vivado v.2023.2 (lin64) Build 4029153 Fri Oct 13 20:13:54 MDT 2023
| Date         : Wed May 20 01:32:44 2026
| Host         : PC105355 running 64-bit Ubuntu 24.04.4 LTS
| Command      : report_timing -delay_type max -max_paths 10 -nworst 10 -path_type full -file syn/reports/sync_top_100mhz_timing_paths.rpt
| Design       : sync_top
| Device       : 7z020-clg484
| Speed File   : -1  PRODUCTION 1.12 2019-11-22
| Design State : Routed
---------------------------------------------------------------------------------------------------------------------------------------------

Timing Report

Slack (MET) :             1.720ns  (required time - arrival time)
  Source:                 t_mul_mu_i_i_18/C
                            (rising edge-triggered cell FDCE clocked by clk  {rise@0.000ns fall@5.000ns period=10.000ns})
  Destination:            u_farrow/t_mul_mu_q__0/PCIN[0]
                            (rising edge-triggered cell DSP48E1 clocked by clk  {rise@0.000ns fall@5.000ns period=10.000ns})
  Path Group:             clk
  Path Type:              Setup (Max at Slow Process Corner)
  Requirement:            10.000ns  (clk rise@10.000ns - clk rise@0.000ns)
  Data Path Delay:        6.796ns  (logic 4.895ns (72.023%)  route 1.901ns (27.977%))
  Logic Levels:           2  (DSP48E1=1 LUT2=1)
  Clock Path Skew:        -0.049ns (DCD - SCD + CPR)
    Destination Clock Delay (DCD):    0.924ns = ( 10.924 - 10.000 ) 
    Source Clock Delay      (SCD):    0.973ns
    Clock Pessimism Removal (CPR):    0.000ns
  Clock Uncertainty:      0.035ns  ((TSJ^2 + TIJ^2)^1/2 + DJ) / 2 + PE
    Total System Jitter     (TSJ):    0.071ns
    Total Input Jitter      (TIJ):    0.000ns
    Discrete Jitter          (DJ):    0.000ns
    Phase Error              (PE):    0.000ns

    Location             Delay type                Incr(ns)  Path(ns)    Netlist Resource(s)
  -------------------------------------------------------------------    -------------------
                         (clock clk rise edge)        0.000     0.000 r  
                         propagated clock network latency
                                                      0.973     0.973    
    SLICE_X20Y34         FDCE                         0.000     0.973 r  t_mul_mu_i_i_18/C
    SLICE_X20Y34         FDCE (Prop_fdce_C_Q)         0.518     1.491 r  t_mul_mu_i_i_18/Q
                         net (fo=64, routed)          1.376     2.867    u_farrow/t_mul_mu_i_0
    SLICE_X20Y25         LUT2 (Prop_lut2_I1_O)        0.117     2.984 r  u_farrow/t_mul_mu_q_i_14/O
                         net (fo=1, routed)           0.524     3.507    u_farrow/t_s2_q[3]
    DSP48_X1Y10          DSP48E1 (Prop_dsp48e1_A[3]_PCOUT[0])
                                                      4.260     7.767 r  u_farrow/t_mul_mu_q/PCOUT[0]
                         net (fo=1, routed)           0.002     7.769    u_farrow/t_mul_mu_q_n_153
    DSP48_X1Y11          DSP48E1                                      r  u_farrow/t_mul_mu_q__0/PCIN[0]
  -------------------------------------------------------------------    -------------------

                         (clock clk rise edge)       10.000    10.000 r  
                         propagated clock network latency
                                                      0.924    10.924    
                         clock pessimism              0.000    10.924    
                         clock uncertainty           -0.035    10.889    
    DSP48_X1Y11          DSP48E1 (Setup_dsp48e1_CLK_PCIN[0])
                                                     -1.400     9.489    u_farrow/t_mul_mu_q__0
  -------------------------------------------------------------------
                         required time                          9.489    
                         arrival time                          -7.769    
  -------------------------------------------------------------------
                         slack                                  1.720    

Slack (MET) :             1.720ns  (required time - arrival time)
  Source:                 t_mul_mu_i_i_18/C
                            (rising edge-triggered cell FDCE clocked by clk  {rise@0.000ns fall@5.000ns period=10.000ns})
  Destination:            u_farrow/t_mul_mu_q__0/PCIN[0]
                            (rising edge-triggered cell DSP48E1 clocked by clk  {rise@0.000ns fall@5.000ns period=10.000ns})
  Path Group:             clk
  Path Type:              Setup (Max at Slow Process Corner)
  Requirement:            10.000ns  (clk rise@10.000ns - clk rise@0.000ns)
  Data Path Delay:        6.796ns  (logic 4.895ns (72.023%)  route 1.901ns (27.977%))
  Logic Levels:           2  (DSP48E1=1 LUT2=1)
  Clock Path Skew:        -0.049ns (DCD - SCD + CPR)
    Destination Clock Delay (DCD):    0.924ns = ( 10.924 - 10.000 ) 
    Source Clock Delay      (SCD):    0.973ns
    Clock Pessimism Removal (CPR):    0.000ns
  Clock Uncertainty:      0.035ns  ((TSJ^2 + TIJ^2)^1/2 + DJ) / 2 + PE
    Total System Jitter     (TSJ):    0.071ns
    Total Input Jitter      (TIJ):    0.000ns
    Discrete Jitter          (DJ):    0.000ns
    Phase Error              (PE):    0.000ns

    Location             Delay type                Incr(ns)  Path(ns)    Netlist Resource(s)
  -------------------------------------------------------------------    -------------------
                         (clock clk rise edge)        0.000     0.000 r  
                         propagated clock network latency
                                                      0.973     0.973    
    SLICE_X20Y34         FDCE                         0.000     0.973 r  t_mul_mu_i_i_18/C
    SLICE_X20Y34         FDCE (Prop_fdce_C_Q)         0.518     1.491 f  t_mul_mu_i_i_18/Q
                         net (fo=64, routed)          1.376     2.867    u_farrow/t_mul_mu_i_0
    SLICE_X20Y25         LUT2 (Prop_lut2_I1_O)        0.117     2.984 f  u_farrow/t_mul_mu_q_i_14/O
                         net (fo=1, routed)           0.524     3.507    u_farrow/t_s2_q[3]
    DSP48_X1Y10          DSP48E1 (Prop_dsp48e1_A[3]_PCOUT[0])
                                                      4.260     7.767 r  u_farrow/t_mul_mu_q/PCOUT[0]
                         net (fo=1, routed)           0.002     7.769    u_farrow/t_mul_mu_q_n_153
    DSP48_X1Y11          DSP48E1                                      r  u_farrow/t_mul_mu_q__0/PCIN[0]
  -------------------------------------------------------------------    -------------------

                         (clock clk rise edge)       10.000    10.000 r  
                         propagated clock network latency
                                                      0.924    10.924    
                         clock pessimism              0.000    10.924    
                         clock uncertainty           -0.035    10.889    
    DSP48_X1Y11          DSP48E1 (Setup_dsp48e1_CLK_PCIN[0])
                                                     -1.400     9.489    u_farrow/t_mul_mu_q__0
  -------------------------------------------------------------------
                         required time                          9.489    
                         arrival time                          -7.769    
  -------------------------------------------------------------------
                         slack                                  1.720    

Slack (MET) :             1.720ns  (required time - arrival time)
  Source:                 t_mul_mu_i_i_18/C
                            (rising edge-triggered cell FDCE clocked by clk  {rise@0.000ns fall@5.000ns period=10.000ns})
  Destination:            u_farrow/t_mul_mu_q__0/PCIN[0]
                            (rising edge-triggered cell DSP48E1 clocked by clk  {rise@0.000ns fall@5.000ns period=10.000ns})
  Path Group:             clk
  Path Type:              Setup (Max at Slow Process Corner)
  Requirement:            10.000ns  (clk rise@10.000ns - clk rise@0.000ns)
  Data Path Delay:        6.796ns  (logic 4.895ns (72.023%)  route 1.901ns (27.977%))
  Logic Levels:           2  (DSP48E1=1 LUT2=1)
  Clock Path Skew:        -0.049ns (DCD - SCD + CPR)
    Destination Clock Delay (DCD):    0.924ns = ( 10.924 - 10.000 ) 
    Source Clock Delay      (SCD):    0.973ns
    Clock Pessimism Removal (CPR):    0.000ns
  Clock Uncertainty:      0.035ns  ((TSJ^2 + TIJ^2)^1/2 + DJ) / 2 + PE
    Total System Jitter     (TSJ):    0.071ns
    Total Input Jitter      (TIJ):    0.000ns
    Discrete Jitter          (DJ):    0.000ns
    Phase Error              (PE):    0.000ns

    Location             Delay type                Incr(ns)  Path(ns)    Netlist Resource(s)
  -------------------------------------------------------------------    -------------------
                         (clock clk rise edge)        0.000     0.000 r  
                         propagated clock network latency
                                                      0.973     0.973    
    SLICE_X20Y34         FDCE                         0.000     0.973 r  t_mul_mu_i_i_18/C
    SLICE_X20Y34         FDCE (Prop_fdce_C_Q)         0.518     1.491 r  t_mul_mu_i_i_18/Q
                         net (fo=64, routed)          1.376     2.867    u_farrow/t_mul_mu_i_0
    SLICE_X20Y25         LUT2 (Prop_lut2_I1_O)        0.117     2.984 r  u_farrow/t_mul_mu_q_i_14/O
                         net (fo=1, routed)           0.524     3.507    u_farrow/t_s2_q[3]
    DSP48_X1Y10          DSP48E1 (Prop_dsp48e1_A[3]_PCOUT[0])
                                                      4.260     7.767 f  u_farrow/t_mul_mu_q/PCOUT[0]
                         net (fo=1, routed)           0.002     7.769    u_farrow/t_mul_mu_q_n_153
    DSP48_X1Y11          DSP48E1                                      f  u_farrow/t_mul_mu_q__0/PCIN[0]
  -------------------------------------------------------------------    -------------------

                         (clock clk rise edge)       10.000    10.000 r  
                         propagated clock network latency
                                                      0.924    10.924    
                         clock pessimism              0.000    10.924    
                         clock uncertainty           -0.035    10.889    
    DSP48_X1Y11          DSP48E1 (Setup_dsp48e1_CLK_PCIN[0])
                                                     -1.400     9.489    u_farrow/t_mul_mu_q__0
  -------------------------------------------------------------------
                         required time                          9.489    
                         arrival time                          -7.769    
  -------------------------------------------------------------------
                         slack                                  1.720    

Slack (MET) :             1.720ns  (required time - arrival time)
  Source:                 t_mul_mu_i_i_18/C
                            (rising edge-triggered cell FDCE clocked by clk  {rise@0.000ns fall@5.000ns period=10.000ns})
  Destination:            u_farrow/t_mul_mu_q__0/PCIN[0]
                            (rising edge-triggered cell DSP48E1 clocked by clk  {rise@0.000ns fall@5.000ns period=10.000ns})
  Path Group:             clk
  Path Type:              Setup (Max at Slow Process Corner)
  Requirement:            10.000ns  (clk rise@10.000ns - clk rise@0.000ns)
  Data Path Delay:        6.796ns  (logic 4.895ns (72.023%)  route 1.901ns (27.977%))
  Logic Levels:           2  (DSP48E1=1 LUT2=1)
  Clock Path Skew:        -0.049ns (DCD - SCD + CPR)
    Destination Clock Delay (DCD):    0.924ns = ( 10.924 - 10.000 ) 
    Source Clock Delay      (SCD):    0.973ns
    Clock Pessimism Removal (CPR):    0.000ns
  Clock Uncertainty:      0.035ns  ((TSJ^2 + TIJ^2)^1/2 + DJ) / 2 + PE
    Total System Jitter     (TSJ):    0.071ns
    Total Input Jitter      (TIJ):    0.000ns
    Discrete Jitter          (DJ):    0.000ns
    Phase Error              (PE):    0.000ns

    Location             Delay type                Incr(ns)  Path(ns)    Netlist Resource(s)
  -------------------------------------------------------------------    -------------------
                         (clock clk rise edge)        0.000     0.000 r  
                         propagated clock network latency
                                                      0.973     0.973    
    SLICE_X20Y34         FDCE                         0.000     0.973 r  t_mul_mu_i_i_18/C
    SLICE_X20Y34         FDCE (Prop_fdce_C_Q)         0.518     1.491 f  t_mul_mu_i_i_18/Q
                         net (fo=64, routed)          1.376     2.867    u_farrow/t_mul_mu_i_0
    SLICE_X20Y25         LUT2 (Prop_lut2_I1_O)        0.117     2.984 f  u_farrow/t_mul_mu_q_i_14/O
                         net (fo=1, routed)           0.524     3.507    u_farrow/t_s2_q[3]
    DSP48_X1Y10          DSP48E1 (Prop_dsp48e1_A[3]_PCOUT[0])
                                                      4.260     7.767 f  u_farrow/t_mul_mu_q/PCOUT[0]
                         net (fo=1, routed)           0.002     7.769    u_farrow/t_mul_mu_q_n_153
    DSP48_X1Y11          DSP48E1                                      f  u_farrow/t_mul_mu_q__0/PCIN[0]
  -------------------------------------------------------------------    -------------------

                         (clock clk rise edge)       10.000    10.000 r  
                         propagated clock network latency
                                                      0.924    10.924    
                         clock pessimism              0.000    10.924    
                         clock uncertainty           -0.035    10.889    
    DSP48_X1Y11          DSP48E1 (Setup_dsp48e1_CLK_PCIN[0])
                                                     -1.400     9.489    u_farrow/t_mul_mu_q__0
  -------------------------------------------------------------------
                         required time                          9.489    
                         arrival time                          -7.769    
  -------------------------------------------------------------------
                         slack                                  1.720    

Slack (MET) :             1.720ns  (required time - arrival time)
  Source:                 t_mul_mu_i_i_18/C
                            (rising edge-triggered cell FDCE clocked by clk  {rise@0.000ns fall@5.000ns period=10.000ns})
  Destination:            u_farrow/t_mul_mu_q__0/PCIN[10]
                            (rising edge-triggered cell DSP48E1 clocked by clk  {rise@0.000ns fall@5.000ns period=10.000ns})
  Path Group:             clk
  Path Type:              Setup (Max at Slow Process Corner)
  Requirement:            10.000ns  (clk rise@10.000ns - clk rise@0.000ns)
  Data Path Delay:        6.796ns  (logic 4.895ns (72.023%)  route 1.901ns (27.977%))
  Logic Levels:           2  (DSP48E1=1 LUT2=1)
  Clock Path Skew:        -0.049ns (DCD - SCD + CPR)
    Destination Clock Delay (DCD):    0.924ns = ( 10.924 - 10.000 ) 
    Source Clock Delay      (SCD):    0.973ns
    Clock Pessimism Removal (CPR):    0.000ns
  Clock Uncertainty:      0.035ns  ((TSJ^2 + TIJ^2)^1/2 + DJ) / 2 + PE
    Total System Jitter     (TSJ):    0.071ns
    Total Input Jitter      (TIJ):    0.000ns
    Discrete Jitter          (DJ):    0.000ns
    Phase Error              (PE):    0.000ns

    Location             Delay type                Incr(ns)  Path(ns)    Netlist Resource(s)
  -------------------------------------------------------------------    -------------------
                         (clock clk rise edge)        0.000     0.000 r  
                         propagated clock network latency
                                                      0.973     0.973    
    SLICE_X20Y34         FDCE                         0.000     0.973 r  t_mul_mu_i_i_18/C
    SLICE_X20Y34         FDCE (Prop_fdce_C_Q)         0.518     1.491 r  t_mul_mu_i_i_18/Q
                         net (fo=64, routed)          1.376     2.867    u_farrow/t_mul_mu_i_0
    SLICE_X20Y25         LUT2 (Prop_lut2_I1_O)        0.117     2.984 r  u_farrow/t_mul_mu_q_i_14/O
                         net (fo=1, routed)           0.524     3.507    u_farrow/t_s2_q[3]
    DSP48_X1Y10          DSP48E1 (Prop_dsp48e1_A[3]_PCOUT[10])
                                                      4.260     7.767 r  u_farrow/t_mul_mu_q/PCOUT[10]
                         net (fo=1, routed)           0.002     7.769    u_farrow/t_mul_mu_q_n_143
    DSP48_X1Y11          DSP48E1                                      r  u_farrow/t_mul_mu_q__0/PCIN[10]
  -------------------------------------------------------------------    -------------------

                         (clock clk rise edge)       10.000    10.000 r  
                         propagated clock network latency
                                                      0.924    10.924    
                         clock pessimism              0.000    10.924    
                         clock uncertainty           -0.035    10.889    
    DSP48_X1Y11          DSP48E1 (Setup_dsp48e1_CLK_PCIN[10])
                                                     -1.400     9.489    u_farrow/t_mul_mu_q__0
  -------------------------------------------------------------------
                         required time                          9.489    
                         arrival time                          -7.769    
  -------------------------------------------------------------------
                         slack                                  1.720    

Slack (MET) :             1.720ns  (required time - arrival time)
  Source:                 t_mul_mu_i_i_18/C
                            (rising edge-triggered cell FDCE clocked by clk  {rise@0.000ns fall@5.000ns period=10.000ns})
  Destination:            u_farrow/t_mul_mu_q__0/PCIN[10]
                            (rising edge-triggered cell DSP48E1 clocked by clk  {rise@0.000ns fall@5.000ns period=10.000ns})
  Path Group:             clk
  Path Type:              Setup (Max at Slow Process Corner)
  Requirement:            10.000ns  (clk rise@10.000ns - clk rise@0.000ns)
  Data Path Delay:        6.796ns  (logic 4.895ns (72.023%)  route 1.901ns (27.977%))
  Logic Levels:           2  (DSP48E1=1 LUT2=1)
  Clock Path Skew:        -0.049ns (DCD - SCD + CPR)
    Destination Clock Delay (DCD):    0.924ns = ( 10.924 - 10.000 ) 
    Source Clock Delay      (SCD):    0.973ns
    Clock Pessimism Removal (CPR):    0.000ns
  Clock Uncertainty:      0.035ns  ((TSJ^2 + TIJ^2)^1/2 + DJ) / 2 + PE
    Total System Jitter     (TSJ):    0.071ns
    Total Input Jitter      (TIJ):    0.000ns
    Discrete Jitter          (DJ):    0.000ns
    Phase Error              (PE):    0.000ns

    Location             Delay type                Incr(ns)  Path(ns)    Netlist Resource(s)
  -------------------------------------------------------------------    -------------------
                         (clock clk rise edge)        0.000     0.000 r  
                         propagated clock network latency
                                                      0.973     0.973    
    SLICE_X20Y34         FDCE                         0.000     0.973 r  t_mul_mu_i_i_18/C
    SLICE_X20Y34         FDCE (Prop_fdce_C_Q)         0.518     1.491 f  t_mul_mu_i_i_18/Q
                         net (fo=64, routed)          1.376     2.867    u_farrow/t_mul_mu_i_0
    SLICE_X20Y25         LUT2 (Prop_lut2_I1_O)        0.117     2.984 f  u_farrow/t_mul_mu_q_i_14/O
                         net (fo=1, routed)           0.524     3.507    u_farrow/t_s2_q[3]
    DSP48_X1Y10          DSP48E1 (Prop_dsp48e1_A[3]_PCOUT[10])
                                                      4.260     7.767 r  u_farrow/t_mul_mu_q/PCOUT[10]
                         net (fo=1, routed)           0.002     7.769    u_farrow/t_mul_mu_q_n_143
    DSP48_X1Y11          DSP48E1                                      r  u_farrow/t_mul_mu_q__0/PCIN[10]
  -------------------------------------------------------------------    -------------------

                         (clock clk rise edge)       10.000    10.000 r  
                         propagated clock network latency
                                                      0.924    10.924    
                         clock pessimism              0.000    10.924    
                         clock uncertainty           -0.035    10.889    
    DSP48_X1Y11          DSP48E1 (Setup_dsp48e1_CLK_PCIN[10])
                                                     -1.400     9.489    u_farrow/t_mul_mu_q__0
  -------------------------------------------------------------------
                         required time                          9.489    
                         arrival time                          -7.769    
  -------------------------------------------------------------------
                         slack                                  1.720    

Slack (MET) :             1.720ns  (required time - arrival time)
  Source:                 t_mul_mu_i_i_18/C
                            (rising edge-triggered cell FDCE clocked by clk  {rise@0.000ns fall@5.000ns period=10.000ns})
  Destination:            u_farrow/t_mul_mu_q__0/PCIN[10]
                            (rising edge-triggered cell DSP48E1 clocked by clk  {rise@0.000ns fall@5.000ns period=10.000ns})
  Path Group:             clk
  Path Type:              Setup (Max at Slow Process Corner)
  Requirement:            10.000ns  (clk rise@10.000ns - clk rise@0.000ns)
  Data Path Delay:        6.796ns  (logic 4.895ns (72.023%)  route 1.901ns (27.977%))
  Logic Levels:           2  (DSP48E1=1 LUT2=1)
  Clock Path Skew:        -0.049ns (DCD - SCD + CPR)
    Destination Clock Delay (DCD):    0.924ns = ( 10.924 - 10.000 ) 
    Source Clock Delay      (SCD):    0.973ns
    Clock Pessimism Removal (CPR):    0.000ns
  Clock Uncertainty:      0.035ns  ((TSJ^2 + TIJ^2)^1/2 + DJ) / 2 + PE
    Total System Jitter     (TSJ):    0.071ns
    Total Input Jitter      (TIJ):    0.000ns
    Discrete Jitter          (DJ):    0.000ns
    Phase Error              (PE):    0.000ns

    Location             Delay type                Incr(ns)  Path(ns)    Netlist Resource(s)
  -------------------------------------------------------------------    -------------------
                         (clock clk rise edge)        0.000     0.000 r  
                         propagated clock network latency
                                                      0.973     0.973    
    SLICE_X20Y34         FDCE                         0.000     0.973 r  t_mul_mu_i_i_18/C
    SLICE_X20Y34         FDCE (Prop_fdce_C_Q)         0.518     1.491 r  t_mul_mu_i_i_18/Q
                         net (fo=64, routed)          1.376     2.867    u_farrow/t_mul_mu_i_0
    SLICE_X20Y25         LUT2 (Prop_lut2_I1_O)        0.117     2.984 r  u_farrow/t_mul_mu_q_i_14/O
                         net (fo=1, routed)           0.524     3.507    u_farrow/t_s2_q[3]
    DSP48_X1Y10          DSP48E1 (Prop_dsp48e1_A[3]_PCOUT[10])
                                                      4.260     7.767 f  u_farrow/t_mul_mu_q/PCOUT[10]
                         net (fo=1, routed)           0.002     7.769    u_farrow/t_mul_mu_q_n_143
    DSP48_X1Y11          DSP48E1                                      f  u_farrow/t_mul_mu_q__0/PCIN[10]
  -------------------------------------------------------------------    -------------------

                         (clock clk rise edge)       10.000    10.000 r  
                         propagated clock network latency
                                                      0.924    10.924    
                         clock pessimism              0.000    10.924    
                         clock uncertainty           -0.035    10.889    
    DSP48_X1Y11          DSP48E1 (Setup_dsp48e1_CLK_PCIN[10])
                                                     -1.400     9.489    u_farrow/t_mul_mu_q__0
  -------------------------------------------------------------------
                         required time                          9.489    
                         arrival time                          -7.769    
  -------------------------------------------------------------------
                         slack                                  1.720    

Slack (MET) :             1.720ns  (required time - arrival time)
  Source:                 t_mul_mu_i_i_18/C
                            (rising edge-triggered cell FDCE clocked by clk  {rise@0.000ns fall@5.000ns period=10.000ns})
  Destination:            u_farrow/t_mul_mu_q__0/PCIN[10]
                            (rising edge-triggered cell DSP48E1 clocked by clk  {rise@0.000ns fall@5.000ns period=10.000ns})
  Path Group:             clk
  Path Type:              Setup (Max at Slow Process Corner)
  Requirement:            10.000ns  (clk rise@10.000ns - clk rise@0.000ns)
  Data Path Delay:        6.796ns  (logic 4.895ns (72.023%)  route 1.901ns (27.977%))
  Logic Levels:           2  (DSP48E1=1 LUT2=1)
  Clock Path Skew:        -0.049ns (DCD - SCD + CPR)
    Destination Clock Delay (DCD):    0.924ns = ( 10.924 - 10.000 ) 
    Source Clock Delay      (SCD):    0.973ns
    Clock Pessimism Removal (CPR):    0.000ns
  Clock Uncertainty:      0.035ns  ((TSJ^2 + TIJ^2)^1/2 + DJ) / 2 + PE
    Total System Jitter     (TSJ):    0.071ns
    Total Input Jitter      (TIJ):    0.000ns
    Discrete Jitter          (DJ):    0.000ns
    Phase Error              (PE):    0.000ns

    Location             Delay type                Incr(ns)  Path(ns)    Netlist Resource(s)
  -------------------------------------------------------------------    -------------------
                         (clock clk rise edge)        0.000     0.000 r  
                         propagated clock network latency
                                                      0.973     0.973    
    SLICE_X20Y34         FDCE                         0.000     0.973 r  t_mul_mu_i_i_18/C
    SLICE_X20Y34         FDCE (Prop_fdce_C_Q)         0.518     1.491 f  t_mul_mu_i_i_18/Q
                         net (fo=64, routed)          1.376     2.867    u_farrow/t_mul_mu_i_0
    SLICE_X20Y25         LUT2 (Prop_lut2_I1_O)        0.117     2.984 f  u_farrow/t_mul_mu_q_i_14/O
                         net (fo=1, routed)           0.524     3.507    u_farrow/t_s2_q[3]
    DSP48_X1Y10          DSP48E1 (Prop_dsp48e1_A[3]_PCOUT[10])
                                                      4.260     7.767 f  u_farrow/t_mul_mu_q/PCOUT[10]
                         net (fo=1, routed)           0.002     7.769    u_farrow/t_mul_mu_q_n_143
    DSP48_X1Y11          DSP48E1                                      f  u_farrow/t_mul_mu_q__0/PCIN[10]
  -------------------------------------------------------------------    -------------------

                         (clock clk rise edge)       10.000    10.000 r  
                         propagated clock network latency
                                                      0.924    10.924    
                         clock pessimism              0.000    10.924    
                         clock uncertainty           -0.035    10.889    
    DSP48_X1Y11          DSP48E1 (Setup_dsp48e1_CLK_PCIN[10])
                                                     -1.400     9.489    u_farrow/t_mul_mu_q__0
  -------------------------------------------------------------------
                         required time                          9.489    
                         arrival time                          -7.769    
  -------------------------------------------------------------------
                         slack                                  1.720    

Slack (MET) :             1.720ns  (required time - arrival time)
  Source:                 t_mul_mu_i_i_18/C
                            (rising edge-triggered cell FDCE clocked by clk  {rise@0.000ns fall@5.000ns period=10.000ns})
  Destination:            u_farrow/t_mul_mu_q__0/PCIN[11]
                            (rising edge-triggered cell DSP48E1 clocked by clk  {rise@0.000ns fall@5.000ns period=10.000ns})
  Path Group:             clk
  Path Type:              Setup (Max at Slow Process Corner)
  Requirement:            10.000ns  (clk rise@10.000ns - clk rise@0.000ns)
  Data Path Delay:        6.796ns  (logic 4.895ns (72.023%)  route 1.901ns (27.977%))
  Logic Levels:           2  (DSP48E1=1 LUT2=1)
  Clock Path Skew:        -0.049ns (DCD - SCD + CPR)
    Destination Clock Delay (DCD):    0.924ns = ( 10.924 - 10.000 ) 
    Source Clock Delay      (SCD):    0.973ns
    Clock Pessimism Removal (CPR):    0.000ns
  Clock Uncertainty:      0.035ns  ((TSJ^2 + TIJ^2)^1/2 + DJ) / 2 + PE
    Total System Jitter     (TSJ):    0.071ns
    Total Input Jitter      (TIJ):    0.000ns
    Discrete Jitter          (DJ):    0.000ns
    Phase Error              (PE):    0.000ns

    Location             Delay type                Incr(ns)  Path(ns)    Netlist Resource(s)
  -------------------------------------------------------------------    -------------------
                         (clock clk rise edge)        0.000     0.000 r  
                         propagated clock network latency
                                                      0.973     0.973    
    SLICE_X20Y34         FDCE                         0.000     0.973 r  t_mul_mu_i_i_18/C
    SLICE_X20Y34         FDCE (Prop_fdce_C_Q)         0.518     1.491 r  t_mul_mu_i_i_18/Q
                         net (fo=64, routed)          1.376     2.867    u_farrow/t_mul_mu_i_0
    SLICE_X20Y25         LUT2 (Prop_lut2_I1_O)        0.117     2.984 r  u_farrow/t_mul_mu_q_i_14/O
                         net (fo=1, routed)           0.524     3.507    u_farrow/t_s2_q[3]
    DSP48_X1Y10          DSP48E1 (Prop_dsp48e1_A[3]_PCOUT[11])
                                                      4.260     7.767 r  u_farrow/t_mul_mu_q/PCOUT[11]
                         net (fo=1, routed)           0.002     7.769    u_farrow/t_mul_mu_q_n_142
    DSP48_X1Y11          DSP48E1                                      r  u_farrow/t_mul_mu_q__0/PCIN[11]
  -------------------------------------------------------------------    -------------------

                         (clock clk rise edge)       10.000    10.000 r  
                         propagated clock network latency
                                                      0.924    10.924    
                         clock pessimism              0.000    10.924    
                         clock uncertainty           -0.035    10.889    
    DSP48_X1Y11          DSP48E1 (Setup_dsp48e1_CLK_PCIN[11])
                                                     -1.400     9.489    u_farrow/t_mul_mu_q__0
  -------------------------------------------------------------------
                         required time                          9.489    
                         arrival time                          -7.769    
  -------------------------------------------------------------------
                         slack                                  1.720    

Slack (MET) :             1.720ns  (required time - arrival time)
  Source:                 t_mul_mu_i_i_18/C
                            (rising edge-triggered cell FDCE clocked by clk  {rise@0.000ns fall@5.000ns period=10.000ns})
  Destination:            u_farrow/t_mul_mu_q__0/PCIN[11]
                            (rising edge-triggered cell DSP48E1 clocked by clk  {rise@0.000ns fall@5.000ns period=10.000ns})
  Path Group:             clk
  Path Type:              Setup (Max at Slow Process Corner)
  Requirement:            10.000ns  (clk rise@10.000ns - clk rise@0.000ns)
  Data Path Delay:        6.796ns  (logic 4.895ns (72.023%)  route 1.901ns (27.977%))
  Logic Levels:           2  (DSP48E1=1 LUT2=1)
  Clock Path Skew:        -0.049ns (DCD - SCD + CPR)
    Destination Clock Delay (DCD):    0.924ns = ( 10.924 - 10.000 ) 
    Source Clock Delay      (SCD):    0.973ns
    Clock Pessimism Removal (CPR):    0.000ns
  Clock Uncertainty:      0.035ns  ((TSJ^2 + TIJ^2)^1/2 + DJ) / 2 + PE
    Total System Jitter     (TSJ):    0.071ns
    Total Input Jitter      (TIJ):    0.000ns
    Discrete Jitter          (DJ):    0.000ns
    Phase Error              (PE):    0.000ns

    Location             Delay type                Incr(ns)  Path(ns)    Netlist Resource(s)
  -------------------------------------------------------------------    -------------------
                         (clock clk rise edge)        0.000     0.000 r  
                         propagated clock network latency
                                                      0.973     0.973    
    SLICE_X20Y34         FDCE                         0.000     0.973 r  t_mul_mu_i_i_18/C
    SLICE_X20Y34         FDCE (Prop_fdce_C_Q)         0.518     1.491 f  t_mul_mu_i_i_18/Q
                         net (fo=64, routed)          1.376     2.867    u_farrow/t_mul_mu_i_0
    SLICE_X20Y25         LUT2 (Prop_lut2_I1_O)        0.117     2.984 f  u_farrow/t_mul_mu_q_i_14/O
                         net (fo=1, routed)           0.524     3.507    u_farrow/t_s2_q[3]
    DSP48_X1Y10          DSP48E1 (Prop_dsp48e1_A[3]_PCOUT[11])
                                                      4.260     7.767 r  u_farrow/t_mul_mu_q/PCOUT[11]
                         net (fo=1, routed)           0.002     7.769    u_farrow/t_mul_mu_q_n_142
    DSP48_X1Y11          DSP48E1                                      r  u_farrow/t_mul_mu_q__0/PCIN[11]
  -------------------------------------------------------------------    -------------------

                         (clock clk rise edge)       10.000    10.000 r  
                         propagated clock network latency
                                                      0.924    10.924    
                         clock pessimism              0.000    10.924    
                         clock uncertainty           -0.035    10.889    
    DSP48_X1Y11          DSP48E1 (Setup_dsp48e1_CLK_PCIN[11])
                                                     -1.400     9.489    u_farrow/t_mul_mu_q__0
  -------------------------------------------------------------------
                         required time                          9.489    
                         arrival time                          -7.769    
  -------------------------------------------------------------------
                         slack                                  1.720    




