Copyright 1986-2022 Xilinx, Inc. All Rights Reserved. Copyright 2022-2023 Advanced Micro Devices, Inc. All Rights Reserved.
---------------------------------------------------------------------------------------------------------------------------------------------
| Tool Version : Vivado v.2023.2 (lin64) Build 4029153 Fri Oct 13 20:13:54 MDT 2023
| Date         : Tue May 19 21:05:43 2026
| Host         : PC105355 running 64-bit Ubuntu 24.04.4 LTS
| Command      : report_utilization -hierarchical -file syn/reports/sync_loop_filter_pi_100mhz_util_hier.rpt
| Design       : sync_loop_filter_pi
| Device       : xc7z020clg484-1
| Speed File   : -1
| Design State : Routed
---------------------------------------------------------------------------------------------------------------------------------------------

Utilization Design Information

Table of Contents
-----------------
1. Utilization by Hierarchy

1. Utilization by Hierarchy
---------------------------

+---------------------+--------+------------+------------+---------+------+-----+--------+--------+------------+
|       Instance      | Module | Total LUTs | Logic LUTs | LUTRAMs | SRLs | FFs | RAMB36 | RAMB18 | DSP Blocks |
+---------------------+--------+------------+------------+---------+------+-----+--------+--------+------------+
| sync_loop_filter_pi |  (top) |        186 |        186 |       0 |    0 |  52 |      0 |      0 |          2 |
+---------------------+--------+------------+------------+---------+------+-----+--------+--------+------------+
* Note: The sum of lower-level cells may be larger than their parent cells total, due to cross-hierarchy LUT combining


