Copyright 1986-2022 Xilinx, Inc. All Rights Reserved. Copyright 2022-2023 Advanced Micro Devices, Inc. All Rights Reserved.
---------------------------------------------------------------------------------------------------------------------------------------------
| Tool Version : Vivado v.2023.2 (lin64) Build 4029153 Fri Oct 13 20:13:54 MDT 2023
| Date         : Tue May 19 21:05:43 2026
| Host         : PC105355 running 64-bit Ubuntu 24.04.4 LTS
| Command      : report_timing_summary -file syn/reports/sync_loop_filter_pi_100mhz_timing.rpt
| Design       : sync_loop_filter_pi
| Device       : 7z020-clg484
| Speed File   : -1  PRODUCTION 1.12 2019-11-22
| Design State : Routed
---------------------------------------------------------------------------------------------------------------------------------------------

Timing Summary Report

------------------------------------------------------------------------------------------------
| Timer Settings
| --------------
------------------------------------------------------------------------------------------------

  Enable Multi Corner Analysis               :  Yes
  Enable Pessimism Removal                   :  Yes
  Pessimism Removal Resolution               :  Nearest Common Node
  Enable Input Delay Default Clock           :  No
  Enable Preset / Clear Arcs                 :  No
  Disable Flight Delays                      :  No
  Ignore I/O Paths                           :  No
  Timing Early Launch at Borrowing Latches   :  No
  Borrow Time for Max Delay Exceptions       :  Yes
  Merge Timing Exceptions                    :  Yes
  Inter-SLR Compensation                     :  Conservative

  Corner  Analyze    Analyze    
  Name    Max Paths  Min Paths  
  ------  ---------  ---------  
  Slow    Yes        Yes        
  Fast    Yes        Yes        


------------------------------------------------------------------------------------------------
| Report Methodology
| ------------------
------------------------------------------------------------------------------------------------

No report available as report_methodology has not been run prior. Run report_methodology on the current design for the summary of methodology violations.



check_timing report

Table of Contents
-----------------
1. checking no_clock (0)
2. checking constant_clock (0)
3. checking pulse_width_clock (0)
4. checking unconstrained_internal_endpoints (0)
5. checking no_input_delay (0)
6. checking no_output_delay (0)
7. checking multiple_clock (0)
8. checking generated_clocks (0)
9. checking loops (0)
10. checking partial_input_delay (0)
11. checking partial_output_delay (0)
12. checking latch_loops (0)

1. checking no_clock (0)
------------------------
 There are 0 register/latch pins with no clock.


2. checking constant_clock (0)
------------------------------
 There are 0 register/latch pins with constant_clock.


3. checking pulse_width_clock (0)
---------------------------------
 There are 0 register/latch pins which need pulse_width check


4. checking unconstrained_internal_endpoints (0)
------------------------------------------------
 There are 0 pins that are not constrained for maximum delay.

 There are 0 pins that are not constrained for maximum delay due to constant clock.


5. checking no_input_delay (0)
------------------------------
 There are 0 input ports with no input delay specified.

 There are 0 input ports with no input delay but user has a false path constraint.


6. checking no_output_delay (0)
-------------------------------
 There are 0 ports with no output delay specified.

 There are 0 ports with no output delay but user has a false path constraint

 There are 0 ports with no output delay but with a timing clock defined on it or propagating through it


7. checking multiple_clock (0)
------------------------------
 There are 0 register/latch pins with multiple clocks.


8. checking generated_clocks (0)
--------------------------------
 There are 0 generated clocks that are not connected to a clock source.


9. checking loops (0)
---------------------
 There are 0 combinational loops in the design.


10. checking partial_input_delay (0)
------------------------------------
 There are 0 input ports with partial input delay specified.


11. checking partial_output_delay (0)
-------------------------------------
 There are 0 ports with partial output delay specified.


12. checking latch_loops (0)
----------------------------
 There are 0 combinational latch loops in the design through latch input



------------------------------------------------------------------------------------------------
| Design Timing Summary
| ---------------------
------------------------------------------------------------------------------------------------

    WNS(ns)      TNS(ns)  TNS Failing Endpoints  TNS Total Endpoints      WHS(ns)      THS(ns)  THS Failing Endpoints  THS Total Endpoints     WPWS(ns)     TPWS(ns)  TPWS Failing Endpoints  TPWS Total Endpoints  
    -------      -------  ---------------------  -------------------      -------      -------  ---------------------  -------------------     --------     --------  ----------------------  --------------------  
     -0.635       -5.488                     16                  179       -0.502       -1.188                      5                  179        4.500        0.000                       0                    54  


Timing constraints are not met.


------------------------------------------------------------------------------------------------
| Clock Summary
| -------------
------------------------------------------------------------------------------------------------

Clock  Waveform(ns)       Period(ns)      Frequency(MHz)
-----  ------------       ----------      --------------
clk    {0.000 5.000}      10.000          100.000         


------------------------------------------------------------------------------------------------
| Intra Clock Table
| -----------------
------------------------------------------------------------------------------------------------

Clock             WNS(ns)      TNS(ns)  TNS Failing Endpoints  TNS Total Endpoints      WHS(ns)      THS(ns)  THS Failing Endpoints  THS Total Endpoints     WPWS(ns)     TPWS(ns)  TPWS Failing Endpoints  TPWS Total Endpoints  
-----             -------      -------  ---------------------  -------------------      -------      -------  ---------------------  -------------------     --------     --------  ----------------------  --------------------  
clk                -0.635       -5.488                     16                  179       -0.502       -1.188                      5                  179        4.500        0.000                       0                    54  


------------------------------------------------------------------------------------------------
| Inter Clock Table
| -----------------
------------------------------------------------------------------------------------------------

From Clock    To Clock          WNS(ns)      TNS(ns)  TNS Failing Endpoints  TNS Total Endpoints      WHS(ns)      THS(ns)  THS Failing Endpoints  THS Total Endpoints  
----------    --------          -------      -------  ---------------------  -------------------      -------      -------  ---------------------  -------------------  


------------------------------------------------------------------------------------------------
| Other Path Groups Table
| -----------------------
------------------------------------------------------------------------------------------------

Path Group    From Clock    To Clock          WNS(ns)      TNS(ns)  TNS Failing Endpoints  TNS Total Endpoints      WHS(ns)      THS(ns)  THS Failing Endpoints  THS Total Endpoints  
----------    ----------    --------          -------      -------  ---------------------  -------------------      -------      -------  ---------------------  -------------------  


------------------------------------------------------------------------------------------------
| Timing Details
| --------------
------------------------------------------------------------------------------------------------


---------------------------------------------------------------------------------------------------
From Clock:  clk
  To Clock:  clk

Setup :           16  Failing Endpoints,  Worst Slack       -0.635ns,  Total Violation       -5.488ns
Hold  :            5  Failing Endpoints,  Worst Slack       -0.502ns,  Total Violation       -1.188ns
PW    :            0  Failing Endpoints,  Worst Slack        4.500ns,  Total Violation        0.000ns
---------------------------------------------------------------------------------------------------


Max Delay Paths
--------------------------------------------------------------------------------------
Slack (VIOLATED) :        -0.635ns  (required time - arrival time)
  Source:                 prod_k2_r/CLK
                            (rising edge-triggered cell DSP48E1 clocked by clk  {rise@0.000ns fall@5.000ns period=10.000ns})
  Destination:            v_pi_out_reg[11]/D
                            (rising edge-triggered cell FDCE clocked by clk  {rise@0.000ns fall@5.000ns period=10.000ns})
  Path Group:             clk
  Path Type:              Setup (Max at Slow Process Corner)
  Requirement:            10.000ns  (clk rise@10.000ns - clk rise@0.000ns)
  Data Path Delay:        10.628ns  (logic 4.963ns (46.695%)  route 5.665ns (53.305%))
  Logic Levels:           21  (CARRY4=15 LUT2=1 LUT3=2 LUT4=1 LUT5=2)
  Clock Path Skew:        -0.049ns (DCD - SCD + CPR)
    Destination Clock Delay (DCD):    0.924ns = ( 10.924 - 10.000 ) 
    Source Clock Delay      (SCD):    0.973ns
    Clock Pessimism Removal (CPR):    0.000ns
  Clock Uncertainty:      0.035ns  ((TSJ^2 + TIJ^2)^1/2 + DJ) / 2 + PE
    Total System Jitter     (TSJ):    0.071ns
    Total Input Jitter      (TIJ):    0.000ns
    Discrete Jitter          (DJ):    0.000ns
    Phase Error              (PE):    0.000ns

    Location             Delay type                Incr(ns)  Path(ns)    Netlist Resource(s)
  -------------------------------------------------------------------    -------------------
                         (clock clk rise edge)        0.000     0.000 r  
                                                      0.000     0.000 r  clk (IN)
                         net (fo=53, unset)           0.973     0.973    clk
    DSP48_X2Y24          DSP48E1                                      r  prod_k2_r/CLK
  -------------------------------------------------------------------    -------------------
    DSP48_X2Y24          DSP48E1 (Prop_dsp48e1_CLK_P[16])
                                                      0.434     1.407 r  prod_k2_r/P[16]
                         net (fo=1, routed)           0.889     2.296    prod_k2_r_n_89
    SLICE_X35Y62         LUT3 (Prop_lut3_I2_O)        0.124     2.420 r  vi_reg[3]_i_5/O
                         net (fo=1, routed)           0.000     2.420    vi_reg[3]_i_5_n_0
    SLICE_X35Y62         CARRY4 (Prop_carry4_S[1]_CO[3])
                                                      0.550     2.970 r  vi_reg_reg[3]_i_2/CO[3]
                         net (fo=1, routed)           0.000     2.970    vi_reg_reg[3]_i_2_n_0
    SLICE_X35Y63         CARRY4 (Prop_carry4_CI_CO[3])
                                                      0.114     3.084 r  vi_reg_reg[7]_i_2/CO[3]
                         net (fo=1, routed)           0.000     3.084    vi_reg_reg[7]_i_2_n_0
    SLICE_X35Y64         CARRY4 (Prop_carry4_CI_CO[3])
                                                      0.114     3.198 r  vi_reg_reg[11]_i_2/CO[3]
                         net (fo=1, routed)           0.000     3.198    vi_reg_reg[11]_i_2_n_0
    SLICE_X35Y65         CARRY4 (Prop_carry4_CI_CO[3])
                                                      0.114     3.312 r  vi_reg_reg[15]_i_2/CO[3]
                         net (fo=1, routed)           0.000     3.312    vi_reg_reg[15]_i_2_n_0
    SLICE_X35Y66         CARRY4 (Prop_carry4_CI_CO[3])
                                                      0.114     3.426 r  vi_reg_reg[19]_i_2/CO[3]
                         net (fo=1, routed)           0.000     3.426    vi_reg_reg[19]_i_2_n_0
    SLICE_X35Y67         CARRY4 (Prop_carry4_CI_CO[3])
                                                      0.114     3.540 r  vi_reg_reg[23]_i_2/CO[3]
                         net (fo=1, routed)           0.000     3.540    vi_reg_reg[23]_i_2_n_0
    SLICE_X35Y68         CARRY4 (Prop_carry4_CI_CO[3])
                                                      0.114     3.654 r  vi_reg_reg[27]_i_2/CO[3]
                         net (fo=1, routed)           0.000     3.654    vi_reg_reg[27]_i_2_n_0
    SLICE_X35Y69         CARRY4 (Prop_carry4_CI_O[2])
                                                      0.239     3.893 f  vi_reg_reg[31]_i_2/O[2]
                         net (fo=6, routed)           0.784     4.677    vi_sum[30]
    SLICE_X34Y67         LUT2 (Prop_lut2_I0_O)        0.302     4.979 r  vi_reg[31]_i_23/O
                         net (fo=1, routed)           0.000     4.979    vi_reg[31]_i_23_n_0
    SLICE_X34Y67         CARRY4 (Prop_carry4_S[3]_CO[3])
                                                      0.376     5.355 r  vi_reg_reg[31]_i_4/CO[3]
                         net (fo=49, routed)          1.186     6.541    vi_sat1
    SLICE_X32Y68         LUT5 (Prop_lut5_I1_O)        0.124     6.665 r  vi_reg[3]_i_1/O
                         net (fo=2, routed)           0.578     7.243    vi_sat[3]
    SLICE_X34Y68         LUT3 (Prop_lut3_I2_O)        0.124     7.367 r  v_pi_out[3]_i_7/O
                         net (fo=1, routed)           0.000     7.367    v_pi_out[3]_i_7_n_0
    SLICE_X34Y68         CARRY4 (Prop_carry4_S[3]_CO[3])
                                                      0.376     7.743 r  v_pi_out_reg[3]_i_2/CO[3]
                         net (fo=1, routed)           0.000     7.743    v_pi_out_reg[3]_i_2_n_0
    SLICE_X34Y69         CARRY4 (Prop_carry4_CI_CO[3])
                                                      0.117     7.860 r  v_pi_out_reg[7]_i_2/CO[3]
                         net (fo=1, routed)           0.000     7.860    v_pi_out_reg[7]_i_2_n_0
    SLICE_X34Y70         CARRY4 (Prop_carry4_CI_O[1])
                                                      0.323     8.183 r  v_pi_out_reg[11]_i_2/O[1]
                         net (fo=5, routed)           0.988     9.171    v_pi_sum[9]
    SLICE_X33Y72         LUT4 (Prop_lut4_I2_O)        0.306     9.477 r  v_pi_out[15]_i_64/O
                         net (fo=1, routed)           0.000     9.477    v_pi_out[15]_i_64_n_0
    SLICE_X33Y72         CARRY4 (Prop_carry4_S[0]_CO[3])
                                                      0.532    10.009 r  v_pi_out_reg[15]_i_35/CO[3]
                         net (fo=1, routed)           0.000    10.009    v_pi_out_reg[15]_i_35_n_0
    SLICE_X33Y73         CARRY4 (Prop_carry4_CI_CO[3])
                                                      0.114    10.123 r  v_pi_out_reg[15]_i_6/CO[3]
                         net (fo=1, routed)           0.000    10.123    v_pi_out_reg[15]_i_6_n_0
    SLICE_X33Y74         CARRY4 (Prop_carry4_CI_CO[3])
                                                      0.114    10.237 r  v_pi_out_reg[15]_i_2/CO[3]
                         net (fo=16, routed)          1.240    11.477    v_pi_clamped1
    SLICE_X32Y74         LUT5 (Prop_lut5_I1_O)        0.124    11.601 r  v_pi_out[11]_i_1/O
                         net (fo=1, routed)           0.000    11.601    v_pi_trunc[11]
    SLICE_X32Y74         FDCE                                         r  v_pi_out_reg[11]/D
  -------------------------------------------------------------------    -------------------

                         (clock clk rise edge)       10.000    10.000 r  
                                                      0.000    10.000 r  clk (IN)
                         net (fo=53, unset)           0.924    10.924    clk
    SLICE_X32Y74         FDCE                                         r  v_pi_out_reg[11]/C
                         clock pessimism              0.000    10.924    
                         clock uncertainty           -0.035    10.889    
    SLICE_X32Y74         FDCE (Setup_fdce_C_D)        0.077    10.966    v_pi_out_reg[11]
  -------------------------------------------------------------------
                         required time                         10.966    
                         arrival time                         -11.601    
  -------------------------------------------------------------------
                         slack                                 -0.635    





Min Delay Paths
--------------------------------------------------------------------------------------
Slack (VIOLATED) :        -0.502ns  (arrival time - required time)
  Source:                 e_valid
                            (input port clocked by clk  {rise@0.000ns fall@5.000ns period=10.000ns})
  Destination:            valid_s1_reg/D
                            (rising edge-triggered cell FDCE clocked by clk  {rise@0.000ns fall@5.000ns period=10.000ns})
  Path Group:             clk
  Path Type:              Hold (Min at Slow Process Corner)
  Requirement:            0.000ns  (clk rise@0.000ns - clk rise@0.000ns)
  Data Path Delay:        0.924ns  (logic 0.000ns (0.000%)  route 0.924ns (100.000%))
  Logic Levels:           0  
  Input Delay:            0.000ns
  Clock Path Skew:        0.973ns (DCD - SCD - CPR)
    Destination Clock Delay (DCD):    0.973ns
    Source Clock Delay      (SCD):    0.000ns
    Clock Pessimism Removal (CPR):    -0.000ns
  Clock Uncertainty:      0.035ns  ((TSJ^2 + TIJ^2)^1/2 + DJ) / 2 + PE
    Total System Jitter     (TSJ):    0.071ns
    Total Input Jitter      (TIJ):    0.000ns
    Discrete Jitter          (DJ):    0.000ns
    Phase Error              (PE):    0.000ns

    Location             Delay type                Incr(ns)  Path(ns)    Netlist Resource(s)
  -------------------------------------------------------------------    -------------------
                         (clock clk rise edge)        0.000     0.000 r  
                         input delay                  0.000     0.000    
                                                      0.000     0.000 r  e_valid (IN)
                         net (fo=4, unset)            0.924     0.924    e_valid
    SLICE_X32Y72         FDCE                                         r  valid_s1_reg/D
  -------------------------------------------------------------------    -------------------

                         (clock clk rise edge)        0.000     0.000 r  
                                                      0.000     0.000 r  clk (IN)
                         net (fo=53, unset)           0.973     0.973    clk
    SLICE_X32Y72         FDCE                                         r  valid_s1_reg/C
                         clock pessimism              0.000     0.973    
                         clock uncertainty            0.035     1.008    
    SLICE_X32Y72         FDCE (Hold_fdce_C_D)         0.418     1.426    valid_s1_reg
  -------------------------------------------------------------------
                         required time                         -1.426    
                         arrival time                           0.924    
  -------------------------------------------------------------------
                         slack                                 -0.502    





Pulse Width Checks
--------------------------------------------------------------------------------------
Clock Name:         clk
Waveform(ns):       { 0.000 5.000 }
Period(ns):         10.000
Sources:            { clk }

Check Type        Corner  Lib Pin      Reference Pin  Required(ns)  Actual(ns)  Slack(ns)  Location      Pin
Min Period        n/a     DSP48E1/CLK  n/a            2.154         10.000      7.846      DSP48_X2Y28   prod_k1_r/CLK
Low Pulse Width   Slow    FDCE/C       n/a            0.500         5.000       4.500      SLICE_X33Y75  v_pi_out_reg[0]/C
High Pulse Width  Slow    FDCE/C       n/a            0.500         5.000       4.500      SLICE_X33Y75  v_pi_out_reg[0]/C



