Copyright 1986-2022 Xilinx, Inc. All Rights Reserved. Copyright 2022-2023 Advanced Micro Devices, Inc. All Rights Reserved.
---------------------------------------------------------------------------------------------------------------------------------------------------
| Tool Version : Vivado v.2023.2 (lin64) Build 4029153 Fri Oct 13 20:13:54 MDT 2023
| Date         : Wed May 20 01:30:36 2026
| Host         : PC105355 running 64-bit Ubuntu 24.04.4 LTS
| Command      : report_timing -delay_type max -max_paths 10 -nworst 10 -path_type full -file syn/reports/sync_ted_gardner_100mhz_timing_paths.rpt
| Design       : sync_ted_gardner
| Device       : 7z020-clg484
| Speed File   : -1  PRODUCTION 1.12 2019-11-22
| Design State : Routed
---------------------------------------------------------------------------------------------------------------------------------------------------

Timing Report

Slack (MET) :             4.674ns  (required time - arrival time)
  Source:                 e_out_reg[15]_i_7/C
                            (rising edge-triggered cell FDCE clocked by clk  {rise@0.000ns fall@5.000ns period=10.000ns})
  Destination:            e_out_reg[0]/D
                            (rising edge-triggered cell FDCE clocked by clk  {rise@0.000ns fall@5.000ns period=10.000ns})
  Path Group:             clk
  Path Type:              Setup (Max at Slow Process Corner)
  Requirement:            10.000ns  (clk rise@10.000ns - clk rise@0.000ns)
  Data Path Delay:        5.271ns  (logic 2.575ns (48.856%)  route 2.696ns (51.144%))
  Logic Levels:           10  (CARRY4=8 LUT4=1 LUT5=1)
  Clock Path Skew:        -0.049ns (DCD - SCD + CPR)
    Destination Clock Delay (DCD):    0.924ns = ( 10.924 - 10.000 ) 
    Source Clock Delay      (SCD):    0.973ns
    Clock Pessimism Removal (CPR):    0.000ns
  Clock Uncertainty:      0.035ns  ((TSJ^2 + TIJ^2)^1/2 + DJ) / 2 + PE
    Total System Jitter     (TSJ):    0.071ns
    Total Input Jitter      (TIJ):    0.000ns
    Discrete Jitter          (DJ):    0.000ns
    Phase Error              (PE):    0.000ns

    Location             Delay type                Incr(ns)  Path(ns)    Netlist Resource(s)
  -------------------------------------------------------------------    -------------------
                         (clock clk rise edge)        0.000     0.000 r  
                         propagated clock network latency
                                                      0.973     0.973    
    SLICE_X39Y59         FDCE                         0.000     0.973 r  e_out_reg[15]_i_7/C
    SLICE_X39Y59         FDCE (Prop_fdce_C_Q)         0.419     1.392 r  e_out_reg[15]_i_7/Q
                         net (fo=67, routed)          1.445     2.837    e_out_reg[15]_i_7_n_0
    SLICE_X36Y56         LUT4 (Prop_lut4_I0_O)        0.299     3.136 r  e_out[0]_i_36/O
                         net (fo=1, routed)           0.000     3.136    e_out[0]_i_36_n_0
    SLICE_X36Y56         CARRY4 (Prop_carry4_S[1]_CO[3])
                                                      0.533     3.669 r  e_out_reg[0]_i_21/CO[3]
                         net (fo=1, routed)           0.000     3.669    e_out_reg[0]_i_21_n_0
    SLICE_X36Y57         CARRY4 (Prop_carry4_CI_CO[3])
                                                      0.117     3.786 r  e_out_reg[0]_i_12/CO[3]
                         net (fo=1, routed)           0.000     3.786    e_out_reg[0]_i_12_n_0
    SLICE_X36Y58         CARRY4 (Prop_carry4_CI_CO[3])
                                                      0.117     3.903 r  e_out_reg[0]_i_3/CO[3]
                         net (fo=1, routed)           0.000     3.903    e_out_reg[0]_i_3_n_0
    SLICE_X36Y59         CARRY4 (Prop_carry4_CI_CO[3])
                                                      0.117     4.020 r  e_out_reg[0]_i_2/CO[3]
                         net (fo=1, routed)           0.000     4.020    e_out_reg[0]_i_2_n_0
    SLICE_X36Y60         CARRY4 (Prop_carry4_CI_CO[3])
                                                      0.117     4.137 r  e_out_reg[4]_i_2/CO[3]
                         net (fo=1, routed)           0.000     4.137    e_out_reg[4]_i_2_n_0
    SLICE_X36Y61         CARRY4 (Prop_carry4_CI_CO[3])
                                                      0.117     4.254 r  e_out_reg[8]_i_2/CO[3]
                         net (fo=1, routed)           0.000     4.254    e_out_reg[8]_i_2_n_0
    SLICE_X36Y62         CARRY4 (Prop_carry4_CI_CO[3])
                                                      0.117     4.371 r  e_out_reg[12]_i_2/CO[3]
                         net (fo=1, routed)           0.000     4.371    e_out_reg[12]_i_2_n_0
    SLICE_X36Y63         CARRY4 (Prop_carry4_CI_O[3])
                                                      0.315     4.686 r  e_out_reg[14]_i_2/O[3]
                         net (fo=15, routed)          1.250     5.937    p_0_in[1]
    SLICE_X37Y59         LUT5 (Prop_lut5_I3_O)        0.307     6.244 r  e_out[0]_i_1/O
                         net (fo=1, routed)           0.000     6.244    e_rounded[0]
    SLICE_X37Y59         FDCE                                         r  e_out_reg[0]/D
  -------------------------------------------------------------------    -------------------

                         (clock clk rise edge)       10.000    10.000 r  
                         propagated clock network latency
                                                      0.924    10.924    
                         clock pessimism              0.000    10.924    
                         clock uncertainty           -0.035    10.889    
    SLICE_X37Y59         FDCE (Setup_fdce_C_D)        0.029    10.918    e_out_reg[0]
  -------------------------------------------------------------------
                         required time                         10.918    
                         arrival time                          -6.244    
  -------------------------------------------------------------------
                         slack                                  4.674    

Slack (MET) :             4.674ns  (required time - arrival time)
  Source:                 e_out_reg[15]_i_7/C
                            (rising edge-triggered cell FDCE clocked by clk  {rise@0.000ns fall@5.000ns period=10.000ns})
  Destination:            e_out_reg[0]/D
                            (rising edge-triggered cell FDCE clocked by clk  {rise@0.000ns fall@5.000ns period=10.000ns})
  Path Group:             clk
  Path Type:              Setup (Max at Slow Process Corner)
  Requirement:            10.000ns  (clk rise@10.000ns - clk rise@0.000ns)
  Data Path Delay:        5.271ns  (logic 2.575ns (48.856%)  route 2.696ns (51.144%))
  Logic Levels:           10  (CARRY4=8 LUT4=1 LUT5=1)
  Clock Path Skew:        -0.049ns (DCD - SCD + CPR)
    Destination Clock Delay (DCD):    0.924ns = ( 10.924 - 10.000 ) 
    Source Clock Delay      (SCD):    0.973ns
    Clock Pessimism Removal (CPR):    0.000ns
  Clock Uncertainty:      0.035ns  ((TSJ^2 + TIJ^2)^1/2 + DJ) / 2 + PE
    Total System Jitter     (TSJ):    0.071ns
    Total Input Jitter      (TIJ):    0.000ns
    Discrete Jitter          (DJ):    0.000ns
    Phase Error              (PE):    0.000ns

    Location             Delay type                Incr(ns)  Path(ns)    Netlist Resource(s)
  -------------------------------------------------------------------    -------------------
                         (clock clk rise edge)        0.000     0.000 r  
                         propagated clock network latency
                                                      0.973     0.973    
    SLICE_X39Y59         FDCE                         0.000     0.973 r  e_out_reg[15]_i_7/C
    SLICE_X39Y59         FDCE (Prop_fdce_C_Q)         0.419     1.392 f  e_out_reg[15]_i_7/Q
                         net (fo=67, routed)          1.445     2.837    e_out_reg[15]_i_7_n_0
    SLICE_X36Y56         LUT4 (Prop_lut4_I0_O)        0.299     3.136 r  e_out[0]_i_36/O
                         net (fo=1, routed)           0.000     3.136    e_out[0]_i_36_n_0
    SLICE_X36Y56         CARRY4 (Prop_carry4_S[1]_CO[3])
                                                      0.533     3.669 r  e_out_reg[0]_i_21/CO[3]
                         net (fo=1, routed)           0.000     3.669    e_out_reg[0]_i_21_n_0
    SLICE_X36Y57         CARRY4 (Prop_carry4_CI_CO[3])
                                                      0.117     3.786 r  e_out_reg[0]_i_12/CO[3]
                         net (fo=1, routed)           0.000     3.786    e_out_reg[0]_i_12_n_0
    SLICE_X36Y58         CARRY4 (Prop_carry4_CI_CO[3])
                                                      0.117     3.903 r  e_out_reg[0]_i_3/CO[3]
                         net (fo=1, routed)           0.000     3.903    e_out_reg[0]_i_3_n_0
    SLICE_X36Y59         CARRY4 (Prop_carry4_CI_CO[3])
                                                      0.117     4.020 r  e_out_reg[0]_i_2/CO[3]
                         net (fo=1, routed)           0.000     4.020    e_out_reg[0]_i_2_n_0
    SLICE_X36Y60         CARRY4 (Prop_carry4_CI_CO[3])
                                                      0.117     4.137 r  e_out_reg[4]_i_2/CO[3]
                         net (fo=1, routed)           0.000     4.137    e_out_reg[4]_i_2_n_0
    SLICE_X36Y61         CARRY4 (Prop_carry4_CI_CO[3])
                                                      0.117     4.254 r  e_out_reg[8]_i_2/CO[3]
                         net (fo=1, routed)           0.000     4.254    e_out_reg[8]_i_2_n_0
    SLICE_X36Y62         CARRY4 (Prop_carry4_CI_CO[3])
                                                      0.117     4.371 r  e_out_reg[12]_i_2/CO[3]
                         net (fo=1, routed)           0.000     4.371    e_out_reg[12]_i_2_n_0
    SLICE_X36Y63         CARRY4 (Prop_carry4_CI_O[3])
                                                      0.315     4.686 r  e_out_reg[14]_i_2/O[3]
                         net (fo=15, routed)          1.250     5.937    p_0_in[1]
    SLICE_X37Y59         LUT5 (Prop_lut5_I3_O)        0.307     6.244 r  e_out[0]_i_1/O
                         net (fo=1, routed)           0.000     6.244    e_rounded[0]
    SLICE_X37Y59         FDCE                                         r  e_out_reg[0]/D
  -------------------------------------------------------------------    -------------------

                         (clock clk rise edge)       10.000    10.000 r  
                         propagated clock network latency
                                                      0.924    10.924    
                         clock pessimism              0.000    10.924    
                         clock uncertainty           -0.035    10.889    
    SLICE_X37Y59         FDCE (Setup_fdce_C_D)        0.029    10.918    e_out_reg[0]
  -------------------------------------------------------------------
                         required time                         10.918    
                         arrival time                          -6.244    
  -------------------------------------------------------------------
                         slack                                  4.674    

Slack (MET) :             4.674ns  (required time - arrival time)
  Source:                 e_out_reg[15]_i_7/C
                            (rising edge-triggered cell FDCE clocked by clk  {rise@0.000ns fall@5.000ns period=10.000ns})
  Destination:            e_out_reg[0]/D
                            (rising edge-triggered cell FDCE clocked by clk  {rise@0.000ns fall@5.000ns period=10.000ns})
  Path Group:             clk
  Path Type:              Setup (Max at Slow Process Corner)
  Requirement:            10.000ns  (clk rise@10.000ns - clk rise@0.000ns)
  Data Path Delay:        5.271ns  (logic 2.575ns (48.856%)  route 2.696ns (51.144%))
  Logic Levels:           10  (CARRY4=8 LUT4=1 LUT5=1)
  Clock Path Skew:        -0.049ns (DCD - SCD + CPR)
    Destination Clock Delay (DCD):    0.924ns = ( 10.924 - 10.000 ) 
    Source Clock Delay      (SCD):    0.973ns
    Clock Pessimism Removal (CPR):    0.000ns
  Clock Uncertainty:      0.035ns  ((TSJ^2 + TIJ^2)^1/2 + DJ) / 2 + PE
    Total System Jitter     (TSJ):    0.071ns
    Total Input Jitter      (TIJ):    0.000ns
    Discrete Jitter          (DJ):    0.000ns
    Phase Error              (PE):    0.000ns

    Location             Delay type                Incr(ns)  Path(ns)    Netlist Resource(s)
  -------------------------------------------------------------------    -------------------
                         (clock clk rise edge)        0.000     0.000 r  
                         propagated clock network latency
                                                      0.973     0.973    
    SLICE_X39Y59         FDCE                         0.000     0.973 r  e_out_reg[15]_i_7/C
    SLICE_X39Y59         FDCE (Prop_fdce_C_Q)         0.419     1.392 r  e_out_reg[15]_i_7/Q
                         net (fo=67, routed)          1.445     2.837    e_out_reg[15]_i_7_n_0
    SLICE_X36Y56         LUT4 (Prop_lut4_I0_O)        0.299     3.136 f  e_out[0]_i_36/O
                         net (fo=1, routed)           0.000     3.136    e_out[0]_i_36_n_0
    SLICE_X36Y56         CARRY4 (Prop_carry4_S[1]_CO[3])
                                                      0.533     3.669 r  e_out_reg[0]_i_21/CO[3]
                         net (fo=1, routed)           0.000     3.669    e_out_reg[0]_i_21_n_0
    SLICE_X36Y57         CARRY4 (Prop_carry4_CI_CO[3])
                                                      0.117     3.786 r  e_out_reg[0]_i_12/CO[3]
                         net (fo=1, routed)           0.000     3.786    e_out_reg[0]_i_12_n_0
    SLICE_X36Y58         CARRY4 (Prop_carry4_CI_CO[3])
                                                      0.117     3.903 r  e_out_reg[0]_i_3/CO[3]
                         net (fo=1, routed)           0.000     3.903    e_out_reg[0]_i_3_n_0
    SLICE_X36Y59         CARRY4 (Prop_carry4_CI_CO[3])
                                                      0.117     4.020 r  e_out_reg[0]_i_2/CO[3]
                         net (fo=1, routed)           0.000     4.020    e_out_reg[0]_i_2_n_0
    SLICE_X36Y60         CARRY4 (Prop_carry4_CI_CO[3])
                                                      0.117     4.137 r  e_out_reg[4]_i_2/CO[3]
                         net (fo=1, routed)           0.000     4.137    e_out_reg[4]_i_2_n_0
    SLICE_X36Y61         CARRY4 (Prop_carry4_CI_CO[3])
                                                      0.117     4.254 r  e_out_reg[8]_i_2/CO[3]
                         net (fo=1, routed)           0.000     4.254    e_out_reg[8]_i_2_n_0
    SLICE_X36Y62         CARRY4 (Prop_carry4_CI_CO[3])
                                                      0.117     4.371 r  e_out_reg[12]_i_2/CO[3]
                         net (fo=1, routed)           0.000     4.371    e_out_reg[12]_i_2_n_0
    SLICE_X36Y63         CARRY4 (Prop_carry4_CI_O[3])
                                                      0.315     4.686 r  e_out_reg[14]_i_2/O[3]
                         net (fo=15, routed)          1.250     5.937    p_0_in[1]
    SLICE_X37Y59         LUT5 (Prop_lut5_I3_O)        0.307     6.244 r  e_out[0]_i_1/O
                         net (fo=1, routed)           0.000     6.244    e_rounded[0]
    SLICE_X37Y59         FDCE                                         r  e_out_reg[0]/D
  -------------------------------------------------------------------    -------------------

                         (clock clk rise edge)       10.000    10.000 r  
                         propagated clock network latency
                                                      0.924    10.924    
                         clock pessimism              0.000    10.924    
                         clock uncertainty           -0.035    10.889    
    SLICE_X37Y59         FDCE (Setup_fdce_C_D)        0.029    10.918    e_out_reg[0]
  -------------------------------------------------------------------
                         required time                         10.918    
                         arrival time                          -6.244    
  -------------------------------------------------------------------
                         slack                                  4.674    

Slack (MET) :             4.674ns  (required time - arrival time)
  Source:                 e_out_reg[15]_i_7/C
                            (rising edge-triggered cell FDCE clocked by clk  {rise@0.000ns fall@5.000ns period=10.000ns})
  Destination:            e_out_reg[0]/D
                            (rising edge-triggered cell FDCE clocked by clk  {rise@0.000ns fall@5.000ns period=10.000ns})
  Path Group:             clk
  Path Type:              Setup (Max at Slow Process Corner)
  Requirement:            10.000ns  (clk rise@10.000ns - clk rise@0.000ns)
  Data Path Delay:        5.271ns  (logic 2.575ns (48.856%)  route 2.696ns (51.144%))
  Logic Levels:           10  (CARRY4=8 LUT4=1 LUT5=1)
  Clock Path Skew:        -0.049ns (DCD - SCD + CPR)
    Destination Clock Delay (DCD):    0.924ns = ( 10.924 - 10.000 ) 
    Source Clock Delay      (SCD):    0.973ns
    Clock Pessimism Removal (CPR):    0.000ns
  Clock Uncertainty:      0.035ns  ((TSJ^2 + TIJ^2)^1/2 + DJ) / 2 + PE
    Total System Jitter     (TSJ):    0.071ns
    Total Input Jitter      (TIJ):    0.000ns
    Discrete Jitter          (DJ):    0.000ns
    Phase Error              (PE):    0.000ns

    Location             Delay type                Incr(ns)  Path(ns)    Netlist Resource(s)
  -------------------------------------------------------------------    -------------------
                         (clock clk rise edge)        0.000     0.000 r  
                         propagated clock network latency
                                                      0.973     0.973    
    SLICE_X39Y59         FDCE                         0.000     0.973 r  e_out_reg[15]_i_7/C
    SLICE_X39Y59         FDCE (Prop_fdce_C_Q)         0.419     1.392 f  e_out_reg[15]_i_7/Q
                         net (fo=67, routed)          1.445     2.837    e_out_reg[15]_i_7_n_0
    SLICE_X36Y56         LUT4 (Prop_lut4_I0_O)        0.299     3.136 f  e_out[0]_i_36/O
                         net (fo=1, routed)           0.000     3.136    e_out[0]_i_36_n_0
    SLICE_X36Y56         CARRY4 (Prop_carry4_S[1]_CO[3])
                                                      0.533     3.669 r  e_out_reg[0]_i_21/CO[3]
                         net (fo=1, routed)           0.000     3.669    e_out_reg[0]_i_21_n_0
    SLICE_X36Y57         CARRY4 (Prop_carry4_CI_CO[3])
                                                      0.117     3.786 r  e_out_reg[0]_i_12/CO[3]
                         net (fo=1, routed)           0.000     3.786    e_out_reg[0]_i_12_n_0
    SLICE_X36Y58         CARRY4 (Prop_carry4_CI_CO[3])
                                                      0.117     3.903 r  e_out_reg[0]_i_3/CO[3]
                         net (fo=1, routed)           0.000     3.903    e_out_reg[0]_i_3_n_0
    SLICE_X36Y59         CARRY4 (Prop_carry4_CI_CO[3])
                                                      0.117     4.020 r  e_out_reg[0]_i_2/CO[3]
                         net (fo=1, routed)           0.000     4.020    e_out_reg[0]_i_2_n_0
    SLICE_X36Y60         CARRY4 (Prop_carry4_CI_CO[3])
                                                      0.117     4.137 r  e_out_reg[4]_i_2/CO[3]
                         net (fo=1, routed)           0.000     4.137    e_out_reg[4]_i_2_n_0
    SLICE_X36Y61         CARRY4 (Prop_carry4_CI_CO[3])
                                                      0.117     4.254 r  e_out_reg[8]_i_2/CO[3]
                         net (fo=1, routed)           0.000     4.254    e_out_reg[8]_i_2_n_0
    SLICE_X36Y62         CARRY4 (Prop_carry4_CI_CO[3])
                                                      0.117     4.371 r  e_out_reg[12]_i_2/CO[3]
                         net (fo=1, routed)           0.000     4.371    e_out_reg[12]_i_2_n_0
    SLICE_X36Y63         CARRY4 (Prop_carry4_CI_O[3])
                                                      0.315     4.686 r  e_out_reg[14]_i_2/O[3]
                         net (fo=15, routed)          1.250     5.937    p_0_in[1]
    SLICE_X37Y59         LUT5 (Prop_lut5_I3_O)        0.307     6.244 r  e_out[0]_i_1/O
                         net (fo=1, routed)           0.000     6.244    e_rounded[0]
    SLICE_X37Y59         FDCE                                         r  e_out_reg[0]/D
  -------------------------------------------------------------------    -------------------

                         (clock clk rise edge)       10.000    10.000 r  
                         propagated clock network latency
                                                      0.924    10.924    
                         clock pessimism              0.000    10.924    
                         clock uncertainty           -0.035    10.889    
    SLICE_X37Y59         FDCE (Setup_fdce_C_D)        0.029    10.918    e_out_reg[0]
  -------------------------------------------------------------------
                         required time                         10.918    
                         arrival time                          -6.244    
  -------------------------------------------------------------------
                         slack                                  4.674    

Slack (MET) :             4.674ns  (required time - arrival time)
  Source:                 e_out_reg[15]_i_7/C
                            (rising edge-triggered cell FDCE clocked by clk  {rise@0.000ns fall@5.000ns period=10.000ns})
  Destination:            e_out_reg[0]/D
                            (rising edge-triggered cell FDCE clocked by clk  {rise@0.000ns fall@5.000ns period=10.000ns})
  Path Group:             clk
  Path Type:              Setup (Max at Slow Process Corner)
  Requirement:            10.000ns  (clk rise@10.000ns - clk rise@0.000ns)
  Data Path Delay:        5.271ns  (logic 2.575ns (48.856%)  route 2.696ns (51.144%))
  Logic Levels:           10  (CARRY4=8 LUT4=1 LUT5=1)
  Clock Path Skew:        -0.049ns (DCD - SCD + CPR)
    Destination Clock Delay (DCD):    0.924ns = ( 10.924 - 10.000 ) 
    Source Clock Delay      (SCD):    0.973ns
    Clock Pessimism Removal (CPR):    0.000ns
  Clock Uncertainty:      0.035ns  ((TSJ^2 + TIJ^2)^1/2 + DJ) / 2 + PE
    Total System Jitter     (TSJ):    0.071ns
    Total Input Jitter      (TIJ):    0.000ns
    Discrete Jitter          (DJ):    0.000ns
    Phase Error              (PE):    0.000ns

    Location             Delay type                Incr(ns)  Path(ns)    Netlist Resource(s)
  -------------------------------------------------------------------    -------------------
                         (clock clk rise edge)        0.000     0.000 r  
                         propagated clock network latency
                                                      0.973     0.973    
    SLICE_X39Y59         FDCE                         0.000     0.973 r  e_out_reg[15]_i_7/C
    SLICE_X39Y59         FDCE (Prop_fdce_C_Q)         0.419     1.392 r  e_out_reg[15]_i_7/Q
                         net (fo=67, routed)          1.445     2.837    e_out_reg[15]_i_7_n_0
    SLICE_X36Y56         LUT4 (Prop_lut4_I0_O)        0.299     3.136 r  e_out[0]_i_36/O
                         net (fo=1, routed)           0.000     3.136    e_out[0]_i_36_n_0
    SLICE_X36Y56         CARRY4 (Prop_carry4_S[1]_CO[3])
                                                      0.533     3.669 f  e_out_reg[0]_i_21/CO[3]
                         net (fo=1, routed)           0.000     3.669    e_out_reg[0]_i_21_n_0
    SLICE_X36Y57         CARRY4 (Prop_carry4_CI_CO[3])
                                                      0.117     3.786 r  e_out_reg[0]_i_12/CO[3]
                         net (fo=1, routed)           0.000     3.786    e_out_reg[0]_i_12_n_0
    SLICE_X36Y58         CARRY4 (Prop_carry4_CI_CO[3])
                                                      0.117     3.903 r  e_out_reg[0]_i_3/CO[3]
                         net (fo=1, routed)           0.000     3.903    e_out_reg[0]_i_3_n_0
    SLICE_X36Y59         CARRY4 (Prop_carry4_CI_CO[3])
                                                      0.117     4.020 r  e_out_reg[0]_i_2/CO[3]
                         net (fo=1, routed)           0.000     4.020    e_out_reg[0]_i_2_n_0
    SLICE_X36Y60         CARRY4 (Prop_carry4_CI_CO[3])
                                                      0.117     4.137 r  e_out_reg[4]_i_2/CO[3]
                         net (fo=1, routed)           0.000     4.137    e_out_reg[4]_i_2_n_0
    SLICE_X36Y61         CARRY4 (Prop_carry4_CI_CO[3])
                                                      0.117     4.254 r  e_out_reg[8]_i_2/CO[3]
                         net (fo=1, routed)           0.000     4.254    e_out_reg[8]_i_2_n_0
    SLICE_X36Y62         CARRY4 (Prop_carry4_CI_CO[3])
                                                      0.117     4.371 r  e_out_reg[12]_i_2/CO[3]
                         net (fo=1, routed)           0.000     4.371    e_out_reg[12]_i_2_n_0
    SLICE_X36Y63         CARRY4 (Prop_carry4_CI_O[3])
                                                      0.315     4.686 r  e_out_reg[14]_i_2/O[3]
                         net (fo=15, routed)          1.250     5.937    p_0_in[1]
    SLICE_X37Y59         LUT5 (Prop_lut5_I3_O)        0.307     6.244 r  e_out[0]_i_1/O
                         net (fo=1, routed)           0.000     6.244    e_rounded[0]
    SLICE_X37Y59         FDCE                                         r  e_out_reg[0]/D
  -------------------------------------------------------------------    -------------------

                         (clock clk rise edge)       10.000    10.000 r  
                         propagated clock network latency
                                                      0.924    10.924    
                         clock pessimism              0.000    10.924    
                         clock uncertainty           -0.035    10.889    
    SLICE_X37Y59         FDCE (Setup_fdce_C_D)        0.029    10.918    e_out_reg[0]
  -------------------------------------------------------------------
                         required time                         10.918    
                         arrival time                          -6.244    
  -------------------------------------------------------------------
                         slack                                  4.674    

Slack (MET) :             4.674ns  (required time - arrival time)
  Source:                 e_out_reg[15]_i_7/C
                            (rising edge-triggered cell FDCE clocked by clk  {rise@0.000ns fall@5.000ns period=10.000ns})
  Destination:            e_out_reg[0]/D
                            (rising edge-triggered cell FDCE clocked by clk  {rise@0.000ns fall@5.000ns period=10.000ns})
  Path Group:             clk
  Path Type:              Setup (Max at Slow Process Corner)
  Requirement:            10.000ns  (clk rise@10.000ns - clk rise@0.000ns)
  Data Path Delay:        5.271ns  (logic 2.575ns (48.856%)  route 2.696ns (51.144%))
  Logic Levels:           10  (CARRY4=8 LUT4=1 LUT5=1)
  Clock Path Skew:        -0.049ns (DCD - SCD + CPR)
    Destination Clock Delay (DCD):    0.924ns = ( 10.924 - 10.000 ) 
    Source Clock Delay      (SCD):    0.973ns
    Clock Pessimism Removal (CPR):    0.000ns
  Clock Uncertainty:      0.035ns  ((TSJ^2 + TIJ^2)^1/2 + DJ) / 2 + PE
    Total System Jitter     (TSJ):    0.071ns
    Total Input Jitter      (TIJ):    0.000ns
    Discrete Jitter          (DJ):    0.000ns
    Phase Error              (PE):    0.000ns

    Location             Delay type                Incr(ns)  Path(ns)    Netlist Resource(s)
  -------------------------------------------------------------------    -------------------
                         (clock clk rise edge)        0.000     0.000 r  
                         propagated clock network latency
                                                      0.973     0.973    
    SLICE_X39Y59         FDCE                         0.000     0.973 r  e_out_reg[15]_i_7/C
    SLICE_X39Y59         FDCE (Prop_fdce_C_Q)         0.419     1.392 f  e_out_reg[15]_i_7/Q
                         net (fo=67, routed)          1.445     2.837    e_out_reg[15]_i_7_n_0
    SLICE_X36Y56         LUT4 (Prop_lut4_I0_O)        0.299     3.136 r  e_out[0]_i_36/O
                         net (fo=1, routed)           0.000     3.136    e_out[0]_i_36_n_0
    SLICE_X36Y56         CARRY4 (Prop_carry4_S[1]_CO[3])
                                                      0.533     3.669 f  e_out_reg[0]_i_21/CO[3]
                         net (fo=1, routed)           0.000     3.669    e_out_reg[0]_i_21_n_0
    SLICE_X36Y57         CARRY4 (Prop_carry4_CI_CO[3])
                                                      0.117     3.786 r  e_out_reg[0]_i_12/CO[3]
                         net (fo=1, routed)           0.000     3.786    e_out_reg[0]_i_12_n_0
    SLICE_X36Y58         CARRY4 (Prop_carry4_CI_CO[3])
                                                      0.117     3.903 r  e_out_reg[0]_i_3/CO[3]
                         net (fo=1, routed)           0.000     3.903    e_out_reg[0]_i_3_n_0
    SLICE_X36Y59         CARRY4 (Prop_carry4_CI_CO[3])
                                                      0.117     4.020 r  e_out_reg[0]_i_2/CO[3]
                         net (fo=1, routed)           0.000     4.020    e_out_reg[0]_i_2_n_0
    SLICE_X36Y60         CARRY4 (Prop_carry4_CI_CO[3])
                                                      0.117     4.137 r  e_out_reg[4]_i_2/CO[3]
                         net (fo=1, routed)           0.000     4.137    e_out_reg[4]_i_2_n_0
    SLICE_X36Y61         CARRY4 (Prop_carry4_CI_CO[3])
                                                      0.117     4.254 r  e_out_reg[8]_i_2/CO[3]
                         net (fo=1, routed)           0.000     4.254    e_out_reg[8]_i_2_n_0
    SLICE_X36Y62         CARRY4 (Prop_carry4_CI_CO[3])
                                                      0.117     4.371 r  e_out_reg[12]_i_2/CO[3]
                         net (fo=1, routed)           0.000     4.371    e_out_reg[12]_i_2_n_0
    SLICE_X36Y63         CARRY4 (Prop_carry4_CI_O[3])
                                                      0.315     4.686 r  e_out_reg[14]_i_2/O[3]
                         net (fo=15, routed)          1.250     5.937    p_0_in[1]
    SLICE_X37Y59         LUT5 (Prop_lut5_I3_O)        0.307     6.244 r  e_out[0]_i_1/O
                         net (fo=1, routed)           0.000     6.244    e_rounded[0]
    SLICE_X37Y59         FDCE                                         r  e_out_reg[0]/D
  -------------------------------------------------------------------    -------------------

                         (clock clk rise edge)       10.000    10.000 r  
                         propagated clock network latency
                                                      0.924    10.924    
                         clock pessimism              0.000    10.924    
                         clock uncertainty           -0.035    10.889    
    SLICE_X37Y59         FDCE (Setup_fdce_C_D)        0.029    10.918    e_out_reg[0]
  -------------------------------------------------------------------
                         required time                         10.918    
                         arrival time                          -6.244    
  -------------------------------------------------------------------
                         slack                                  4.674    

Slack (MET) :             4.674ns  (required time - arrival time)
  Source:                 e_out_reg[15]_i_7/C
                            (rising edge-triggered cell FDCE clocked by clk  {rise@0.000ns fall@5.000ns period=10.000ns})
  Destination:            e_out_reg[0]/D
                            (rising edge-triggered cell FDCE clocked by clk  {rise@0.000ns fall@5.000ns period=10.000ns})
  Path Group:             clk
  Path Type:              Setup (Max at Slow Process Corner)
  Requirement:            10.000ns  (clk rise@10.000ns - clk rise@0.000ns)
  Data Path Delay:        5.271ns  (logic 2.575ns (48.856%)  route 2.696ns (51.144%))
  Logic Levels:           10  (CARRY4=8 LUT4=1 LUT5=1)
  Clock Path Skew:        -0.049ns (DCD - SCD + CPR)
    Destination Clock Delay (DCD):    0.924ns = ( 10.924 - 10.000 ) 
    Source Clock Delay      (SCD):    0.973ns
    Clock Pessimism Removal (CPR):    0.000ns
  Clock Uncertainty:      0.035ns  ((TSJ^2 + TIJ^2)^1/2 + DJ) / 2 + PE
    Total System Jitter     (TSJ):    0.071ns
    Total Input Jitter      (TIJ):    0.000ns
    Discrete Jitter          (DJ):    0.000ns
    Phase Error              (PE):    0.000ns

    Location             Delay type                Incr(ns)  Path(ns)    Netlist Resource(s)
  -------------------------------------------------------------------    -------------------
                         (clock clk rise edge)        0.000     0.000 r  
                         propagated clock network latency
                                                      0.973     0.973    
    SLICE_X39Y59         FDCE                         0.000     0.973 r  e_out_reg[15]_i_7/C
    SLICE_X39Y59         FDCE (Prop_fdce_C_Q)         0.419     1.392 r  e_out_reg[15]_i_7/Q
                         net (fo=67, routed)          1.445     2.837    e_out_reg[15]_i_7_n_0
    SLICE_X36Y56         LUT4 (Prop_lut4_I0_O)        0.299     3.136 r  e_out[0]_i_36/O
                         net (fo=1, routed)           0.000     3.136    e_out[0]_i_36_n_0
    SLICE_X36Y56         CARRY4 (Prop_carry4_S[1]_CO[3])
                                                      0.533     3.669 r  e_out_reg[0]_i_21/CO[3]
                         net (fo=1, routed)           0.000     3.669    e_out_reg[0]_i_21_n_0
    SLICE_X36Y57         CARRY4 (Prop_carry4_CI_CO[3])
                                                      0.117     3.786 r  e_out_reg[0]_i_12/CO[3]
                         net (fo=1, routed)           0.000     3.786    e_out_reg[0]_i_12_n_0
    SLICE_X36Y58         CARRY4 (Prop_carry4_CI_CO[3])
                                                      0.117     3.903 f  e_out_reg[0]_i_3/CO[3]
                         net (fo=1, routed)           0.000     3.903    e_out_reg[0]_i_3_n_0
    SLICE_X36Y59         CARRY4 (Prop_carry4_CI_CO[3])
                                                      0.117     4.020 r  e_out_reg[0]_i_2/CO[3]
                         net (fo=1, routed)           0.000     4.020    e_out_reg[0]_i_2_n_0
    SLICE_X36Y60         CARRY4 (Prop_carry4_CI_CO[3])
                                                      0.117     4.137 r  e_out_reg[4]_i_2/CO[3]
                         net (fo=1, routed)           0.000     4.137    e_out_reg[4]_i_2_n_0
    SLICE_X36Y61         CARRY4 (Prop_carry4_CI_CO[3])
                                                      0.117     4.254 r  e_out_reg[8]_i_2/CO[3]
                         net (fo=1, routed)           0.000     4.254    e_out_reg[8]_i_2_n_0
    SLICE_X36Y62         CARRY4 (Prop_carry4_CI_CO[3])
                                                      0.117     4.371 r  e_out_reg[12]_i_2/CO[3]
                         net (fo=1, routed)           0.000     4.371    e_out_reg[12]_i_2_n_0
    SLICE_X36Y63         CARRY4 (Prop_carry4_CI_O[3])
                                                      0.315     4.686 r  e_out_reg[14]_i_2/O[3]
                         net (fo=15, routed)          1.250     5.937    p_0_in[1]
    SLICE_X37Y59         LUT5 (Prop_lut5_I3_O)        0.307     6.244 r  e_out[0]_i_1/O
                         net (fo=1, routed)           0.000     6.244    e_rounded[0]
    SLICE_X37Y59         FDCE                                         r  e_out_reg[0]/D
  -------------------------------------------------------------------    -------------------

                         (clock clk rise edge)       10.000    10.000 r  
                         propagated clock network latency
                                                      0.924    10.924    
                         clock pessimism              0.000    10.924    
                         clock uncertainty           -0.035    10.889    
    SLICE_X37Y59         FDCE (Setup_fdce_C_D)        0.029    10.918    e_out_reg[0]
  -------------------------------------------------------------------
                         required time                         10.918    
                         arrival time                          -6.244    
  -------------------------------------------------------------------
                         slack                                  4.674    

Slack (MET) :             4.674ns  (required time - arrival time)
  Source:                 e_out_reg[15]_i_7/C
                            (rising edge-triggered cell FDCE clocked by clk  {rise@0.000ns fall@5.000ns period=10.000ns})
  Destination:            e_out_reg[0]/D
                            (rising edge-triggered cell FDCE clocked by clk  {rise@0.000ns fall@5.000ns period=10.000ns})
  Path Group:             clk
  Path Type:              Setup (Max at Slow Process Corner)
  Requirement:            10.000ns  (clk rise@10.000ns - clk rise@0.000ns)
  Data Path Delay:        5.271ns  (logic 2.575ns (48.856%)  route 2.696ns (51.144%))
  Logic Levels:           10  (CARRY4=8 LUT4=1 LUT5=1)
  Clock Path Skew:        -0.049ns (DCD - SCD + CPR)
    Destination Clock Delay (DCD):    0.924ns = ( 10.924 - 10.000 ) 
    Source Clock Delay      (SCD):    0.973ns
    Clock Pessimism Removal (CPR):    0.000ns
  Clock Uncertainty:      0.035ns  ((TSJ^2 + TIJ^2)^1/2 + DJ) / 2 + PE
    Total System Jitter     (TSJ):    0.071ns
    Total Input Jitter      (TIJ):    0.000ns
    Discrete Jitter          (DJ):    0.000ns
    Phase Error              (PE):    0.000ns

    Location             Delay type                Incr(ns)  Path(ns)    Netlist Resource(s)
  -------------------------------------------------------------------    -------------------
                         (clock clk rise edge)        0.000     0.000 r  
                         propagated clock network latency
                                                      0.973     0.973    
    SLICE_X39Y59         FDCE                         0.000     0.973 r  e_out_reg[15]_i_7/C
    SLICE_X39Y59         FDCE (Prop_fdce_C_Q)         0.419     1.392 f  e_out_reg[15]_i_7/Q
                         net (fo=67, routed)          1.445     2.837    e_out_reg[15]_i_7_n_0
    SLICE_X36Y56         LUT4 (Prop_lut4_I0_O)        0.299     3.136 r  e_out[0]_i_36/O
                         net (fo=1, routed)           0.000     3.136    e_out[0]_i_36_n_0
    SLICE_X36Y56         CARRY4 (Prop_carry4_S[1]_CO[3])
                                                      0.533     3.669 r  e_out_reg[0]_i_21/CO[3]
                         net (fo=1, routed)           0.000     3.669    e_out_reg[0]_i_21_n_0
    SLICE_X36Y57         CARRY4 (Prop_carry4_CI_CO[3])
                                                      0.117     3.786 r  e_out_reg[0]_i_12/CO[3]
                         net (fo=1, routed)           0.000     3.786    e_out_reg[0]_i_12_n_0
    SLICE_X36Y58         CARRY4 (Prop_carry4_CI_CO[3])
                                                      0.117     3.903 f  e_out_reg[0]_i_3/CO[3]
                         net (fo=1, routed)           0.000     3.903    e_out_reg[0]_i_3_n_0
    SLICE_X36Y59         CARRY4 (Prop_carry4_CI_CO[3])
                                                      0.117     4.020 r  e_out_reg[0]_i_2/CO[3]
                         net (fo=1, routed)           0.000     4.020    e_out_reg[0]_i_2_n_0
    SLICE_X36Y60         CARRY4 (Prop_carry4_CI_CO[3])
                                                      0.117     4.137 r  e_out_reg[4]_i_2/CO[3]
                         net (fo=1, routed)           0.000     4.137    e_out_reg[4]_i_2_n_0
    SLICE_X36Y61         CARRY4 (Prop_carry4_CI_CO[3])
                                                      0.117     4.254 r  e_out_reg[8]_i_2/CO[3]
                         net (fo=1, routed)           0.000     4.254    e_out_reg[8]_i_2_n_0
    SLICE_X36Y62         CARRY4 (Prop_carry4_CI_CO[3])
                                                      0.117     4.371 r  e_out_reg[12]_i_2/CO[3]
                         net (fo=1, routed)           0.000     4.371    e_out_reg[12]_i_2_n_0
    SLICE_X36Y63         CARRY4 (Prop_carry4_CI_O[3])
                                                      0.315     4.686 r  e_out_reg[14]_i_2/O[3]
                         net (fo=15, routed)          1.250     5.937    p_0_in[1]
    SLICE_X37Y59         LUT5 (Prop_lut5_I3_O)        0.307     6.244 r  e_out[0]_i_1/O
                         net (fo=1, routed)           0.000     6.244    e_rounded[0]
    SLICE_X37Y59         FDCE                                         r  e_out_reg[0]/D
  -------------------------------------------------------------------    -------------------

                         (clock clk rise edge)       10.000    10.000 r  
                         propagated clock network latency
                                                      0.924    10.924    
                         clock pessimism              0.000    10.924    
                         clock uncertainty           -0.035    10.889    
    SLICE_X37Y59         FDCE (Setup_fdce_C_D)        0.029    10.918    e_out_reg[0]
  -------------------------------------------------------------------
                         required time                         10.918    
                         arrival time                          -6.244    
  -------------------------------------------------------------------
                         slack                                  4.674    

Slack (MET) :             4.674ns  (required time - arrival time)
  Source:                 e_out_reg[15]_i_7/C
                            (rising edge-triggered cell FDCE clocked by clk  {rise@0.000ns fall@5.000ns period=10.000ns})
  Destination:            e_out_reg[0]/D
                            (rising edge-triggered cell FDCE clocked by clk  {rise@0.000ns fall@5.000ns period=10.000ns})
  Path Group:             clk
  Path Type:              Setup (Max at Slow Process Corner)
  Requirement:            10.000ns  (clk rise@10.000ns - clk rise@0.000ns)
  Data Path Delay:        5.271ns  (logic 2.575ns (48.856%)  route 2.696ns (51.144%))
  Logic Levels:           10  (CARRY4=8 LUT4=1 LUT5=1)
  Clock Path Skew:        -0.049ns (DCD - SCD + CPR)
    Destination Clock Delay (DCD):    0.924ns = ( 10.924 - 10.000 ) 
    Source Clock Delay      (SCD):    0.973ns
    Clock Pessimism Removal (CPR):    0.000ns
  Clock Uncertainty:      0.035ns  ((TSJ^2 + TIJ^2)^1/2 + DJ) / 2 + PE
    Total System Jitter     (TSJ):    0.071ns
    Total Input Jitter      (TIJ):    0.000ns
    Discrete Jitter          (DJ):    0.000ns
    Phase Error              (PE):    0.000ns

    Location             Delay type                Incr(ns)  Path(ns)    Netlist Resource(s)
  -------------------------------------------------------------------    -------------------
                         (clock clk rise edge)        0.000     0.000 r  
                         propagated clock network latency
                                                      0.973     0.973    
    SLICE_X39Y59         FDCE                         0.000     0.973 r  e_out_reg[15]_i_7/C
    SLICE_X39Y59         FDCE (Prop_fdce_C_Q)         0.419     1.392 r  e_out_reg[15]_i_7/Q
                         net (fo=67, routed)          1.445     2.837    e_out_reg[15]_i_7_n_0
    SLICE_X36Y56         LUT4 (Prop_lut4_I0_O)        0.299     3.136 r  e_out[0]_i_36/O
                         net (fo=1, routed)           0.000     3.136    e_out[0]_i_36_n_0
    SLICE_X36Y56         CARRY4 (Prop_carry4_S[1]_CO[3])
                                                      0.533     3.669 f  e_out_reg[0]_i_21/CO[3]
                         net (fo=1, routed)           0.000     3.669    e_out_reg[0]_i_21_n_0
    SLICE_X36Y57         CARRY4 (Prop_carry4_CI_CO[3])
                                                      0.117     3.786 r  e_out_reg[0]_i_12/CO[3]
                         net (fo=1, routed)           0.000     3.786    e_out_reg[0]_i_12_n_0
    SLICE_X36Y58         CARRY4 (Prop_carry4_CI_CO[3])
                                                      0.117     3.903 f  e_out_reg[0]_i_3/CO[3]
                         net (fo=1, routed)           0.000     3.903    e_out_reg[0]_i_3_n_0
    SLICE_X36Y59         CARRY4 (Prop_carry4_CI_CO[3])
                                                      0.117     4.020 r  e_out_reg[0]_i_2/CO[3]
                         net (fo=1, routed)           0.000     4.020    e_out_reg[0]_i_2_n_0
    SLICE_X36Y60         CARRY4 (Prop_carry4_CI_CO[3])
                                                      0.117     4.137 r  e_out_reg[4]_i_2/CO[3]
                         net (fo=1, routed)           0.000     4.137    e_out_reg[4]_i_2_n_0
    SLICE_X36Y61         CARRY4 (Prop_carry4_CI_CO[3])
                                                      0.117     4.254 r  e_out_reg[8]_i_2/CO[3]
                         net (fo=1, routed)           0.000     4.254    e_out_reg[8]_i_2_n_0
    SLICE_X36Y62         CARRY4 (Prop_carry4_CI_CO[3])
                                                      0.117     4.371 r  e_out_reg[12]_i_2/CO[3]
                         net (fo=1, routed)           0.000     4.371    e_out_reg[12]_i_2_n_0
    SLICE_X36Y63         CARRY4 (Prop_carry4_CI_O[3])
                                                      0.315     4.686 r  e_out_reg[14]_i_2/O[3]
                         net (fo=15, routed)          1.250     5.937    p_0_in[1]
    SLICE_X37Y59         LUT5 (Prop_lut5_I3_O)        0.307     6.244 r  e_out[0]_i_1/O
                         net (fo=1, routed)           0.000     6.244    e_rounded[0]
    SLICE_X37Y59         FDCE                                         r  e_out_reg[0]/D
  -------------------------------------------------------------------    -------------------

                         (clock clk rise edge)       10.000    10.000 r  
                         propagated clock network latency
                                                      0.924    10.924    
                         clock pessimism              0.000    10.924    
                         clock uncertainty           -0.035    10.889    
    SLICE_X37Y59         FDCE (Setup_fdce_C_D)        0.029    10.918    e_out_reg[0]
  -------------------------------------------------------------------
                         required time                         10.918    
                         arrival time                          -6.244    
  -------------------------------------------------------------------
                         slack                                  4.674    

Slack (MET) :             4.674ns  (required time - arrival time)
  Source:                 e_out_reg[15]_i_7/C
                            (rising edge-triggered cell FDCE clocked by clk  {rise@0.000ns fall@5.000ns period=10.000ns})
  Destination:            e_out_reg[0]/D
                            (rising edge-triggered cell FDCE clocked by clk  {rise@0.000ns fall@5.000ns period=10.000ns})
  Path Group:             clk
  Path Type:              Setup (Max at Slow Process Corner)
  Requirement:            10.000ns  (clk rise@10.000ns - clk rise@0.000ns)
  Data Path Delay:        5.271ns  (logic 2.575ns (48.856%)  route 2.696ns (51.144%))
  Logic Levels:           10  (CARRY4=8 LUT4=1 LUT5=1)
  Clock Path Skew:        -0.049ns (DCD - SCD + CPR)
    Destination Clock Delay (DCD):    0.924ns = ( 10.924 - 10.000 ) 
    Source Clock Delay      (SCD):    0.973ns
    Clock Pessimism Removal (CPR):    0.000ns
  Clock Uncertainty:      0.035ns  ((TSJ^2 + TIJ^2)^1/2 + DJ) / 2 + PE
    Total System Jitter     (TSJ):    0.071ns
    Total Input Jitter      (TIJ):    0.000ns
    Discrete Jitter          (DJ):    0.000ns
    Phase Error              (PE):    0.000ns

    Location             Delay type                Incr(ns)  Path(ns)    Netlist Resource(s)
  -------------------------------------------------------------------    -------------------
                         (clock clk rise edge)        0.000     0.000 r  
                         propagated clock network latency
                                                      0.973     0.973    
    SLICE_X39Y59         FDCE                         0.000     0.973 r  e_out_reg[15]_i_7/C
    SLICE_X39Y59         FDCE (Prop_fdce_C_Q)         0.419     1.392 f  e_out_reg[15]_i_7/Q
                         net (fo=67, routed)          1.445     2.837    e_out_reg[15]_i_7_n_0
    SLICE_X36Y56         LUT4 (Prop_lut4_I0_O)        0.299     3.136 r  e_out[0]_i_36/O
                         net (fo=1, routed)           0.000     3.136    e_out[0]_i_36_n_0
    SLICE_X36Y56         CARRY4 (Prop_carry4_S[1]_CO[3])
                                                      0.533     3.669 f  e_out_reg[0]_i_21/CO[3]
                         net (fo=1, routed)           0.000     3.669    e_out_reg[0]_i_21_n_0
    SLICE_X36Y57         CARRY4 (Prop_carry4_CI_CO[3])
                                                      0.117     3.786 r  e_out_reg[0]_i_12/CO[3]
                         net (fo=1, routed)           0.000     3.786    e_out_reg[0]_i_12_n_0
    SLICE_X36Y58         CARRY4 (Prop_carry4_CI_CO[3])
                                                      0.117     3.903 f  e_out_reg[0]_i_3/CO[3]
                         net (fo=1, routed)           0.000     3.903    e_out_reg[0]_i_3_n_0
    SLICE_X36Y59         CARRY4 (Prop_carry4_CI_CO[3])
                                                      0.117     4.020 r  e_out_reg[0]_i_2/CO[3]
                         net (fo=1, routed)           0.000     4.020    e_out_reg[0]_i_2_n_0
    SLICE_X36Y60         CARRY4 (Prop_carry4_CI_CO[3])
                                                      0.117     4.137 r  e_out_reg[4]_i_2/CO[3]
                         net (fo=1, routed)           0.000     4.137    e_out_reg[4]_i_2_n_0
    SLICE_X36Y61         CARRY4 (Prop_carry4_CI_CO[3])
                                                      0.117     4.254 r  e_out_reg[8]_i_2/CO[3]
                         net (fo=1, routed)           0.000     4.254    e_out_reg[8]_i_2_n_0
    SLICE_X36Y62         CARRY4 (Prop_carry4_CI_CO[3])
                                                      0.117     4.371 r  e_out_reg[12]_i_2/CO[3]
                         net (fo=1, routed)           0.000     4.371    e_out_reg[12]_i_2_n_0
    SLICE_X36Y63         CARRY4 (Prop_carry4_CI_O[3])
                                                      0.315     4.686 r  e_out_reg[14]_i_2/O[3]
                         net (fo=15, routed)          1.250     5.937    p_0_in[1]
    SLICE_X37Y59         LUT5 (Prop_lut5_I3_O)        0.307     6.244 r  e_out[0]_i_1/O
                         net (fo=1, routed)           0.000     6.244    e_rounded[0]
    SLICE_X37Y59         FDCE                                         r  e_out_reg[0]/D
  -------------------------------------------------------------------    -------------------

                         (clock clk rise edge)       10.000    10.000 r  
                         propagated clock network latency
                                                      0.924    10.924    
                         clock pessimism              0.000    10.924    
                         clock uncertainty           -0.035    10.889    
    SLICE_X37Y59         FDCE (Setup_fdce_C_D)        0.029    10.918    e_out_reg[0]
  -------------------------------------------------------------------
                         required time                         10.918    
                         arrival time                          -6.244    
  -------------------------------------------------------------------
                         slack                                  4.674    




