Copyright 1986-2022 Xilinx, Inc. All Rights Reserved. Copyright 2022-2023 Advanced Micro Devices, Inc. All Rights Reserved.
------------------------------------------------------------------------------------------------------------------------------------------------------
| Tool Version : Vivado v.2023.2 (lin64) Build 4029153 Fri Oct 13 20:13:54 MDT 2023
| Date         : Wed May 20 01:31:17 2026
| Host         : PC105355 running 64-bit Ubuntu 24.04.4 LTS
| Command      : report_timing -delay_type max -max_paths 10 -nworst 10 -path_type full -file syn/reports/sync_loop_filter_pi_100mhz_timing_paths.rpt
| Design       : sync_loop_filter_pi
| Device       : 7z020-clg484
| Speed File   : -1  PRODUCTION 1.12 2019-11-22
| Design State : Routed
------------------------------------------------------------------------------------------------------------------------------------------------------

Timing Report

Slack (MET) :             2.915ns  (required time - arrival time)
  Source:                 prod_k2_r/CLK
                            (rising edge-triggered cell DSP48E1 clocked by clk  {rise@0.000ns fall@5.000ns period=10.000ns})
  Destination:            vi_reg_reg[1]/D
                            (rising edge-triggered cell FDCE clocked by clk  {rise@0.000ns fall@5.000ns period=10.000ns})
  Path Group:             clk
  Path Type:              Setup (Max at Slow Process Corner)
  Requirement:            10.000ns  (clk rise@10.000ns - clk rise@0.000ns)
  Data Path Delay:        7.078ns  (logic 2.639ns (37.283%)  route 4.439ns (62.717%))
  Logic Levels:           9  (CARRY4=6 LUT3=1 LUT4=1 LUT5=1)
  Clock Path Skew:        -0.049ns (DCD - SCD + CPR)
    Destination Clock Delay (DCD):    0.924ns = ( 10.924 - 10.000 ) 
    Source Clock Delay      (SCD):    0.973ns
    Clock Pessimism Removal (CPR):    0.000ns
  Clock Uncertainty:      0.035ns  ((TSJ^2 + TIJ^2)^1/2 + DJ) / 2 + PE
    Total System Jitter     (TSJ):    0.071ns
    Total Input Jitter      (TIJ):    0.000ns
    Discrete Jitter          (DJ):    0.000ns
    Phase Error              (PE):    0.000ns

    Location             Delay type                Incr(ns)  Path(ns)    Netlist Resource(s)
  -------------------------------------------------------------------    -------------------
                         (clock clk rise edge)        0.000     0.000 r  
                         propagated clock network latency
                                                      0.973     0.973    
    DSP48_X2Y27          DSP48E1                      0.000     0.973 r  prod_k2_r/CLK
    DSP48_X2Y27          DSP48E1 (Prop_dsp48e1_CLK_P[16])
                                                      0.434     1.407 r  prod_k2_r/P[16]
                         net (fo=1, routed)           1.222     2.629    prod_k2_r_n_89
    SLICE_X34Y64         LUT3 (Prop_lut3_I2_O)        0.124     2.753 r  vi_reg[3]_i_5/O
                         net (fo=1, routed)           0.000     2.753    vi_reg[3]_i_5_n_0
    SLICE_X34Y64         CARRY4 (Prop_carry4_S[1]_CO[3])
                                                      0.533     3.286 r  vi_reg_reg[3]_i_2/CO[3]
                         net (fo=1, routed)           0.000     3.286    vi_reg_reg[3]_i_2_n_0
    SLICE_X34Y65         CARRY4 (Prop_carry4_CI_CO[3])
                                                      0.117     3.403 r  vi_reg_reg[7]_i_2/CO[3]
                         net (fo=1, routed)           0.000     3.403    vi_reg_reg[7]_i_2_n_0
    SLICE_X34Y66         CARRY4 (Prop_carry4_CI_O[2])
                                                      0.239     3.642 r  vi_reg_reg[11]_i_2/O[2]
                         net (fo=5, routed)           1.238     4.880    vi_sum[10]
    SLICE_X32Y67         LUT4 (Prop_lut4_I0_O)        0.301     5.181 r  vi_reg[31]_i_63/O
                         net (fo=1, routed)           0.000     5.181    vi_reg[31]_i_63_n_0
    SLICE_X32Y67         CARRY4 (Prop_carry4_S[1]_CO[3])
                                                      0.533     5.714 r  vi_reg_reg[31]_i_37/CO[3]
                         net (fo=1, routed)           0.000     5.714    vi_reg_reg[31]_i_37_n_0
    SLICE_X32Y68         CARRY4 (Prop_carry4_CI_CO[3])
                                                      0.117     5.831 r  vi_reg_reg[31]_i_18/CO[3]
                         net (fo=1, routed)           0.000     5.831    vi_reg_reg[31]_i_18_n_0
    SLICE_X32Y69         CARRY4 (Prop_carry4_CI_CO[3])
                                                      0.117     5.948 r  vi_reg_reg[31]_i_4/CO[3]
                         net (fo=32, routed)          1.979     7.927    vi_sat1
    SLICE_X32Y64         LUT5 (Prop_lut5_I1_O)        0.124     8.051 r  vi_reg[1]_i_1/O
                         net (fo=1, routed)           0.000     8.051    vi_sat[1]
    SLICE_X32Y64         FDCE                                         r  vi_reg_reg[1]/D
  -------------------------------------------------------------------    -------------------

                         (clock clk rise edge)       10.000    10.000 r  
                         propagated clock network latency
                                                      0.924    10.924    
                         clock pessimism              0.000    10.924    
                         clock uncertainty           -0.035    10.889    
    SLICE_X32Y64         FDCE (Setup_fdce_C_D)        0.077    10.966    vi_reg_reg[1]
  -------------------------------------------------------------------
                         required time                         10.966    
                         arrival time                          -8.051    
  -------------------------------------------------------------------
                         slack                                  2.915    

Slack (MET) :             2.915ns  (required time - arrival time)
  Source:                 prod_k2_r/CLK
                            (rising edge-triggered cell DSP48E1 clocked by clk  {rise@0.000ns fall@5.000ns period=10.000ns})
  Destination:            vi_reg_reg[1]/D
                            (rising edge-triggered cell FDCE clocked by clk  {rise@0.000ns fall@5.000ns period=10.000ns})
  Path Group:             clk
  Path Type:              Setup (Max at Slow Process Corner)
  Requirement:            10.000ns  (clk rise@10.000ns - clk rise@0.000ns)
  Data Path Delay:        7.078ns  (logic 2.639ns (37.283%)  route 4.439ns (62.717%))
  Logic Levels:           9  (CARRY4=6 LUT3=1 LUT4=1 LUT5=1)
  Clock Path Skew:        -0.049ns (DCD - SCD + CPR)
    Destination Clock Delay (DCD):    0.924ns = ( 10.924 - 10.000 ) 
    Source Clock Delay      (SCD):    0.973ns
    Clock Pessimism Removal (CPR):    0.000ns
  Clock Uncertainty:      0.035ns  ((TSJ^2 + TIJ^2)^1/2 + DJ) / 2 + PE
    Total System Jitter     (TSJ):    0.071ns
    Total Input Jitter      (TIJ):    0.000ns
    Discrete Jitter          (DJ):    0.000ns
    Phase Error              (PE):    0.000ns

    Location             Delay type                Incr(ns)  Path(ns)    Netlist Resource(s)
  -------------------------------------------------------------------    -------------------
                         (clock clk rise edge)        0.000     0.000 r  
                         propagated clock network latency
                                                      0.973     0.973    
    DSP48_X2Y27          DSP48E1                      0.000     0.973 r  prod_k2_r/CLK
    DSP48_X2Y27          DSP48E1 (Prop_dsp48e1_CLK_P[16])
                                                      0.434     1.407 f  prod_k2_r/P[16]
                         net (fo=1, routed)           1.222     2.629    prod_k2_r_n_89
    SLICE_X34Y64         LUT3 (Prop_lut3_I2_O)        0.124     2.753 r  vi_reg[3]_i_5/O
                         net (fo=1, routed)           0.000     2.753    vi_reg[3]_i_5_n_0
    SLICE_X34Y64         CARRY4 (Prop_carry4_S[1]_CO[3])
                                                      0.533     3.286 r  vi_reg_reg[3]_i_2/CO[3]
                         net (fo=1, routed)           0.000     3.286    vi_reg_reg[3]_i_2_n_0
    SLICE_X34Y65         CARRY4 (Prop_carry4_CI_CO[3])
                                                      0.117     3.403 r  vi_reg_reg[7]_i_2/CO[3]
                         net (fo=1, routed)           0.000     3.403    vi_reg_reg[7]_i_2_n_0
    SLICE_X34Y66         CARRY4 (Prop_carry4_CI_O[2])
                                                      0.239     3.642 r  vi_reg_reg[11]_i_2/O[2]
                         net (fo=5, routed)           1.238     4.880    vi_sum[10]
    SLICE_X32Y67         LUT4 (Prop_lut4_I0_O)        0.301     5.181 r  vi_reg[31]_i_63/O
                         net (fo=1, routed)           0.000     5.181    vi_reg[31]_i_63_n_0
    SLICE_X32Y67         CARRY4 (Prop_carry4_S[1]_CO[3])
                                                      0.533     5.714 r  vi_reg_reg[31]_i_37/CO[3]
                         net (fo=1, routed)           0.000     5.714    vi_reg_reg[31]_i_37_n_0
    SLICE_X32Y68         CARRY4 (Prop_carry4_CI_CO[3])
                                                      0.117     5.831 r  vi_reg_reg[31]_i_18/CO[3]
                         net (fo=1, routed)           0.000     5.831    vi_reg_reg[31]_i_18_n_0
    SLICE_X32Y69         CARRY4 (Prop_carry4_CI_CO[3])
                                                      0.117     5.948 r  vi_reg_reg[31]_i_4/CO[3]
                         net (fo=32, routed)          1.979     7.927    vi_sat1
    SLICE_X32Y64         LUT5 (Prop_lut5_I1_O)        0.124     8.051 r  vi_reg[1]_i_1/O
                         net (fo=1, routed)           0.000     8.051    vi_sat[1]
    SLICE_X32Y64         FDCE                                         r  vi_reg_reg[1]/D
  -------------------------------------------------------------------    -------------------

                         (clock clk rise edge)       10.000    10.000 r  
                         propagated clock network latency
                                                      0.924    10.924    
                         clock pessimism              0.000    10.924    
                         clock uncertainty           -0.035    10.889    
    SLICE_X32Y64         FDCE (Setup_fdce_C_D)        0.077    10.966    vi_reg_reg[1]
  -------------------------------------------------------------------
                         required time                         10.966    
                         arrival time                          -8.051    
  -------------------------------------------------------------------
                         slack                                  2.915    

Slack (MET) :             2.915ns  (required time - arrival time)
  Source:                 prod_k2_r/CLK
                            (rising edge-triggered cell DSP48E1 clocked by clk  {rise@0.000ns fall@5.000ns period=10.000ns})
  Destination:            vi_reg_reg[1]/D
                            (rising edge-triggered cell FDCE clocked by clk  {rise@0.000ns fall@5.000ns period=10.000ns})
  Path Group:             clk
  Path Type:              Setup (Max at Slow Process Corner)
  Requirement:            10.000ns  (clk rise@10.000ns - clk rise@0.000ns)
  Data Path Delay:        7.078ns  (logic 2.639ns (37.283%)  route 4.439ns (62.717%))
  Logic Levels:           9  (CARRY4=6 LUT3=1 LUT4=1 LUT5=1)
  Clock Path Skew:        -0.049ns (DCD - SCD + CPR)
    Destination Clock Delay (DCD):    0.924ns = ( 10.924 - 10.000 ) 
    Source Clock Delay      (SCD):    0.973ns
    Clock Pessimism Removal (CPR):    0.000ns
  Clock Uncertainty:      0.035ns  ((TSJ^2 + TIJ^2)^1/2 + DJ) / 2 + PE
    Total System Jitter     (TSJ):    0.071ns
    Total Input Jitter      (TIJ):    0.000ns
    Discrete Jitter          (DJ):    0.000ns
    Phase Error              (PE):    0.000ns

    Location             Delay type                Incr(ns)  Path(ns)    Netlist Resource(s)
  -------------------------------------------------------------------    -------------------
                         (clock clk rise edge)        0.000     0.000 r  
                         propagated clock network latency
                                                      0.973     0.973    
    DSP48_X2Y27          DSP48E1                      0.000     0.973 r  prod_k2_r/CLK
    DSP48_X2Y27          DSP48E1 (Prop_dsp48e1_CLK_P[16])
                                                      0.434     1.407 r  prod_k2_r/P[16]
                         net (fo=1, routed)           1.222     2.629    prod_k2_r_n_89
    SLICE_X34Y64         LUT3 (Prop_lut3_I2_O)        0.124     2.753 r  vi_reg[3]_i_5/O
                         net (fo=1, routed)           0.000     2.753    vi_reg[3]_i_5_n_0
    SLICE_X34Y64         CARRY4 (Prop_carry4_S[1]_CO[3])
                                                      0.533     3.286 r  vi_reg_reg[3]_i_2/CO[3]
                         net (fo=1, routed)           0.000     3.286    vi_reg_reg[3]_i_2_n_0
    SLICE_X34Y65         CARRY4 (Prop_carry4_CI_CO[3])
                                                      0.117     3.403 f  vi_reg_reg[7]_i_2/CO[3]
                         net (fo=1, routed)           0.000     3.403    vi_reg_reg[7]_i_2_n_0
    SLICE_X34Y66         CARRY4 (Prop_carry4_CI_O[2])
                                                      0.239     3.642 r  vi_reg_reg[11]_i_2/O[2]
                         net (fo=5, routed)           1.238     4.880    vi_sum[10]
    SLICE_X32Y67         LUT4 (Prop_lut4_I0_O)        0.301     5.181 r  vi_reg[31]_i_63/O
                         net (fo=1, routed)           0.000     5.181    vi_reg[31]_i_63_n_0
    SLICE_X32Y67         CARRY4 (Prop_carry4_S[1]_CO[3])
                                                      0.533     5.714 r  vi_reg_reg[31]_i_37/CO[3]
                         net (fo=1, routed)           0.000     5.714    vi_reg_reg[31]_i_37_n_0
    SLICE_X32Y68         CARRY4 (Prop_carry4_CI_CO[3])
                                                      0.117     5.831 r  vi_reg_reg[31]_i_18/CO[3]
                         net (fo=1, routed)           0.000     5.831    vi_reg_reg[31]_i_18_n_0
    SLICE_X32Y69         CARRY4 (Prop_carry4_CI_CO[3])
                                                      0.117     5.948 r  vi_reg_reg[31]_i_4/CO[3]
                         net (fo=32, routed)          1.979     7.927    vi_sat1
    SLICE_X32Y64         LUT5 (Prop_lut5_I1_O)        0.124     8.051 r  vi_reg[1]_i_1/O
                         net (fo=1, routed)           0.000     8.051    vi_sat[1]
    SLICE_X32Y64         FDCE                                         r  vi_reg_reg[1]/D
  -------------------------------------------------------------------    -------------------

                         (clock clk rise edge)       10.000    10.000 r  
                         propagated clock network latency
                                                      0.924    10.924    
                         clock pessimism              0.000    10.924    
                         clock uncertainty           -0.035    10.889    
    SLICE_X32Y64         FDCE (Setup_fdce_C_D)        0.077    10.966    vi_reg_reg[1]
  -------------------------------------------------------------------
                         required time                         10.966    
                         arrival time                          -8.051    
  -------------------------------------------------------------------
                         slack                                  2.915    

Slack (MET) :             2.915ns  (required time - arrival time)
  Source:                 prod_k2_r/CLK
                            (rising edge-triggered cell DSP48E1 clocked by clk  {rise@0.000ns fall@5.000ns period=10.000ns})
  Destination:            vi_reg_reg[1]/D
                            (rising edge-triggered cell FDCE clocked by clk  {rise@0.000ns fall@5.000ns period=10.000ns})
  Path Group:             clk
  Path Type:              Setup (Max at Slow Process Corner)
  Requirement:            10.000ns  (clk rise@10.000ns - clk rise@0.000ns)
  Data Path Delay:        7.078ns  (logic 2.639ns (37.283%)  route 4.439ns (62.717%))
  Logic Levels:           9  (CARRY4=6 LUT3=1 LUT4=1 LUT5=1)
  Clock Path Skew:        -0.049ns (DCD - SCD + CPR)
    Destination Clock Delay (DCD):    0.924ns = ( 10.924 - 10.000 ) 
    Source Clock Delay      (SCD):    0.973ns
    Clock Pessimism Removal (CPR):    0.000ns
  Clock Uncertainty:      0.035ns  ((TSJ^2 + TIJ^2)^1/2 + DJ) / 2 + PE
    Total System Jitter     (TSJ):    0.071ns
    Total Input Jitter      (TIJ):    0.000ns
    Discrete Jitter          (DJ):    0.000ns
    Phase Error              (PE):    0.000ns

    Location             Delay type                Incr(ns)  Path(ns)    Netlist Resource(s)
  -------------------------------------------------------------------    -------------------
                         (clock clk rise edge)        0.000     0.000 r  
                         propagated clock network latency
                                                      0.973     0.973    
    DSP48_X2Y27          DSP48E1                      0.000     0.973 r  prod_k2_r/CLK
    DSP48_X2Y27          DSP48E1 (Prop_dsp48e1_CLK_P[16])
                                                      0.434     1.407 f  prod_k2_r/P[16]
                         net (fo=1, routed)           1.222     2.629    prod_k2_r_n_89
    SLICE_X34Y64         LUT3 (Prop_lut3_I2_O)        0.124     2.753 r  vi_reg[3]_i_5/O
                         net (fo=1, routed)           0.000     2.753    vi_reg[3]_i_5_n_0
    SLICE_X34Y64         CARRY4 (Prop_carry4_S[1]_CO[3])
                                                      0.533     3.286 r  vi_reg_reg[3]_i_2/CO[3]
                         net (fo=1, routed)           0.000     3.286    vi_reg_reg[3]_i_2_n_0
    SLICE_X34Y65         CARRY4 (Prop_carry4_CI_CO[3])
                                                      0.117     3.403 f  vi_reg_reg[7]_i_2/CO[3]
                         net (fo=1, routed)           0.000     3.403    vi_reg_reg[7]_i_2_n_0
    SLICE_X34Y66         CARRY4 (Prop_carry4_CI_O[2])
                                                      0.239     3.642 r  vi_reg_reg[11]_i_2/O[2]
                         net (fo=5, routed)           1.238     4.880    vi_sum[10]
    SLICE_X32Y67         LUT4 (Prop_lut4_I0_O)        0.301     5.181 r  vi_reg[31]_i_63/O
                         net (fo=1, routed)           0.000     5.181    vi_reg[31]_i_63_n_0
    SLICE_X32Y67         CARRY4 (Prop_carry4_S[1]_CO[3])
                                                      0.533     5.714 r  vi_reg_reg[31]_i_37/CO[3]
                         net (fo=1, routed)           0.000     5.714    vi_reg_reg[31]_i_37_n_0
    SLICE_X32Y68         CARRY4 (Prop_carry4_CI_CO[3])
                                                      0.117     5.831 r  vi_reg_reg[31]_i_18/CO[3]
                         net (fo=1, routed)           0.000     5.831    vi_reg_reg[31]_i_18_n_0
    SLICE_X32Y69         CARRY4 (Prop_carry4_CI_CO[3])
                                                      0.117     5.948 r  vi_reg_reg[31]_i_4/CO[3]
                         net (fo=32, routed)          1.979     7.927    vi_sat1
    SLICE_X32Y64         LUT5 (Prop_lut5_I1_O)        0.124     8.051 r  vi_reg[1]_i_1/O
                         net (fo=1, routed)           0.000     8.051    vi_sat[1]
    SLICE_X32Y64         FDCE                                         r  vi_reg_reg[1]/D
  -------------------------------------------------------------------    -------------------

                         (clock clk rise edge)       10.000    10.000 r  
                         propagated clock network latency
                                                      0.924    10.924    
                         clock pessimism              0.000    10.924    
                         clock uncertainty           -0.035    10.889    
    SLICE_X32Y64         FDCE (Setup_fdce_C_D)        0.077    10.966    vi_reg_reg[1]
  -------------------------------------------------------------------
                         required time                         10.966    
                         arrival time                          -8.051    
  -------------------------------------------------------------------
                         slack                                  2.915    

Slack (MET) :             2.915ns  (required time - arrival time)
  Source:                 prod_k2_r/CLK
                            (rising edge-triggered cell DSP48E1 clocked by clk  {rise@0.000ns fall@5.000ns period=10.000ns})
  Destination:            vi_reg_reg[1]/D
                            (rising edge-triggered cell FDCE clocked by clk  {rise@0.000ns fall@5.000ns period=10.000ns})
  Path Group:             clk
  Path Type:              Setup (Max at Slow Process Corner)
  Requirement:            10.000ns  (clk rise@10.000ns - clk rise@0.000ns)
  Data Path Delay:        7.078ns  (logic 2.639ns (37.283%)  route 4.439ns (62.717%))
  Logic Levels:           9  (CARRY4=6 LUT3=1 LUT4=1 LUT5=1)
  Clock Path Skew:        -0.049ns (DCD - SCD + CPR)
    Destination Clock Delay (DCD):    0.924ns = ( 10.924 - 10.000 ) 
    Source Clock Delay      (SCD):    0.973ns
    Clock Pessimism Removal (CPR):    0.000ns
  Clock Uncertainty:      0.035ns  ((TSJ^2 + TIJ^2)^1/2 + DJ) / 2 + PE
    Total System Jitter     (TSJ):    0.071ns
    Total Input Jitter      (TIJ):    0.000ns
    Discrete Jitter          (DJ):    0.000ns
    Phase Error              (PE):    0.000ns

    Location             Delay type                Incr(ns)  Path(ns)    Netlist Resource(s)
  -------------------------------------------------------------------    -------------------
                         (clock clk rise edge)        0.000     0.000 r  
                         propagated clock network latency
                                                      0.973     0.973    
    DSP48_X2Y27          DSP48E1                      0.000     0.973 r  prod_k2_r/CLK
    DSP48_X2Y27          DSP48E1 (Prop_dsp48e1_CLK_P[16])
                                                      0.434     1.407 r  prod_k2_r/P[16]
                         net (fo=1, routed)           1.222     2.629    prod_k2_r_n_89
    SLICE_X34Y64         LUT3 (Prop_lut3_I2_O)        0.124     2.753 r  vi_reg[3]_i_5/O
                         net (fo=1, routed)           0.000     2.753    vi_reg[3]_i_5_n_0
    SLICE_X34Y64         CARRY4 (Prop_carry4_S[1]_CO[3])
                                                      0.533     3.286 r  vi_reg_reg[3]_i_2/CO[3]
                         net (fo=1, routed)           0.000     3.286    vi_reg_reg[3]_i_2_n_0
    SLICE_X34Y65         CARRY4 (Prop_carry4_CI_CO[3])
                                                      0.117     3.403 r  vi_reg_reg[7]_i_2/CO[3]
                         net (fo=1, routed)           0.000     3.403    vi_reg_reg[7]_i_2_n_0
    SLICE_X34Y66         CARRY4 (Prop_carry4_CI_O[2])
                                                      0.239     3.642 f  vi_reg_reg[11]_i_2/O[2]
                         net (fo=5, routed)           1.238     4.880    vi_sum[10]
    SLICE_X32Y67         LUT4 (Prop_lut4_I0_O)        0.301     5.181 r  vi_reg[31]_i_63/O
                         net (fo=1, routed)           0.000     5.181    vi_reg[31]_i_63_n_0
    SLICE_X32Y67         CARRY4 (Prop_carry4_S[1]_CO[3])
                                                      0.533     5.714 r  vi_reg_reg[31]_i_37/CO[3]
                         net (fo=1, routed)           0.000     5.714    vi_reg_reg[31]_i_37_n_0
    SLICE_X32Y68         CARRY4 (Prop_carry4_CI_CO[3])
                                                      0.117     5.831 r  vi_reg_reg[31]_i_18/CO[3]
                         net (fo=1, routed)           0.000     5.831    vi_reg_reg[31]_i_18_n_0
    SLICE_X32Y69         CARRY4 (Prop_carry4_CI_CO[3])
                                                      0.117     5.948 r  vi_reg_reg[31]_i_4/CO[3]
                         net (fo=32, routed)          1.979     7.927    vi_sat1
    SLICE_X32Y64         LUT5 (Prop_lut5_I1_O)        0.124     8.051 r  vi_reg[1]_i_1/O
                         net (fo=1, routed)           0.000     8.051    vi_sat[1]
    SLICE_X32Y64         FDCE                                         r  vi_reg_reg[1]/D
  -------------------------------------------------------------------    -------------------

                         (clock clk rise edge)       10.000    10.000 r  
                         propagated clock network latency
                                                      0.924    10.924    
                         clock pessimism              0.000    10.924    
                         clock uncertainty           -0.035    10.889    
    SLICE_X32Y64         FDCE (Setup_fdce_C_D)        0.077    10.966    vi_reg_reg[1]
  -------------------------------------------------------------------
                         required time                         10.966    
                         arrival time                          -8.051    
  -------------------------------------------------------------------
                         slack                                  2.915    

Slack (MET) :             2.915ns  (required time - arrival time)
  Source:                 prod_k2_r/CLK
                            (rising edge-triggered cell DSP48E1 clocked by clk  {rise@0.000ns fall@5.000ns period=10.000ns})
  Destination:            vi_reg_reg[1]/D
                            (rising edge-triggered cell FDCE clocked by clk  {rise@0.000ns fall@5.000ns period=10.000ns})
  Path Group:             clk
  Path Type:              Setup (Max at Slow Process Corner)
  Requirement:            10.000ns  (clk rise@10.000ns - clk rise@0.000ns)
  Data Path Delay:        7.078ns  (logic 2.639ns (37.283%)  route 4.439ns (62.717%))
  Logic Levels:           9  (CARRY4=6 LUT3=1 LUT4=1 LUT5=1)
  Clock Path Skew:        -0.049ns (DCD - SCD + CPR)
    Destination Clock Delay (DCD):    0.924ns = ( 10.924 - 10.000 ) 
    Source Clock Delay      (SCD):    0.973ns
    Clock Pessimism Removal (CPR):    0.000ns
  Clock Uncertainty:      0.035ns  ((TSJ^2 + TIJ^2)^1/2 + DJ) / 2 + PE
    Total System Jitter     (TSJ):    0.071ns
    Total Input Jitter      (TIJ):    0.000ns
    Discrete Jitter          (DJ):    0.000ns
    Phase Error              (PE):    0.000ns

    Location             Delay type                Incr(ns)  Path(ns)    Netlist Resource(s)
  -------------------------------------------------------------------    -------------------
                         (clock clk rise edge)        0.000     0.000 r  
                         propagated clock network latency
                                                      0.973     0.973    
    DSP48_X2Y27          DSP48E1                      0.000     0.973 r  prod_k2_r/CLK
    DSP48_X2Y27          DSP48E1 (Prop_dsp48e1_CLK_P[16])
                                                      0.434     1.407 f  prod_k2_r/P[16]
                         net (fo=1, routed)           1.222     2.629    prod_k2_r_n_89
    SLICE_X34Y64         LUT3 (Prop_lut3_I2_O)        0.124     2.753 r  vi_reg[3]_i_5/O
                         net (fo=1, routed)           0.000     2.753    vi_reg[3]_i_5_n_0
    SLICE_X34Y64         CARRY4 (Prop_carry4_S[1]_CO[3])
                                                      0.533     3.286 r  vi_reg_reg[3]_i_2/CO[3]
                         net (fo=1, routed)           0.000     3.286    vi_reg_reg[3]_i_2_n_0
    SLICE_X34Y65         CARRY4 (Prop_carry4_CI_CO[3])
                                                      0.117     3.403 r  vi_reg_reg[7]_i_2/CO[3]
                         net (fo=1, routed)           0.000     3.403    vi_reg_reg[7]_i_2_n_0
    SLICE_X34Y66         CARRY4 (Prop_carry4_CI_O[2])
                                                      0.239     3.642 f  vi_reg_reg[11]_i_2/O[2]
                         net (fo=5, routed)           1.238     4.880    vi_sum[10]
    SLICE_X32Y67         LUT4 (Prop_lut4_I0_O)        0.301     5.181 r  vi_reg[31]_i_63/O
                         net (fo=1, routed)           0.000     5.181    vi_reg[31]_i_63_n_0
    SLICE_X32Y67         CARRY4 (Prop_carry4_S[1]_CO[3])
                                                      0.533     5.714 r  vi_reg_reg[31]_i_37/CO[3]
                         net (fo=1, routed)           0.000     5.714    vi_reg_reg[31]_i_37_n_0
    SLICE_X32Y68         CARRY4 (Prop_carry4_CI_CO[3])
                                                      0.117     5.831 r  vi_reg_reg[31]_i_18/CO[3]
                         net (fo=1, routed)           0.000     5.831    vi_reg_reg[31]_i_18_n_0
    SLICE_X32Y69         CARRY4 (Prop_carry4_CI_CO[3])
                                                      0.117     5.948 r  vi_reg_reg[31]_i_4/CO[3]
                         net (fo=32, routed)          1.979     7.927    vi_sat1
    SLICE_X32Y64         LUT5 (Prop_lut5_I1_O)        0.124     8.051 r  vi_reg[1]_i_1/O
                         net (fo=1, routed)           0.000     8.051    vi_sat[1]
    SLICE_X32Y64         FDCE                                         r  vi_reg_reg[1]/D
  -------------------------------------------------------------------    -------------------

                         (clock clk rise edge)       10.000    10.000 r  
                         propagated clock network latency
                                                      0.924    10.924    
                         clock pessimism              0.000    10.924    
                         clock uncertainty           -0.035    10.889    
    SLICE_X32Y64         FDCE (Setup_fdce_C_D)        0.077    10.966    vi_reg_reg[1]
  -------------------------------------------------------------------
                         required time                         10.966    
                         arrival time                          -8.051    
  -------------------------------------------------------------------
                         slack                                  2.915    

Slack (MET) :             2.915ns  (required time - arrival time)
  Source:                 prod_k2_r/CLK
                            (rising edge-triggered cell DSP48E1 clocked by clk  {rise@0.000ns fall@5.000ns period=10.000ns})
  Destination:            vi_reg_reg[1]/D
                            (rising edge-triggered cell FDCE clocked by clk  {rise@0.000ns fall@5.000ns period=10.000ns})
  Path Group:             clk
  Path Type:              Setup (Max at Slow Process Corner)
  Requirement:            10.000ns  (clk rise@10.000ns - clk rise@0.000ns)
  Data Path Delay:        7.078ns  (logic 2.639ns (37.283%)  route 4.439ns (62.717%))
  Logic Levels:           9  (CARRY4=6 LUT3=1 LUT4=1 LUT5=1)
  Clock Path Skew:        -0.049ns (DCD - SCD + CPR)
    Destination Clock Delay (DCD):    0.924ns = ( 10.924 - 10.000 ) 
    Source Clock Delay      (SCD):    0.973ns
    Clock Pessimism Removal (CPR):    0.000ns
  Clock Uncertainty:      0.035ns  ((TSJ^2 + TIJ^2)^1/2 + DJ) / 2 + PE
    Total System Jitter     (TSJ):    0.071ns
    Total Input Jitter      (TIJ):    0.000ns
    Discrete Jitter          (DJ):    0.000ns
    Phase Error              (PE):    0.000ns

    Location             Delay type                Incr(ns)  Path(ns)    Netlist Resource(s)
  -------------------------------------------------------------------    -------------------
                         (clock clk rise edge)        0.000     0.000 r  
                         propagated clock network latency
                                                      0.973     0.973    
    DSP48_X2Y27          DSP48E1                      0.000     0.973 r  prod_k2_r/CLK
    DSP48_X2Y27          DSP48E1 (Prop_dsp48e1_CLK_P[16])
                                                      0.434     1.407 r  prod_k2_r/P[16]
                         net (fo=1, routed)           1.222     2.629    prod_k2_r_n_89
    SLICE_X34Y64         LUT3 (Prop_lut3_I2_O)        0.124     2.753 r  vi_reg[3]_i_5/O
                         net (fo=1, routed)           0.000     2.753    vi_reg[3]_i_5_n_0
    SLICE_X34Y64         CARRY4 (Prop_carry4_S[1]_CO[3])
                                                      0.533     3.286 r  vi_reg_reg[3]_i_2/CO[3]
                         net (fo=1, routed)           0.000     3.286    vi_reg_reg[3]_i_2_n_0
    SLICE_X34Y65         CARRY4 (Prop_carry4_CI_CO[3])
                                                      0.117     3.403 r  vi_reg_reg[7]_i_2/CO[3]
                         net (fo=1, routed)           0.000     3.403    vi_reg_reg[7]_i_2_n_0
    SLICE_X34Y66         CARRY4 (Prop_carry4_CI_O[2])
                                                      0.239     3.642 r  vi_reg_reg[11]_i_2/O[2]
                         net (fo=5, routed)           1.238     4.880    vi_sum[10]
    SLICE_X32Y67         LUT4 (Prop_lut4_I0_O)        0.301     5.181 r  vi_reg[31]_i_63/O
                         net (fo=1, routed)           0.000     5.181    vi_reg[31]_i_63_n_0
    SLICE_X32Y67         CARRY4 (Prop_carry4_S[1]_CO[3])
                                                      0.533     5.714 r  vi_reg_reg[31]_i_37/CO[3]
                         net (fo=1, routed)           0.000     5.714    vi_reg_reg[31]_i_37_n_0
    SLICE_X32Y68         CARRY4 (Prop_carry4_CI_CO[3])
                                                      0.117     5.831 r  vi_reg_reg[31]_i_18/CO[3]
                         net (fo=1, routed)           0.000     5.831    vi_reg_reg[31]_i_18_n_0
    SLICE_X32Y69         CARRY4 (Prop_carry4_CI_CO[3])
                                                      0.117     5.948 f  vi_reg_reg[31]_i_4/CO[3]
                         net (fo=32, routed)          1.979     7.927    vi_sat1
    SLICE_X32Y64         LUT5 (Prop_lut5_I1_O)        0.124     8.051 r  vi_reg[1]_i_1/O
                         net (fo=1, routed)           0.000     8.051    vi_sat[1]
    SLICE_X32Y64         FDCE                                         r  vi_reg_reg[1]/D
  -------------------------------------------------------------------    -------------------

                         (clock clk rise edge)       10.000    10.000 r  
                         propagated clock network latency
                                                      0.924    10.924    
                         clock pessimism              0.000    10.924    
                         clock uncertainty           -0.035    10.889    
    SLICE_X32Y64         FDCE (Setup_fdce_C_D)        0.077    10.966    vi_reg_reg[1]
  -------------------------------------------------------------------
                         required time                         10.966    
                         arrival time                          -8.051    
  -------------------------------------------------------------------
                         slack                                  2.915    

Slack (MET) :             2.915ns  (required time - arrival time)
  Source:                 prod_k2_r/CLK
                            (rising edge-triggered cell DSP48E1 clocked by clk  {rise@0.000ns fall@5.000ns period=10.000ns})
  Destination:            vi_reg_reg[1]/D
                            (rising edge-triggered cell FDCE clocked by clk  {rise@0.000ns fall@5.000ns period=10.000ns})
  Path Group:             clk
  Path Type:              Setup (Max at Slow Process Corner)
  Requirement:            10.000ns  (clk rise@10.000ns - clk rise@0.000ns)
  Data Path Delay:        7.078ns  (logic 2.639ns (37.283%)  route 4.439ns (62.717%))
  Logic Levels:           9  (CARRY4=6 LUT3=1 LUT4=1 LUT5=1)
  Clock Path Skew:        -0.049ns (DCD - SCD + CPR)
    Destination Clock Delay (DCD):    0.924ns = ( 10.924 - 10.000 ) 
    Source Clock Delay      (SCD):    0.973ns
    Clock Pessimism Removal (CPR):    0.000ns
  Clock Uncertainty:      0.035ns  ((TSJ^2 + TIJ^2)^1/2 + DJ) / 2 + PE
    Total System Jitter     (TSJ):    0.071ns
    Total Input Jitter      (TIJ):    0.000ns
    Discrete Jitter          (DJ):    0.000ns
    Phase Error              (PE):    0.000ns

    Location             Delay type                Incr(ns)  Path(ns)    Netlist Resource(s)
  -------------------------------------------------------------------    -------------------
                         (clock clk rise edge)        0.000     0.000 r  
                         propagated clock network latency
                                                      0.973     0.973    
    DSP48_X2Y27          DSP48E1                      0.000     0.973 r  prod_k2_r/CLK
    DSP48_X2Y27          DSP48E1 (Prop_dsp48e1_CLK_P[16])
                                                      0.434     1.407 f  prod_k2_r/P[16]
                         net (fo=1, routed)           1.222     2.629    prod_k2_r_n_89
    SLICE_X34Y64         LUT3 (Prop_lut3_I2_O)        0.124     2.753 r  vi_reg[3]_i_5/O
                         net (fo=1, routed)           0.000     2.753    vi_reg[3]_i_5_n_0
    SLICE_X34Y64         CARRY4 (Prop_carry4_S[1]_CO[3])
                                                      0.533     3.286 r  vi_reg_reg[3]_i_2/CO[3]
                         net (fo=1, routed)           0.000     3.286    vi_reg_reg[3]_i_2_n_0
    SLICE_X34Y65         CARRY4 (Prop_carry4_CI_CO[3])
                                                      0.117     3.403 r  vi_reg_reg[7]_i_2/CO[3]
                         net (fo=1, routed)           0.000     3.403    vi_reg_reg[7]_i_2_n_0
    SLICE_X34Y66         CARRY4 (Prop_carry4_CI_O[2])
                                                      0.239     3.642 r  vi_reg_reg[11]_i_2/O[2]
                         net (fo=5, routed)           1.238     4.880    vi_sum[10]
    SLICE_X32Y67         LUT4 (Prop_lut4_I0_O)        0.301     5.181 r  vi_reg[31]_i_63/O
                         net (fo=1, routed)           0.000     5.181    vi_reg[31]_i_63_n_0
    SLICE_X32Y67         CARRY4 (Prop_carry4_S[1]_CO[3])
                                                      0.533     5.714 r  vi_reg_reg[31]_i_37/CO[3]
                         net (fo=1, routed)           0.000     5.714    vi_reg_reg[31]_i_37_n_0
    SLICE_X32Y68         CARRY4 (Prop_carry4_CI_CO[3])
                                                      0.117     5.831 r  vi_reg_reg[31]_i_18/CO[3]
                         net (fo=1, routed)           0.000     5.831    vi_reg_reg[31]_i_18_n_0
    SLICE_X32Y69         CARRY4 (Prop_carry4_CI_CO[3])
                                                      0.117     5.948 f  vi_reg_reg[31]_i_4/CO[3]
                         net (fo=32, routed)          1.979     7.927    vi_sat1
    SLICE_X32Y64         LUT5 (Prop_lut5_I1_O)        0.124     8.051 r  vi_reg[1]_i_1/O
                         net (fo=1, routed)           0.000     8.051    vi_sat[1]
    SLICE_X32Y64         FDCE                                         r  vi_reg_reg[1]/D
  -------------------------------------------------------------------    -------------------

                         (clock clk rise edge)       10.000    10.000 r  
                         propagated clock network latency
                                                      0.924    10.924    
                         clock pessimism              0.000    10.924    
                         clock uncertainty           -0.035    10.889    
    SLICE_X32Y64         FDCE (Setup_fdce_C_D)        0.077    10.966    vi_reg_reg[1]
  -------------------------------------------------------------------
                         required time                         10.966    
                         arrival time                          -8.051    
  -------------------------------------------------------------------
                         slack                                  2.915    

Slack (MET) :             2.915ns  (required time - arrival time)
  Source:                 prod_k2_r/CLK
                            (rising edge-triggered cell DSP48E1 clocked by clk  {rise@0.000ns fall@5.000ns period=10.000ns})
  Destination:            vi_reg_reg[1]/D
                            (rising edge-triggered cell FDCE clocked by clk  {rise@0.000ns fall@5.000ns period=10.000ns})
  Path Group:             clk
  Path Type:              Setup (Max at Slow Process Corner)
  Requirement:            10.000ns  (clk rise@10.000ns - clk rise@0.000ns)
  Data Path Delay:        7.078ns  (logic 2.639ns (37.283%)  route 4.439ns (62.717%))
  Logic Levels:           9  (CARRY4=6 LUT3=1 LUT4=1 LUT5=1)
  Clock Path Skew:        -0.049ns (DCD - SCD + CPR)
    Destination Clock Delay (DCD):    0.924ns = ( 10.924 - 10.000 ) 
    Source Clock Delay      (SCD):    0.973ns
    Clock Pessimism Removal (CPR):    0.000ns
  Clock Uncertainty:      0.035ns  ((TSJ^2 + TIJ^2)^1/2 + DJ) / 2 + PE
    Total System Jitter     (TSJ):    0.071ns
    Total Input Jitter      (TIJ):    0.000ns
    Discrete Jitter          (DJ):    0.000ns
    Phase Error              (PE):    0.000ns

    Location             Delay type                Incr(ns)  Path(ns)    Netlist Resource(s)
  -------------------------------------------------------------------    -------------------
                         (clock clk rise edge)        0.000     0.000 r  
                         propagated clock network latency
                                                      0.973     0.973    
    DSP48_X2Y27          DSP48E1                      0.000     0.973 r  prod_k2_r/CLK
    DSP48_X2Y27          DSP48E1 (Prop_dsp48e1_CLK_P[16])
                                                      0.434     1.407 r  prod_k2_r/P[16]
                         net (fo=1, routed)           1.222     2.629    prod_k2_r_n_89
    SLICE_X34Y64         LUT3 (Prop_lut3_I2_O)        0.124     2.753 r  vi_reg[3]_i_5/O
                         net (fo=1, routed)           0.000     2.753    vi_reg[3]_i_5_n_0
    SLICE_X34Y64         CARRY4 (Prop_carry4_S[1]_CO[3])
                                                      0.533     3.286 r  vi_reg_reg[3]_i_2/CO[3]
                         net (fo=1, routed)           0.000     3.286    vi_reg_reg[3]_i_2_n_0
    SLICE_X34Y65         CARRY4 (Prop_carry4_CI_CO[3])
                                                      0.117     3.403 r  vi_reg_reg[7]_i_2/CO[3]
                         net (fo=1, routed)           0.000     3.403    vi_reg_reg[7]_i_2_n_0
    SLICE_X34Y66         CARRY4 (Prop_carry4_CI_O[2])
                                                      0.239     3.642 f  vi_reg_reg[11]_i_2/O[2]
                         net (fo=5, routed)           1.238     4.880    vi_sum[10]
    SLICE_X32Y67         LUT4 (Prop_lut4_I0_O)        0.301     5.181 r  vi_reg[31]_i_63/O
                         net (fo=1, routed)           0.000     5.181    vi_reg[31]_i_63_n_0
    SLICE_X32Y67         CARRY4 (Prop_carry4_S[1]_CO[3])
                                                      0.533     5.714 r  vi_reg_reg[31]_i_37/CO[3]
                         net (fo=1, routed)           0.000     5.714    vi_reg_reg[31]_i_37_n_0
    SLICE_X32Y68         CARRY4 (Prop_carry4_CI_CO[3])
                                                      0.117     5.831 r  vi_reg_reg[31]_i_18/CO[3]
                         net (fo=1, routed)           0.000     5.831    vi_reg_reg[31]_i_18_n_0
    SLICE_X32Y69         CARRY4 (Prop_carry4_CI_CO[3])
                                                      0.117     5.948 f  vi_reg_reg[31]_i_4/CO[3]
                         net (fo=32, routed)          1.979     7.927    vi_sat1
    SLICE_X32Y64         LUT5 (Prop_lut5_I1_O)        0.124     8.051 r  vi_reg[1]_i_1/O
                         net (fo=1, routed)           0.000     8.051    vi_sat[1]
    SLICE_X32Y64         FDCE                                         r  vi_reg_reg[1]/D
  -------------------------------------------------------------------    -------------------

                         (clock clk rise edge)       10.000    10.000 r  
                         propagated clock network latency
                                                      0.924    10.924    
                         clock pessimism              0.000    10.924    
                         clock uncertainty           -0.035    10.889    
    SLICE_X32Y64         FDCE (Setup_fdce_C_D)        0.077    10.966    vi_reg_reg[1]
  -------------------------------------------------------------------
                         required time                         10.966    
                         arrival time                          -8.051    
  -------------------------------------------------------------------
                         slack                                  2.915    

Slack (MET) :             2.915ns  (required time - arrival time)
  Source:                 prod_k2_r/CLK
                            (rising edge-triggered cell DSP48E1 clocked by clk  {rise@0.000ns fall@5.000ns period=10.000ns})
  Destination:            vi_reg_reg[1]/D
                            (rising edge-triggered cell FDCE clocked by clk  {rise@0.000ns fall@5.000ns period=10.000ns})
  Path Group:             clk
  Path Type:              Setup (Max at Slow Process Corner)
  Requirement:            10.000ns  (clk rise@10.000ns - clk rise@0.000ns)
  Data Path Delay:        7.078ns  (logic 2.639ns (37.283%)  route 4.439ns (62.717%))
  Logic Levels:           9  (CARRY4=6 LUT3=1 LUT4=1 LUT5=1)
  Clock Path Skew:        -0.049ns (DCD - SCD + CPR)
    Destination Clock Delay (DCD):    0.924ns = ( 10.924 - 10.000 ) 
    Source Clock Delay      (SCD):    0.973ns
    Clock Pessimism Removal (CPR):    0.000ns
  Clock Uncertainty:      0.035ns  ((TSJ^2 + TIJ^2)^1/2 + DJ) / 2 + PE
    Total System Jitter     (TSJ):    0.071ns
    Total Input Jitter      (TIJ):    0.000ns
    Discrete Jitter          (DJ):    0.000ns
    Phase Error              (PE):    0.000ns

    Location             Delay type                Incr(ns)  Path(ns)    Netlist Resource(s)
  -------------------------------------------------------------------    -------------------
                         (clock clk rise edge)        0.000     0.000 r  
                         propagated clock network latency
                                                      0.973     0.973    
    DSP48_X2Y27          DSP48E1                      0.000     0.973 r  prod_k2_r/CLK
    DSP48_X2Y27          DSP48E1 (Prop_dsp48e1_CLK_P[16])
                                                      0.434     1.407 f  prod_k2_r/P[16]
                         net (fo=1, routed)           1.222     2.629    prod_k2_r_n_89
    SLICE_X34Y64         LUT3 (Prop_lut3_I2_O)        0.124     2.753 r  vi_reg[3]_i_5/O
                         net (fo=1, routed)           0.000     2.753    vi_reg[3]_i_5_n_0
    SLICE_X34Y64         CARRY4 (Prop_carry4_S[1]_CO[3])
                                                      0.533     3.286 r  vi_reg_reg[3]_i_2/CO[3]
                         net (fo=1, routed)           0.000     3.286    vi_reg_reg[3]_i_2_n_0
    SLICE_X34Y65         CARRY4 (Prop_carry4_CI_CO[3])
                                                      0.117     3.403 r  vi_reg_reg[7]_i_2/CO[3]
                         net (fo=1, routed)           0.000     3.403    vi_reg_reg[7]_i_2_n_0
    SLICE_X34Y66         CARRY4 (Prop_carry4_CI_O[2])
                                                      0.239     3.642 f  vi_reg_reg[11]_i_2/O[2]
                         net (fo=5, routed)           1.238     4.880    vi_sum[10]
    SLICE_X32Y67         LUT4 (Prop_lut4_I0_O)        0.301     5.181 r  vi_reg[31]_i_63/O
                         net (fo=1, routed)           0.000     5.181    vi_reg[31]_i_63_n_0
    SLICE_X32Y67         CARRY4 (Prop_carry4_S[1]_CO[3])
                                                      0.533     5.714 r  vi_reg_reg[31]_i_37/CO[3]
                         net (fo=1, routed)           0.000     5.714    vi_reg_reg[31]_i_37_n_0
    SLICE_X32Y68         CARRY4 (Prop_carry4_CI_CO[3])
                                                      0.117     5.831 r  vi_reg_reg[31]_i_18/CO[3]
                         net (fo=1, routed)           0.000     5.831    vi_reg_reg[31]_i_18_n_0
    SLICE_X32Y69         CARRY4 (Prop_carry4_CI_CO[3])
                                                      0.117     5.948 f  vi_reg_reg[31]_i_4/CO[3]
                         net (fo=32, routed)          1.979     7.927    vi_sat1
    SLICE_X32Y64         LUT5 (Prop_lut5_I1_O)        0.124     8.051 r  vi_reg[1]_i_1/O
                         net (fo=1, routed)           0.000     8.051    vi_sat[1]
    SLICE_X32Y64         FDCE                                         r  vi_reg_reg[1]/D
  -------------------------------------------------------------------    -------------------

                         (clock clk rise edge)       10.000    10.000 r  
                         propagated clock network latency
                                                      0.924    10.924    
                         clock pessimism              0.000    10.924    
                         clock uncertainty           -0.035    10.889    
    SLICE_X32Y64         FDCE (Setup_fdce_C_D)        0.077    10.966    vi_reg_reg[1]
  -------------------------------------------------------------------
                         required time                         10.966    
                         arrival time                          -8.051    
  -------------------------------------------------------------------
                         slack                                  2.915    




