Copyright 1986-2022 Xilinx, Inc. All Rights Reserved. Copyright 2022-2023 Advanced Micro Devices, Inc. All Rights Reserved.
---------------------------------------------------------------------------------------------------------------------------------------------
| Tool Version : Vivado v.2023.2 (lin64) Build 4029153 Fri Oct 13 20:13:54 MDT 2023
| Date         : Tue May 19 21:06:26 2026
| Host         : PC105355 running 64-bit Ubuntu 24.04.4 LTS
| Command      : report_timing -delay_type max -max_paths 10 -nworst 10 -path_type full -file syn/reports/sync_agc_100mhz_timing_paths.rpt
| Design       : sync_agc
| Device       : 7z020-clg484
| Speed File   : -1  PRODUCTION 1.12 2019-11-22
| Design State : Routed
---------------------------------------------------------------------------------------------------------------------------------------------

Timing Report

Slack (VIOLATED) :        -0.433ns  (required time - arrival time)
  Source:                 in_q[15]
                            (input port clocked by clk  {rise@0.000ns fall@5.000ns period=10.000ns})
  Destination:            accum_reg[32]/D
                            (rising edge-triggered cell FDCE clocked by clk  {rise@0.000ns fall@5.000ns period=10.000ns})
  Path Group:             clk
  Path Type:              Setup (Max at Slow Process Corner)
  Requirement:            10.000ns  (clk rise@10.000ns - clk rise@0.000ns)
  Data Path Delay:        9.384ns  (logic 6.591ns (70.238%)  route 2.793ns (29.762%))
  Logic Levels:           14  (CARRY4=11 DSP48E1=1 LUT2=1 LUT3=1)
  Input Delay:            2.000ns
  Clock Path Skew:        0.924ns (DCD - SCD + CPR)
    Destination Clock Delay (DCD):    0.924ns = ( 10.924 - 10.000 ) 
    Source Clock Delay      (SCD):    0.000ns
    Clock Pessimism Removal (CPR):    0.000ns
  Clock Uncertainty:      0.035ns  ((TSJ^2 + TIJ^2)^1/2 + DJ) / 2 + PE
    Total System Jitter     (TSJ):    0.071ns
    Total Input Jitter      (TIJ):    0.000ns
    Discrete Jitter          (DJ):    0.000ns
    Phase Error              (PE):    0.000ns

    Location             Delay type                Incr(ns)  Path(ns)    Netlist Resource(s)
  -------------------------------------------------------------------    -------------------
                         (clock clk rise edge)        0.000     0.000 r  
                         propagated clock network latency
                                                      0.000     0.000    
                         input delay                  2.000     2.000    
                                                      0.000     2.000 r  in_q[15] (IN)
                         net (fo=21, unset)           0.973     2.973    in_q[15]
    DSP48_X2Y19          DSP48E1 (Prop_dsp48e1_A[29]_P[0])
                                                      3.841     6.814 f  power_q/P[0]
                         net (fo=3, routed)           1.075     7.889    power_q__0[0]
    SLICE_X35Y42         LUT3 (Prop_lut3_I0_O)        0.124     8.013 r  accum[0]_i_28/O
                         net (fo=1, routed)           0.190     8.202    accum[0]_i_28_n_0
    SLICE_X34Y42         CARRY4 (Prop_carry4_DI[1]_CO[3])
                                                      0.520     8.722 r  accum_reg[0]_i_17/CO[3]
                         net (fo=1, routed)           0.000     8.722    accum_reg[0]_i_17_n_0
    SLICE_X34Y43         CARRY4 (Prop_carry4_CI_CO[3])
                                                      0.117     8.839 r  accum_reg[0]_i_4/CO[3]
                         net (fo=1, routed)           0.000     8.839    accum_reg[0]_i_4_n_0
    SLICE_X34Y44         CARRY4 (Prop_carry4_CI_CO[3])
                                                      0.117     8.956 r  accum_reg[0]_i_3/CO[3]
                         net (fo=1, routed)           0.000     8.956    accum_reg[0]_i_3_n_0
    SLICE_X34Y45         CARRY4 (Prop_carry4_CI_CO[3])
                                                      0.117     9.073 r  accum_reg[4]_i_2/CO[3]
                         net (fo=1, routed)           0.000     9.073    accum_reg[4]_i_2_n_0
    SLICE_X34Y46         CARRY4 (Prop_carry4_CI_CO[3])
                                                      0.117     9.190 r  accum_reg[8]_i_2/CO[3]
                         net (fo=1, routed)           0.000     9.190    accum_reg[8]_i_2_n_0
    SLICE_X34Y47         CARRY4 (Prop_carry4_CI_CO[3])
                                                      0.117     9.307 r  accum_reg[12]_i_2/CO[3]
                         net (fo=1, routed)           0.000     9.307    accum_reg[12]_i_2_n_0
    SLICE_X34Y48         CARRY4 (Prop_carry4_CI_CO[3])
                                                      0.117     9.424 r  accum_reg[16]_i_2/CO[3]
                         net (fo=1, routed)           0.000     9.424    accum_reg[16]_i_2_n_0
    SLICE_X34Y49         CARRY4 (Prop_carry4_CI_CO[3])
                                                      0.117     9.541 r  accum_reg[20]_i_2/CO[3]
                         net (fo=1, routed)           0.001     9.542    accum_reg[20]_i_2_n_0
    SLICE_X34Y50         CARRY4 (Prop_carry4_CI_O[0])
                                                      0.219     9.761 r  accum_reg[24]_i_2/O[0]
                         net (fo=11, routed)          0.555    10.316    in0
    SLICE_X35Y50         LUT2 (Prop_lut2_I0_O)        0.295    10.611 r  accum[28]_i_4/O
                         net (fo=1, routed)           0.000    10.611    accum[28]_i_4_n_0
    SLICE_X35Y50         CARRY4 (Prop_carry4_S[1]_CO[3])
                                                      0.550    11.161 r  accum_reg[28]_i_1/CO[3]
                         net (fo=1, routed)           0.000    11.161    accum_reg[28]_i_1_n_0
    SLICE_X35Y51         CARRY4 (Prop_carry4_CI_O[0])
                                                      0.223    11.384 r  accum_reg[32]_i_1/O[0]
                         net (fo=1, routed)           0.000    11.384    accum_reg[32]_i_1_n_7
    SLICE_X35Y51         FDCE                                         r  accum_reg[32]/D
  -------------------------------------------------------------------    -------------------

                         (clock clk rise edge)       10.000    10.000 r  
                         propagated clock network latency
                                                      0.924    10.924    
                         clock pessimism              0.000    10.924    
                         clock uncertainty           -0.035    10.889    
    SLICE_X35Y51         FDCE (Setup_fdce_C_D)        0.062    10.951    accum_reg[32]
  -------------------------------------------------------------------
                         required time                         10.951    
                         arrival time                         -11.384    
  -------------------------------------------------------------------
                         slack                                 -0.433    

Slack (VIOLATED) :        -0.433ns  (required time - arrival time)
  Source:                 in_q[15]
                            (input port clocked by clk  {rise@0.000ns fall@5.000ns period=10.000ns})
  Destination:            accum_reg[32]/D
                            (rising edge-triggered cell FDCE clocked by clk  {rise@0.000ns fall@5.000ns period=10.000ns})
  Path Group:             clk
  Path Type:              Setup (Max at Slow Process Corner)
  Requirement:            10.000ns  (clk rise@10.000ns - clk rise@0.000ns)
  Data Path Delay:        9.384ns  (logic 6.591ns (70.238%)  route 2.793ns (29.762%))
  Logic Levels:           14  (CARRY4=11 DSP48E1=1 LUT2=1 LUT3=1)
  Input Delay:            2.000ns
  Clock Path Skew:        0.924ns (DCD - SCD + CPR)
    Destination Clock Delay (DCD):    0.924ns = ( 10.924 - 10.000 ) 
    Source Clock Delay      (SCD):    0.000ns
    Clock Pessimism Removal (CPR):    0.000ns
  Clock Uncertainty:      0.035ns  ((TSJ^2 + TIJ^2)^1/2 + DJ) / 2 + PE
    Total System Jitter     (TSJ):    0.071ns
    Total Input Jitter      (TIJ):    0.000ns
    Discrete Jitter          (DJ):    0.000ns
    Phase Error              (PE):    0.000ns

    Location             Delay type                Incr(ns)  Path(ns)    Netlist Resource(s)
  -------------------------------------------------------------------    -------------------
                         (clock clk rise edge)        0.000     0.000 r  
                         propagated clock network latency
                                                      0.000     0.000    
                         input delay                  2.000     2.000    
                                                      0.000     2.000 f  in_q[15] (IN)
                         net (fo=21, unset)           0.973     2.973    in_q[15]
    DSP48_X2Y19          DSP48E1 (Prop_dsp48e1_A[29]_P[0])
                                                      3.841     6.814 f  power_q/P[0]
                         net (fo=3, routed)           1.075     7.889    power_q__0[0]
    SLICE_X35Y42         LUT3 (Prop_lut3_I0_O)        0.124     8.013 r  accum[0]_i_28/O
                         net (fo=1, routed)           0.190     8.202    accum[0]_i_28_n_0
    SLICE_X34Y42         CARRY4 (Prop_carry4_DI[1]_CO[3])
                                                      0.520     8.722 r  accum_reg[0]_i_17/CO[3]
                         net (fo=1, routed)           0.000     8.722    accum_reg[0]_i_17_n_0
    SLICE_X34Y43         CARRY4 (Prop_carry4_CI_CO[3])
                                                      0.117     8.839 r  accum_reg[0]_i_4/CO[3]
                         net (fo=1, routed)           0.000     8.839    accum_reg[0]_i_4_n_0
    SLICE_X34Y44         CARRY4 (Prop_carry4_CI_CO[3])
                                                      0.117     8.956 r  accum_reg[0]_i_3/CO[3]
                         net (fo=1, routed)           0.000     8.956    accum_reg[0]_i_3_n_0
    SLICE_X34Y45         CARRY4 (Prop_carry4_CI_CO[3])
                                                      0.117     9.073 r  accum_reg[4]_i_2/CO[3]
                         net (fo=1, routed)           0.000     9.073    accum_reg[4]_i_2_n_0
    SLICE_X34Y46         CARRY4 (Prop_carry4_CI_CO[3])
                                                      0.117     9.190 r  accum_reg[8]_i_2/CO[3]
                         net (fo=1, routed)           0.000     9.190    accum_reg[8]_i_2_n_0
    SLICE_X34Y47         CARRY4 (Prop_carry4_CI_CO[3])
                                                      0.117     9.307 r  accum_reg[12]_i_2/CO[3]
                         net (fo=1, routed)           0.000     9.307    accum_reg[12]_i_2_n_0
    SLICE_X34Y48         CARRY4 (Prop_carry4_CI_CO[3])
                                                      0.117     9.424 r  accum_reg[16]_i_2/CO[3]
                         net (fo=1, routed)           0.000     9.424    accum_reg[16]_i_2_n_0
    SLICE_X34Y49         CARRY4 (Prop_carry4_CI_CO[3])
                                                      0.117     9.541 r  accum_reg[20]_i_2/CO[3]
                         net (fo=1, routed)           0.001     9.542    accum_reg[20]_i_2_n_0
    SLICE_X34Y50         CARRY4 (Prop_carry4_CI_O[0])
                                                      0.219     9.761 r  accum_reg[24]_i_2/O[0]
                         net (fo=11, routed)          0.555    10.316    in0
    SLICE_X35Y50         LUT2 (Prop_lut2_I0_O)        0.295    10.611 r  accum[28]_i_4/O
                         net (fo=1, routed)           0.000    10.611    accum[28]_i_4_n_0
    SLICE_X35Y50         CARRY4 (Prop_carry4_S[1]_CO[3])
                                                      0.550    11.161 r  accum_reg[28]_i_1/CO[3]
                         net (fo=1, routed)           0.000    11.161    accum_reg[28]_i_1_n_0
    SLICE_X35Y51         CARRY4 (Prop_carry4_CI_O[0])
                                                      0.223    11.384 r  accum_reg[32]_i_1/O[0]
                         net (fo=1, routed)           0.000    11.384    accum_reg[32]_i_1_n_7
    SLICE_X35Y51         FDCE                                         r  accum_reg[32]/D
  -------------------------------------------------------------------    -------------------

                         (clock clk rise edge)       10.000    10.000 r  
                         propagated clock network latency
                                                      0.924    10.924    
                         clock pessimism              0.000    10.924    
                         clock uncertainty           -0.035    10.889    
    SLICE_X35Y51         FDCE (Setup_fdce_C_D)        0.062    10.951    accum_reg[32]
  -------------------------------------------------------------------
                         required time                         10.951    
                         arrival time                         -11.384    
  -------------------------------------------------------------------
                         slack                                 -0.433    

Slack (VIOLATED) :        -0.433ns  (required time - arrival time)
  Source:                 in_q[15]
                            (input port clocked by clk  {rise@0.000ns fall@5.000ns period=10.000ns})
  Destination:            accum_reg[32]/D
                            (rising edge-triggered cell FDCE clocked by clk  {rise@0.000ns fall@5.000ns period=10.000ns})
  Path Group:             clk
  Path Type:              Setup (Max at Slow Process Corner)
  Requirement:            10.000ns  (clk rise@10.000ns - clk rise@0.000ns)
  Data Path Delay:        9.384ns  (logic 6.591ns (70.238%)  route 2.793ns (29.762%))
  Logic Levels:           14  (CARRY4=11 DSP48E1=1 LUT2=1 LUT3=1)
  Input Delay:            2.000ns
  Clock Path Skew:        0.924ns (DCD - SCD + CPR)
    Destination Clock Delay (DCD):    0.924ns = ( 10.924 - 10.000 ) 
    Source Clock Delay      (SCD):    0.000ns
    Clock Pessimism Removal (CPR):    0.000ns
  Clock Uncertainty:      0.035ns  ((TSJ^2 + TIJ^2)^1/2 + DJ) / 2 + PE
    Total System Jitter     (TSJ):    0.071ns
    Total Input Jitter      (TIJ):    0.000ns
    Discrete Jitter          (DJ):    0.000ns
    Phase Error              (PE):    0.000ns

    Location             Delay type                Incr(ns)  Path(ns)    Netlist Resource(s)
  -------------------------------------------------------------------    -------------------
                         (clock clk rise edge)        0.000     0.000 r  
                         propagated clock network latency
                                                      0.000     0.000    
                         input delay                  2.000     2.000    
                                                      0.000     2.000 r  in_q[15] (IN)
                         net (fo=21, unset)           0.973     2.973    in_q[15]
    DSP48_X2Y19          DSP48E1 (Prop_dsp48e1_A[28]_P[0])
                                                      3.841     6.814 f  power_q/P[0]
                         net (fo=3, routed)           1.075     7.889    power_q__0[0]
    SLICE_X35Y42         LUT3 (Prop_lut3_I0_O)        0.124     8.013 r  accum[0]_i_28/O
                         net (fo=1, routed)           0.190     8.202    accum[0]_i_28_n_0
    SLICE_X34Y42         CARRY4 (Prop_carry4_DI[1]_CO[3])
                                                      0.520     8.722 r  accum_reg[0]_i_17/CO[3]
                         net (fo=1, routed)           0.000     8.722    accum_reg[0]_i_17_n_0
    SLICE_X34Y43         CARRY4 (Prop_carry4_CI_CO[3])
                                                      0.117     8.839 r  accum_reg[0]_i_4/CO[3]
                         net (fo=1, routed)           0.000     8.839    accum_reg[0]_i_4_n_0
    SLICE_X34Y44         CARRY4 (Prop_carry4_CI_CO[3])
                                                      0.117     8.956 r  accum_reg[0]_i_3/CO[3]
                         net (fo=1, routed)           0.000     8.956    accum_reg[0]_i_3_n_0
    SLICE_X34Y45         CARRY4 (Prop_carry4_CI_CO[3])
                                                      0.117     9.073 r  accum_reg[4]_i_2/CO[3]
                         net (fo=1, routed)           0.000     9.073    accum_reg[4]_i_2_n_0
    SLICE_X34Y46         CARRY4 (Prop_carry4_CI_CO[3])
                                                      0.117     9.190 r  accum_reg[8]_i_2/CO[3]
                         net (fo=1, routed)           0.000     9.190    accum_reg[8]_i_2_n_0
    SLICE_X34Y47         CARRY4 (Prop_carry4_CI_CO[3])
                                                      0.117     9.307 r  accum_reg[12]_i_2/CO[3]
                         net (fo=1, routed)           0.000     9.307    accum_reg[12]_i_2_n_0
    SLICE_X34Y48         CARRY4 (Prop_carry4_CI_CO[3])
                                                      0.117     9.424 r  accum_reg[16]_i_2/CO[3]
                         net (fo=1, routed)           0.000     9.424    accum_reg[16]_i_2_n_0
    SLICE_X34Y49         CARRY4 (Prop_carry4_CI_CO[3])
                                                      0.117     9.541 r  accum_reg[20]_i_2/CO[3]
                         net (fo=1, routed)           0.001     9.542    accum_reg[20]_i_2_n_0
    SLICE_X34Y50         CARRY4 (Prop_carry4_CI_O[0])
                                                      0.219     9.761 r  accum_reg[24]_i_2/O[0]
                         net (fo=11, routed)          0.555    10.316    in0
    SLICE_X35Y50         LUT2 (Prop_lut2_I0_O)        0.295    10.611 r  accum[28]_i_4/O
                         net (fo=1, routed)           0.000    10.611    accum[28]_i_4_n_0
    SLICE_X35Y50         CARRY4 (Prop_carry4_S[1]_CO[3])
                                                      0.550    11.161 r  accum_reg[28]_i_1/CO[3]
                         net (fo=1, routed)           0.000    11.161    accum_reg[28]_i_1_n_0
    SLICE_X35Y51         CARRY4 (Prop_carry4_CI_O[0])
                                                      0.223    11.384 r  accum_reg[32]_i_1/O[0]
                         net (fo=1, routed)           0.000    11.384    accum_reg[32]_i_1_n_7
    SLICE_X35Y51         FDCE                                         r  accum_reg[32]/D
  -------------------------------------------------------------------    -------------------

                         (clock clk rise edge)       10.000    10.000 r  
                         propagated clock network latency
                                                      0.924    10.924    
                         clock pessimism              0.000    10.924    
                         clock uncertainty           -0.035    10.889    
    SLICE_X35Y51         FDCE (Setup_fdce_C_D)        0.062    10.951    accum_reg[32]
  -------------------------------------------------------------------
                         required time                         10.951    
                         arrival time                         -11.384    
  -------------------------------------------------------------------
                         slack                                 -0.433    

Slack (VIOLATED) :        -0.433ns  (required time - arrival time)
  Source:                 in_q[15]
                            (input port clocked by clk  {rise@0.000ns fall@5.000ns period=10.000ns})
  Destination:            accum_reg[32]/D
                            (rising edge-triggered cell FDCE clocked by clk  {rise@0.000ns fall@5.000ns period=10.000ns})
  Path Group:             clk
  Path Type:              Setup (Max at Slow Process Corner)
  Requirement:            10.000ns  (clk rise@10.000ns - clk rise@0.000ns)
  Data Path Delay:        9.384ns  (logic 6.591ns (70.238%)  route 2.793ns (29.762%))
  Logic Levels:           14  (CARRY4=11 DSP48E1=1 LUT2=1 LUT3=1)
  Input Delay:            2.000ns
  Clock Path Skew:        0.924ns (DCD - SCD + CPR)
    Destination Clock Delay (DCD):    0.924ns = ( 10.924 - 10.000 ) 
    Source Clock Delay      (SCD):    0.000ns
    Clock Pessimism Removal (CPR):    0.000ns
  Clock Uncertainty:      0.035ns  ((TSJ^2 + TIJ^2)^1/2 + DJ) / 2 + PE
    Total System Jitter     (TSJ):    0.071ns
    Total Input Jitter      (TIJ):    0.000ns
    Discrete Jitter          (DJ):    0.000ns
    Phase Error              (PE):    0.000ns

    Location             Delay type                Incr(ns)  Path(ns)    Netlist Resource(s)
  -------------------------------------------------------------------    -------------------
                         (clock clk rise edge)        0.000     0.000 r  
                         propagated clock network latency
                                                      0.000     0.000    
                         input delay                  2.000     2.000    
                                                      0.000     2.000 f  in_q[15] (IN)
                         net (fo=21, unset)           0.973     2.973    in_q[15]
    DSP48_X2Y19          DSP48E1 (Prop_dsp48e1_A[28]_P[0])
                                                      3.841     6.814 f  power_q/P[0]
                         net (fo=3, routed)           1.075     7.889    power_q__0[0]
    SLICE_X35Y42         LUT3 (Prop_lut3_I0_O)        0.124     8.013 r  accum[0]_i_28/O
                         net (fo=1, routed)           0.190     8.202    accum[0]_i_28_n_0
    SLICE_X34Y42         CARRY4 (Prop_carry4_DI[1]_CO[3])
                                                      0.520     8.722 r  accum_reg[0]_i_17/CO[3]
                         net (fo=1, routed)           0.000     8.722    accum_reg[0]_i_17_n_0
    SLICE_X34Y43         CARRY4 (Prop_carry4_CI_CO[3])
                                                      0.117     8.839 r  accum_reg[0]_i_4/CO[3]
                         net (fo=1, routed)           0.000     8.839    accum_reg[0]_i_4_n_0
    SLICE_X34Y44         CARRY4 (Prop_carry4_CI_CO[3])
                                                      0.117     8.956 r  accum_reg[0]_i_3/CO[3]
                         net (fo=1, routed)           0.000     8.956    accum_reg[0]_i_3_n_0
    SLICE_X34Y45         CARRY4 (Prop_carry4_CI_CO[3])
                                                      0.117     9.073 r  accum_reg[4]_i_2/CO[3]
                         net (fo=1, routed)           0.000     9.073    accum_reg[4]_i_2_n_0
    SLICE_X34Y46         CARRY4 (Prop_carry4_CI_CO[3])
                                                      0.117     9.190 r  accum_reg[8]_i_2/CO[3]
                         net (fo=1, routed)           0.000     9.190    accum_reg[8]_i_2_n_0
    SLICE_X34Y47         CARRY4 (Prop_carry4_CI_CO[3])
                                                      0.117     9.307 r  accum_reg[12]_i_2/CO[3]
                         net (fo=1, routed)           0.000     9.307    accum_reg[12]_i_2_n_0
    SLICE_X34Y48         CARRY4 (Prop_carry4_CI_CO[3])
                                                      0.117     9.424 r  accum_reg[16]_i_2/CO[3]
                         net (fo=1, routed)           0.000     9.424    accum_reg[16]_i_2_n_0
    SLICE_X34Y49         CARRY4 (Prop_carry4_CI_CO[3])
                                                      0.117     9.541 r  accum_reg[20]_i_2/CO[3]
                         net (fo=1, routed)           0.001     9.542    accum_reg[20]_i_2_n_0
    SLICE_X34Y50         CARRY4 (Prop_carry4_CI_O[0])
                                                      0.219     9.761 r  accum_reg[24]_i_2/O[0]
                         net (fo=11, routed)          0.555    10.316    in0
    SLICE_X35Y50         LUT2 (Prop_lut2_I0_O)        0.295    10.611 r  accum[28]_i_4/O
                         net (fo=1, routed)           0.000    10.611    accum[28]_i_4_n_0
    SLICE_X35Y50         CARRY4 (Prop_carry4_S[1]_CO[3])
                                                      0.550    11.161 r  accum_reg[28]_i_1/CO[3]
                         net (fo=1, routed)           0.000    11.161    accum_reg[28]_i_1_n_0
    SLICE_X35Y51         CARRY4 (Prop_carry4_CI_O[0])
                                                      0.223    11.384 r  accum_reg[32]_i_1/O[0]
                         net (fo=1, routed)           0.000    11.384    accum_reg[32]_i_1_n_7
    SLICE_X35Y51         FDCE                                         r  accum_reg[32]/D
  -------------------------------------------------------------------    -------------------

                         (clock clk rise edge)       10.000    10.000 r  
                         propagated clock network latency
                                                      0.924    10.924    
                         clock pessimism              0.000    10.924    
                         clock uncertainty           -0.035    10.889    
    SLICE_X35Y51         FDCE (Setup_fdce_C_D)        0.062    10.951    accum_reg[32]
  -------------------------------------------------------------------
                         required time                         10.951    
                         arrival time                         -11.384    
  -------------------------------------------------------------------
                         slack                                 -0.433    

Slack (VIOLATED) :        -0.433ns  (required time - arrival time)
  Source:                 in_q[15]
                            (input port clocked by clk  {rise@0.000ns fall@5.000ns period=10.000ns})
  Destination:            accum_reg[32]/D
                            (rising edge-triggered cell FDCE clocked by clk  {rise@0.000ns fall@5.000ns period=10.000ns})
  Path Group:             clk
  Path Type:              Setup (Max at Slow Process Corner)
  Requirement:            10.000ns  (clk rise@10.000ns - clk rise@0.000ns)
  Data Path Delay:        9.384ns  (logic 6.591ns (70.238%)  route 2.793ns (29.762%))
  Logic Levels:           14  (CARRY4=11 DSP48E1=1 LUT2=1 LUT3=1)
  Input Delay:            2.000ns
  Clock Path Skew:        0.924ns (DCD - SCD + CPR)
    Destination Clock Delay (DCD):    0.924ns = ( 10.924 - 10.000 ) 
    Source Clock Delay      (SCD):    0.000ns
    Clock Pessimism Removal (CPR):    0.000ns
  Clock Uncertainty:      0.035ns  ((TSJ^2 + TIJ^2)^1/2 + DJ) / 2 + PE
    Total System Jitter     (TSJ):    0.071ns
    Total Input Jitter      (TIJ):    0.000ns
    Discrete Jitter          (DJ):    0.000ns
    Phase Error              (PE):    0.000ns

    Location             Delay type                Incr(ns)  Path(ns)    Netlist Resource(s)
  -------------------------------------------------------------------    -------------------
                         (clock clk rise edge)        0.000     0.000 r  
                         propagated clock network latency
                                                      0.000     0.000    
                         input delay                  2.000     2.000    
                                                      0.000     2.000 r  in_q[15] (IN)
                         net (fo=21, unset)           0.973     2.973    in_q[15]
    DSP48_X2Y19          DSP48E1 (Prop_dsp48e1_A[27]_P[0])
                                                      3.841     6.814 f  power_q/P[0]
                         net (fo=3, routed)           1.075     7.889    power_q__0[0]
    SLICE_X35Y42         LUT3 (Prop_lut3_I0_O)        0.124     8.013 r  accum[0]_i_28/O
                         net (fo=1, routed)           0.190     8.202    accum[0]_i_28_n_0
    SLICE_X34Y42         CARRY4 (Prop_carry4_DI[1]_CO[3])
                                                      0.520     8.722 r  accum_reg[0]_i_17/CO[3]
                         net (fo=1, routed)           0.000     8.722    accum_reg[0]_i_17_n_0
    SLICE_X34Y43         CARRY4 (Prop_carry4_CI_CO[3])
                                                      0.117     8.839 r  accum_reg[0]_i_4/CO[3]
                         net (fo=1, routed)           0.000     8.839    accum_reg[0]_i_4_n_0
    SLICE_X34Y44         CARRY4 (Prop_carry4_CI_CO[3])
                                                      0.117     8.956 r  accum_reg[0]_i_3/CO[3]
                         net (fo=1, routed)           0.000     8.956    accum_reg[0]_i_3_n_0
    SLICE_X34Y45         CARRY4 (Prop_carry4_CI_CO[3])
                                                      0.117     9.073 r  accum_reg[4]_i_2/CO[3]
                         net (fo=1, routed)           0.000     9.073    accum_reg[4]_i_2_n_0
    SLICE_X34Y46         CARRY4 (Prop_carry4_CI_CO[3])
                                                      0.117     9.190 r  accum_reg[8]_i_2/CO[3]
                         net (fo=1, routed)           0.000     9.190    accum_reg[8]_i_2_n_0
    SLICE_X34Y47         CARRY4 (Prop_carry4_CI_CO[3])
                                                      0.117     9.307 r  accum_reg[12]_i_2/CO[3]
                         net (fo=1, routed)           0.000     9.307    accum_reg[12]_i_2_n_0
    SLICE_X34Y48         CARRY4 (Prop_carry4_CI_CO[3])
                                                      0.117     9.424 r  accum_reg[16]_i_2/CO[3]
                         net (fo=1, routed)           0.000     9.424    accum_reg[16]_i_2_n_0
    SLICE_X34Y49         CARRY4 (Prop_carry4_CI_CO[3])
                                                      0.117     9.541 r  accum_reg[20]_i_2/CO[3]
                         net (fo=1, routed)           0.001     9.542    accum_reg[20]_i_2_n_0
    SLICE_X34Y50         CARRY4 (Prop_carry4_CI_O[0])
                                                      0.219     9.761 r  accum_reg[24]_i_2/O[0]
                         net (fo=11, routed)          0.555    10.316    in0
    SLICE_X35Y50         LUT2 (Prop_lut2_I0_O)        0.295    10.611 r  accum[28]_i_4/O
                         net (fo=1, routed)           0.000    10.611    accum[28]_i_4_n_0
    SLICE_X35Y50         CARRY4 (Prop_carry4_S[1]_CO[3])
                                                      0.550    11.161 r  accum_reg[28]_i_1/CO[3]
                         net (fo=1, routed)           0.000    11.161    accum_reg[28]_i_1_n_0
    SLICE_X35Y51         CARRY4 (Prop_carry4_CI_O[0])
                                                      0.223    11.384 r  accum_reg[32]_i_1/O[0]
                         net (fo=1, routed)           0.000    11.384    accum_reg[32]_i_1_n_7
    SLICE_X35Y51         FDCE                                         r  accum_reg[32]/D
  -------------------------------------------------------------------    -------------------

                         (clock clk rise edge)       10.000    10.000 r  
                         propagated clock network latency
                                                      0.924    10.924    
                         clock pessimism              0.000    10.924    
                         clock uncertainty           -0.035    10.889    
    SLICE_X35Y51         FDCE (Setup_fdce_C_D)        0.062    10.951    accum_reg[32]
  -------------------------------------------------------------------
                         required time                         10.951    
                         arrival time                         -11.384    
  -------------------------------------------------------------------
                         slack                                 -0.433    

Slack (VIOLATED) :        -0.433ns  (required time - arrival time)
  Source:                 in_q[15]
                            (input port clocked by clk  {rise@0.000ns fall@5.000ns period=10.000ns})
  Destination:            accum_reg[32]/D
                            (rising edge-triggered cell FDCE clocked by clk  {rise@0.000ns fall@5.000ns period=10.000ns})
  Path Group:             clk
  Path Type:              Setup (Max at Slow Process Corner)
  Requirement:            10.000ns  (clk rise@10.000ns - clk rise@0.000ns)
  Data Path Delay:        9.384ns  (logic 6.591ns (70.238%)  route 2.793ns (29.762%))
  Logic Levels:           14  (CARRY4=11 DSP48E1=1 LUT2=1 LUT3=1)
  Input Delay:            2.000ns
  Clock Path Skew:        0.924ns (DCD - SCD + CPR)
    Destination Clock Delay (DCD):    0.924ns = ( 10.924 - 10.000 ) 
    Source Clock Delay      (SCD):    0.000ns
    Clock Pessimism Removal (CPR):    0.000ns
  Clock Uncertainty:      0.035ns  ((TSJ^2 + TIJ^2)^1/2 + DJ) / 2 + PE
    Total System Jitter     (TSJ):    0.071ns
    Total Input Jitter      (TIJ):    0.000ns
    Discrete Jitter          (DJ):    0.000ns
    Phase Error              (PE):    0.000ns

    Location             Delay type                Incr(ns)  Path(ns)    Netlist Resource(s)
  -------------------------------------------------------------------    -------------------
                         (clock clk rise edge)        0.000     0.000 r  
                         propagated clock network latency
                                                      0.000     0.000    
                         input delay                  2.000     2.000    
                                                      0.000     2.000 f  in_q[15] (IN)
                         net (fo=21, unset)           0.973     2.973    in_q[15]
    DSP48_X2Y19          DSP48E1 (Prop_dsp48e1_A[27]_P[0])
                                                      3.841     6.814 f  power_q/P[0]
                         net (fo=3, routed)           1.075     7.889    power_q__0[0]
    SLICE_X35Y42         LUT3 (Prop_lut3_I0_O)        0.124     8.013 r  accum[0]_i_28/O
                         net (fo=1, routed)           0.190     8.202    accum[0]_i_28_n_0
    SLICE_X34Y42         CARRY4 (Prop_carry4_DI[1]_CO[3])
                                                      0.520     8.722 r  accum_reg[0]_i_17/CO[3]
                         net (fo=1, routed)           0.000     8.722    accum_reg[0]_i_17_n_0
    SLICE_X34Y43         CARRY4 (Prop_carry4_CI_CO[3])
                                                      0.117     8.839 r  accum_reg[0]_i_4/CO[3]
                         net (fo=1, routed)           0.000     8.839    accum_reg[0]_i_4_n_0
    SLICE_X34Y44         CARRY4 (Prop_carry4_CI_CO[3])
                                                      0.117     8.956 r  accum_reg[0]_i_3/CO[3]
                         net (fo=1, routed)           0.000     8.956    accum_reg[0]_i_3_n_0
    SLICE_X34Y45         CARRY4 (Prop_carry4_CI_CO[3])
                                                      0.117     9.073 r  accum_reg[4]_i_2/CO[3]
                         net (fo=1, routed)           0.000     9.073    accum_reg[4]_i_2_n_0
    SLICE_X34Y46         CARRY4 (Prop_carry4_CI_CO[3])
                                                      0.117     9.190 r  accum_reg[8]_i_2/CO[3]
                         net (fo=1, routed)           0.000     9.190    accum_reg[8]_i_2_n_0
    SLICE_X34Y47         CARRY4 (Prop_carry4_CI_CO[3])
                                                      0.117     9.307 r  accum_reg[12]_i_2/CO[3]
                         net (fo=1, routed)           0.000     9.307    accum_reg[12]_i_2_n_0
    SLICE_X34Y48         CARRY4 (Prop_carry4_CI_CO[3])
                                                      0.117     9.424 r  accum_reg[16]_i_2/CO[3]
                         net (fo=1, routed)           0.000     9.424    accum_reg[16]_i_2_n_0
    SLICE_X34Y49         CARRY4 (Prop_carry4_CI_CO[3])
                                                      0.117     9.541 r  accum_reg[20]_i_2/CO[3]
                         net (fo=1, routed)           0.001     9.542    accum_reg[20]_i_2_n_0
    SLICE_X34Y50         CARRY4 (Prop_carry4_CI_O[0])
                                                      0.219     9.761 r  accum_reg[24]_i_2/O[0]
                         net (fo=11, routed)          0.555    10.316    in0
    SLICE_X35Y50         LUT2 (Prop_lut2_I0_O)        0.295    10.611 r  accum[28]_i_4/O
                         net (fo=1, routed)           0.000    10.611    accum[28]_i_4_n_0
    SLICE_X35Y50         CARRY4 (Prop_carry4_S[1]_CO[3])
                                                      0.550    11.161 r  accum_reg[28]_i_1/CO[3]
                         net (fo=1, routed)           0.000    11.161    accum_reg[28]_i_1_n_0
    SLICE_X35Y51         CARRY4 (Prop_carry4_CI_O[0])
                                                      0.223    11.384 r  accum_reg[32]_i_1/O[0]
                         net (fo=1, routed)           0.000    11.384    accum_reg[32]_i_1_n_7
    SLICE_X35Y51         FDCE                                         r  accum_reg[32]/D
  -------------------------------------------------------------------    -------------------

                         (clock clk rise edge)       10.000    10.000 r  
                         propagated clock network latency
                                                      0.924    10.924    
                         clock pessimism              0.000    10.924    
                         clock uncertainty           -0.035    10.889    
    SLICE_X35Y51         FDCE (Setup_fdce_C_D)        0.062    10.951    accum_reg[32]
  -------------------------------------------------------------------
                         required time                         10.951    
                         arrival time                         -11.384    
  -------------------------------------------------------------------
                         slack                                 -0.433    

Slack (VIOLATED) :        -0.433ns  (required time - arrival time)
  Source:                 in_q[15]
                            (input port clocked by clk  {rise@0.000ns fall@5.000ns period=10.000ns})
  Destination:            accum_reg[32]/D
                            (rising edge-triggered cell FDCE clocked by clk  {rise@0.000ns fall@5.000ns period=10.000ns})
  Path Group:             clk
  Path Type:              Setup (Max at Slow Process Corner)
  Requirement:            10.000ns  (clk rise@10.000ns - clk rise@0.000ns)
  Data Path Delay:        9.384ns  (logic 6.591ns (70.238%)  route 2.793ns (29.762%))
  Logic Levels:           14  (CARRY4=11 DSP48E1=1 LUT2=1 LUT3=1)
  Input Delay:            2.000ns
  Clock Path Skew:        0.924ns (DCD - SCD + CPR)
    Destination Clock Delay (DCD):    0.924ns = ( 10.924 - 10.000 ) 
    Source Clock Delay      (SCD):    0.000ns
    Clock Pessimism Removal (CPR):    0.000ns
  Clock Uncertainty:      0.035ns  ((TSJ^2 + TIJ^2)^1/2 + DJ) / 2 + PE
    Total System Jitter     (TSJ):    0.071ns
    Total Input Jitter      (TIJ):    0.000ns
    Discrete Jitter          (DJ):    0.000ns
    Phase Error              (PE):    0.000ns

    Location             Delay type                Incr(ns)  Path(ns)    Netlist Resource(s)
  -------------------------------------------------------------------    -------------------
                         (clock clk rise edge)        0.000     0.000 r  
                         propagated clock network latency
                                                      0.000     0.000    
                         input delay                  2.000     2.000    
                                                      0.000     2.000 r  in_q[15] (IN)
                         net (fo=21, unset)           0.973     2.973    in_q[15]
    DSP48_X2Y19          DSP48E1 (Prop_dsp48e1_A[26]_P[0])
                                                      3.841     6.814 f  power_q/P[0]
                         net (fo=3, routed)           1.075     7.889    power_q__0[0]
    SLICE_X35Y42         LUT3 (Prop_lut3_I0_O)        0.124     8.013 r  accum[0]_i_28/O
                         net (fo=1, routed)           0.190     8.202    accum[0]_i_28_n_0
    SLICE_X34Y42         CARRY4 (Prop_carry4_DI[1]_CO[3])
                                                      0.520     8.722 r  accum_reg[0]_i_17/CO[3]
                         net (fo=1, routed)           0.000     8.722    accum_reg[0]_i_17_n_0
    SLICE_X34Y43         CARRY4 (Prop_carry4_CI_CO[3])
                                                      0.117     8.839 r  accum_reg[0]_i_4/CO[3]
                         net (fo=1, routed)           0.000     8.839    accum_reg[0]_i_4_n_0
    SLICE_X34Y44         CARRY4 (Prop_carry4_CI_CO[3])
                                                      0.117     8.956 r  accum_reg[0]_i_3/CO[3]
                         net (fo=1, routed)           0.000     8.956    accum_reg[0]_i_3_n_0
    SLICE_X34Y45         CARRY4 (Prop_carry4_CI_CO[3])
                                                      0.117     9.073 r  accum_reg[4]_i_2/CO[3]
                         net (fo=1, routed)           0.000     9.073    accum_reg[4]_i_2_n_0
    SLICE_X34Y46         CARRY4 (Prop_carry4_CI_CO[3])
                                                      0.117     9.190 r  accum_reg[8]_i_2/CO[3]
                         net (fo=1, routed)           0.000     9.190    accum_reg[8]_i_2_n_0
    SLICE_X34Y47         CARRY4 (Prop_carry4_CI_CO[3])
                                                      0.117     9.307 r  accum_reg[12]_i_2/CO[3]
                         net (fo=1, routed)           0.000     9.307    accum_reg[12]_i_2_n_0
    SLICE_X34Y48         CARRY4 (Prop_carry4_CI_CO[3])
                                                      0.117     9.424 r  accum_reg[16]_i_2/CO[3]
                         net (fo=1, routed)           0.000     9.424    accum_reg[16]_i_2_n_0
    SLICE_X34Y49         CARRY4 (Prop_carry4_CI_CO[3])
                                                      0.117     9.541 r  accum_reg[20]_i_2/CO[3]
                         net (fo=1, routed)           0.001     9.542    accum_reg[20]_i_2_n_0
    SLICE_X34Y50         CARRY4 (Prop_carry4_CI_O[0])
                                                      0.219     9.761 r  accum_reg[24]_i_2/O[0]
                         net (fo=11, routed)          0.555    10.316    in0
    SLICE_X35Y50         LUT2 (Prop_lut2_I0_O)        0.295    10.611 r  accum[28]_i_4/O
                         net (fo=1, routed)           0.000    10.611    accum[28]_i_4_n_0
    SLICE_X35Y50         CARRY4 (Prop_carry4_S[1]_CO[3])
                                                      0.550    11.161 r  accum_reg[28]_i_1/CO[3]
                         net (fo=1, routed)           0.000    11.161    accum_reg[28]_i_1_n_0
    SLICE_X35Y51         CARRY4 (Prop_carry4_CI_O[0])
                                                      0.223    11.384 r  accum_reg[32]_i_1/O[0]
                         net (fo=1, routed)           0.000    11.384    accum_reg[32]_i_1_n_7
    SLICE_X35Y51         FDCE                                         r  accum_reg[32]/D
  -------------------------------------------------------------------    -------------------

                         (clock clk rise edge)       10.000    10.000 r  
                         propagated clock network latency
                                                      0.924    10.924    
                         clock pessimism              0.000    10.924    
                         clock uncertainty           -0.035    10.889    
    SLICE_X35Y51         FDCE (Setup_fdce_C_D)        0.062    10.951    accum_reg[32]
  -------------------------------------------------------------------
                         required time                         10.951    
                         arrival time                         -11.384    
  -------------------------------------------------------------------
                         slack                                 -0.433    

Slack (VIOLATED) :        -0.433ns  (required time - arrival time)
  Source:                 in_q[15]
                            (input port clocked by clk  {rise@0.000ns fall@5.000ns period=10.000ns})
  Destination:            accum_reg[32]/D
                            (rising edge-triggered cell FDCE clocked by clk  {rise@0.000ns fall@5.000ns period=10.000ns})
  Path Group:             clk
  Path Type:              Setup (Max at Slow Process Corner)
  Requirement:            10.000ns  (clk rise@10.000ns - clk rise@0.000ns)
  Data Path Delay:        9.384ns  (logic 6.591ns (70.238%)  route 2.793ns (29.762%))
  Logic Levels:           14  (CARRY4=11 DSP48E1=1 LUT2=1 LUT3=1)
  Input Delay:            2.000ns
  Clock Path Skew:        0.924ns (DCD - SCD + CPR)
    Destination Clock Delay (DCD):    0.924ns = ( 10.924 - 10.000 ) 
    Source Clock Delay      (SCD):    0.000ns
    Clock Pessimism Removal (CPR):    0.000ns
  Clock Uncertainty:      0.035ns  ((TSJ^2 + TIJ^2)^1/2 + DJ) / 2 + PE
    Total System Jitter     (TSJ):    0.071ns
    Total Input Jitter      (TIJ):    0.000ns
    Discrete Jitter          (DJ):    0.000ns
    Phase Error              (PE):    0.000ns

    Location             Delay type                Incr(ns)  Path(ns)    Netlist Resource(s)
  -------------------------------------------------------------------    -------------------
                         (clock clk rise edge)        0.000     0.000 r  
                         propagated clock network latency
                                                      0.000     0.000    
                         input delay                  2.000     2.000    
                                                      0.000     2.000 f  in_q[15] (IN)
                         net (fo=21, unset)           0.973     2.973    in_q[15]
    DSP48_X2Y19          DSP48E1 (Prop_dsp48e1_A[26]_P[0])
                                                      3.841     6.814 f  power_q/P[0]
                         net (fo=3, routed)           1.075     7.889    power_q__0[0]
    SLICE_X35Y42         LUT3 (Prop_lut3_I0_O)        0.124     8.013 r  accum[0]_i_28/O
                         net (fo=1, routed)           0.190     8.202    accum[0]_i_28_n_0
    SLICE_X34Y42         CARRY4 (Prop_carry4_DI[1]_CO[3])
                                                      0.520     8.722 r  accum_reg[0]_i_17/CO[3]
                         net (fo=1, routed)           0.000     8.722    accum_reg[0]_i_17_n_0
    SLICE_X34Y43         CARRY4 (Prop_carry4_CI_CO[3])
                                                      0.117     8.839 r  accum_reg[0]_i_4/CO[3]
                         net (fo=1, routed)           0.000     8.839    accum_reg[0]_i_4_n_0
    SLICE_X34Y44         CARRY4 (Prop_carry4_CI_CO[3])
                                                      0.117     8.956 r  accum_reg[0]_i_3/CO[3]
                         net (fo=1, routed)           0.000     8.956    accum_reg[0]_i_3_n_0
    SLICE_X34Y45         CARRY4 (Prop_carry4_CI_CO[3])
                                                      0.117     9.073 r  accum_reg[4]_i_2/CO[3]
                         net (fo=1, routed)           0.000     9.073    accum_reg[4]_i_2_n_0
    SLICE_X34Y46         CARRY4 (Prop_carry4_CI_CO[3])
                                                      0.117     9.190 r  accum_reg[8]_i_2/CO[3]
                         net (fo=1, routed)           0.000     9.190    accum_reg[8]_i_2_n_0
    SLICE_X34Y47         CARRY4 (Prop_carry4_CI_CO[3])
                                                      0.117     9.307 r  accum_reg[12]_i_2/CO[3]
                         net (fo=1, routed)           0.000     9.307    accum_reg[12]_i_2_n_0
    SLICE_X34Y48         CARRY4 (Prop_carry4_CI_CO[3])
                                                      0.117     9.424 r  accum_reg[16]_i_2/CO[3]
                         net (fo=1, routed)           0.000     9.424    accum_reg[16]_i_2_n_0
    SLICE_X34Y49         CARRY4 (Prop_carry4_CI_CO[3])
                                                      0.117     9.541 r  accum_reg[20]_i_2/CO[3]
                         net (fo=1, routed)           0.001     9.542    accum_reg[20]_i_2_n_0
    SLICE_X34Y50         CARRY4 (Prop_carry4_CI_O[0])
                                                      0.219     9.761 r  accum_reg[24]_i_2/O[0]
                         net (fo=11, routed)          0.555    10.316    in0
    SLICE_X35Y50         LUT2 (Prop_lut2_I0_O)        0.295    10.611 r  accum[28]_i_4/O
                         net (fo=1, routed)           0.000    10.611    accum[28]_i_4_n_0
    SLICE_X35Y50         CARRY4 (Prop_carry4_S[1]_CO[3])
                                                      0.550    11.161 r  accum_reg[28]_i_1/CO[3]
                         net (fo=1, routed)           0.000    11.161    accum_reg[28]_i_1_n_0
    SLICE_X35Y51         CARRY4 (Prop_carry4_CI_O[0])
                                                      0.223    11.384 r  accum_reg[32]_i_1/O[0]
                         net (fo=1, routed)           0.000    11.384    accum_reg[32]_i_1_n_7
    SLICE_X35Y51         FDCE                                         r  accum_reg[32]/D
  -------------------------------------------------------------------    -------------------

                         (clock clk rise edge)       10.000    10.000 r  
                         propagated clock network latency
                                                      0.924    10.924    
                         clock pessimism              0.000    10.924    
                         clock uncertainty           -0.035    10.889    
    SLICE_X35Y51         FDCE (Setup_fdce_C_D)        0.062    10.951    accum_reg[32]
  -------------------------------------------------------------------
                         required time                         10.951    
                         arrival time                         -11.384    
  -------------------------------------------------------------------
                         slack                                 -0.433    

Slack (VIOLATED) :        -0.433ns  (required time - arrival time)
  Source:                 in_q[15]
                            (input port clocked by clk  {rise@0.000ns fall@5.000ns period=10.000ns})
  Destination:            accum_reg[32]/D
                            (rising edge-triggered cell FDCE clocked by clk  {rise@0.000ns fall@5.000ns period=10.000ns})
  Path Group:             clk
  Path Type:              Setup (Max at Slow Process Corner)
  Requirement:            10.000ns  (clk rise@10.000ns - clk rise@0.000ns)
  Data Path Delay:        9.384ns  (logic 6.591ns (70.238%)  route 2.793ns (29.762%))
  Logic Levels:           14  (CARRY4=11 DSP48E1=1 LUT2=1 LUT3=1)
  Input Delay:            2.000ns
  Clock Path Skew:        0.924ns (DCD - SCD + CPR)
    Destination Clock Delay (DCD):    0.924ns = ( 10.924 - 10.000 ) 
    Source Clock Delay      (SCD):    0.000ns
    Clock Pessimism Removal (CPR):    0.000ns
  Clock Uncertainty:      0.035ns  ((TSJ^2 + TIJ^2)^1/2 + DJ) / 2 + PE
    Total System Jitter     (TSJ):    0.071ns
    Total Input Jitter      (TIJ):    0.000ns
    Discrete Jitter          (DJ):    0.000ns
    Phase Error              (PE):    0.000ns

    Location             Delay type                Incr(ns)  Path(ns)    Netlist Resource(s)
  -------------------------------------------------------------------    -------------------
                         (clock clk rise edge)        0.000     0.000 r  
                         propagated clock network latency
                                                      0.000     0.000    
                         input delay                  2.000     2.000    
                                                      0.000     2.000 r  in_q[15] (IN)
                         net (fo=21, unset)           0.973     2.973    in_q[15]
    DSP48_X2Y19          DSP48E1 (Prop_dsp48e1_A[25]_P[0])
                                                      3.841     6.814 f  power_q/P[0]
                         net (fo=3, routed)           1.075     7.889    power_q__0[0]
    SLICE_X35Y42         LUT3 (Prop_lut3_I0_O)        0.124     8.013 r  accum[0]_i_28/O
                         net (fo=1, routed)           0.190     8.202    accum[0]_i_28_n_0
    SLICE_X34Y42         CARRY4 (Prop_carry4_DI[1]_CO[3])
                                                      0.520     8.722 r  accum_reg[0]_i_17/CO[3]
                         net (fo=1, routed)           0.000     8.722    accum_reg[0]_i_17_n_0
    SLICE_X34Y43         CARRY4 (Prop_carry4_CI_CO[3])
                                                      0.117     8.839 r  accum_reg[0]_i_4/CO[3]
                         net (fo=1, routed)           0.000     8.839    accum_reg[0]_i_4_n_0
    SLICE_X34Y44         CARRY4 (Prop_carry4_CI_CO[3])
                                                      0.117     8.956 r  accum_reg[0]_i_3/CO[3]
                         net (fo=1, routed)           0.000     8.956    accum_reg[0]_i_3_n_0
    SLICE_X34Y45         CARRY4 (Prop_carry4_CI_CO[3])
                                                      0.117     9.073 r  accum_reg[4]_i_2/CO[3]
                         net (fo=1, routed)           0.000     9.073    accum_reg[4]_i_2_n_0
    SLICE_X34Y46         CARRY4 (Prop_carry4_CI_CO[3])
                                                      0.117     9.190 r  accum_reg[8]_i_2/CO[3]
                         net (fo=1, routed)           0.000     9.190    accum_reg[8]_i_2_n_0
    SLICE_X34Y47         CARRY4 (Prop_carry4_CI_CO[3])
                                                      0.117     9.307 r  accum_reg[12]_i_2/CO[3]
                         net (fo=1, routed)           0.000     9.307    accum_reg[12]_i_2_n_0
    SLICE_X34Y48         CARRY4 (Prop_carry4_CI_CO[3])
                                                      0.117     9.424 r  accum_reg[16]_i_2/CO[3]
                         net (fo=1, routed)           0.000     9.424    accum_reg[16]_i_2_n_0
    SLICE_X34Y49         CARRY4 (Prop_carry4_CI_CO[3])
                                                      0.117     9.541 r  accum_reg[20]_i_2/CO[3]
                         net (fo=1, routed)           0.001     9.542    accum_reg[20]_i_2_n_0
    SLICE_X34Y50         CARRY4 (Prop_carry4_CI_O[0])
                                                      0.219     9.761 r  accum_reg[24]_i_2/O[0]
                         net (fo=11, routed)          0.555    10.316    in0
    SLICE_X35Y50         LUT2 (Prop_lut2_I0_O)        0.295    10.611 r  accum[28]_i_4/O
                         net (fo=1, routed)           0.000    10.611    accum[28]_i_4_n_0
    SLICE_X35Y50         CARRY4 (Prop_carry4_S[1]_CO[3])
                                                      0.550    11.161 r  accum_reg[28]_i_1/CO[3]
                         net (fo=1, routed)           0.000    11.161    accum_reg[28]_i_1_n_0
    SLICE_X35Y51         CARRY4 (Prop_carry4_CI_O[0])
                                                      0.223    11.384 r  accum_reg[32]_i_1/O[0]
                         net (fo=1, routed)           0.000    11.384    accum_reg[32]_i_1_n_7
    SLICE_X35Y51         FDCE                                         r  accum_reg[32]/D
  -------------------------------------------------------------------    -------------------

                         (clock clk rise edge)       10.000    10.000 r  
                         propagated clock network latency
                                                      0.924    10.924    
                         clock pessimism              0.000    10.924    
                         clock uncertainty           -0.035    10.889    
    SLICE_X35Y51         FDCE (Setup_fdce_C_D)        0.062    10.951    accum_reg[32]
  -------------------------------------------------------------------
                         required time                         10.951    
                         arrival time                         -11.384    
  -------------------------------------------------------------------
                         slack                                 -0.433    

Slack (VIOLATED) :        -0.433ns  (required time - arrival time)
  Source:                 in_q[15]
                            (input port clocked by clk  {rise@0.000ns fall@5.000ns period=10.000ns})
  Destination:            accum_reg[32]/D
                            (rising edge-triggered cell FDCE clocked by clk  {rise@0.000ns fall@5.000ns period=10.000ns})
  Path Group:             clk
  Path Type:              Setup (Max at Slow Process Corner)
  Requirement:            10.000ns  (clk rise@10.000ns - clk rise@0.000ns)
  Data Path Delay:        9.384ns  (logic 6.591ns (70.238%)  route 2.793ns (29.762%))
  Logic Levels:           14  (CARRY4=11 DSP48E1=1 LUT2=1 LUT3=1)
  Input Delay:            2.000ns
  Clock Path Skew:        0.924ns (DCD - SCD + CPR)
    Destination Clock Delay (DCD):    0.924ns = ( 10.924 - 10.000 ) 
    Source Clock Delay      (SCD):    0.000ns
    Clock Pessimism Removal (CPR):    0.000ns
  Clock Uncertainty:      0.035ns  ((TSJ^2 + TIJ^2)^1/2 + DJ) / 2 + PE
    Total System Jitter     (TSJ):    0.071ns
    Total Input Jitter      (TIJ):    0.000ns
    Discrete Jitter          (DJ):    0.000ns
    Phase Error              (PE):    0.000ns

    Location             Delay type                Incr(ns)  Path(ns)    Netlist Resource(s)
  -------------------------------------------------------------------    -------------------
                         (clock clk rise edge)        0.000     0.000 r  
                         propagated clock network latency
                                                      0.000     0.000    
                         input delay                  2.000     2.000    
                                                      0.000     2.000 f  in_q[15] (IN)
                         net (fo=21, unset)           0.973     2.973    in_q[15]
    DSP48_X2Y19          DSP48E1 (Prop_dsp48e1_A[25]_P[0])
                                                      3.841     6.814 f  power_q/P[0]
                         net (fo=3, routed)           1.075     7.889    power_q__0[0]
    SLICE_X35Y42         LUT3 (Prop_lut3_I0_O)        0.124     8.013 r  accum[0]_i_28/O
                         net (fo=1, routed)           0.190     8.202    accum[0]_i_28_n_0
    SLICE_X34Y42         CARRY4 (Prop_carry4_DI[1]_CO[3])
                                                      0.520     8.722 r  accum_reg[0]_i_17/CO[3]
                         net (fo=1, routed)           0.000     8.722    accum_reg[0]_i_17_n_0
    SLICE_X34Y43         CARRY4 (Prop_carry4_CI_CO[3])
                                                      0.117     8.839 r  accum_reg[0]_i_4/CO[3]
                         net (fo=1, routed)           0.000     8.839    accum_reg[0]_i_4_n_0
    SLICE_X34Y44         CARRY4 (Prop_carry4_CI_CO[3])
                                                      0.117     8.956 r  accum_reg[0]_i_3/CO[3]
                         net (fo=1, routed)           0.000     8.956    accum_reg[0]_i_3_n_0
    SLICE_X34Y45         CARRY4 (Prop_carry4_CI_CO[3])
                                                      0.117     9.073 r  accum_reg[4]_i_2/CO[3]
                         net (fo=1, routed)           0.000     9.073    accum_reg[4]_i_2_n_0
    SLICE_X34Y46         CARRY4 (Prop_carry4_CI_CO[3])
                                                      0.117     9.190 r  accum_reg[8]_i_2/CO[3]
                         net (fo=1, routed)           0.000     9.190    accum_reg[8]_i_2_n_0
    SLICE_X34Y47         CARRY4 (Prop_carry4_CI_CO[3])
                                                      0.117     9.307 r  accum_reg[12]_i_2/CO[3]
                         net (fo=1, routed)           0.000     9.307    accum_reg[12]_i_2_n_0
    SLICE_X34Y48         CARRY4 (Prop_carry4_CI_CO[3])
                                                      0.117     9.424 r  accum_reg[16]_i_2/CO[3]
                         net (fo=1, routed)           0.000     9.424    accum_reg[16]_i_2_n_0
    SLICE_X34Y49         CARRY4 (Prop_carry4_CI_CO[3])
                                                      0.117     9.541 r  accum_reg[20]_i_2/CO[3]
                         net (fo=1, routed)           0.001     9.542    accum_reg[20]_i_2_n_0
    SLICE_X34Y50         CARRY4 (Prop_carry4_CI_O[0])
                                                      0.219     9.761 r  accum_reg[24]_i_2/O[0]
                         net (fo=11, routed)          0.555    10.316    in0
    SLICE_X35Y50         LUT2 (Prop_lut2_I0_O)        0.295    10.611 r  accum[28]_i_4/O
                         net (fo=1, routed)           0.000    10.611    accum[28]_i_4_n_0
    SLICE_X35Y50         CARRY4 (Prop_carry4_S[1]_CO[3])
                                                      0.550    11.161 r  accum_reg[28]_i_1/CO[3]
                         net (fo=1, routed)           0.000    11.161    accum_reg[28]_i_1_n_0
    SLICE_X35Y51         CARRY4 (Prop_carry4_CI_O[0])
                                                      0.223    11.384 r  accum_reg[32]_i_1/O[0]
                         net (fo=1, routed)           0.000    11.384    accum_reg[32]_i_1_n_7
    SLICE_X35Y51         FDCE                                         r  accum_reg[32]/D
  -------------------------------------------------------------------    -------------------

                         (clock clk rise edge)       10.000    10.000 r  
                         propagated clock network latency
                                                      0.924    10.924    
                         clock pessimism              0.000    10.924    
                         clock uncertainty           -0.035    10.889    
    SLICE_X35Y51         FDCE (Setup_fdce_C_D)        0.062    10.951    accum_reg[32]
  -------------------------------------------------------------------
                         required time                         10.951    
                         arrival time                         -11.384    
  -------------------------------------------------------------------
                         slack                                 -0.433    




