Copyright 1986-2022 Xilinx, Inc. All Rights Reserved. Copyright 2022-2023 Advanced Micro Devices, Inc. All Rights Reserved.
------------------------------------------------------------------------------------------------------------------------------------------------
| Tool Version : Vivado v.2023.2 (lin64) Build 4029153 Fri Oct 13 20:13:54 MDT 2023
| Date         : Wed May 20 01:30:05 2026
| Host         : PC105355 running 64-bit Ubuntu 24.04.4 LTS
| Command      : report_timing -delay_type max -max_paths 10 -nworst 10 -path_type full -file syn/reports/sync_mod1_nco_100mhz_timing_paths.rpt
| Design       : sync_mod1_nco
| Device       : 7z020-clg484
| Speed File   : -1  PRODUCTION 1.12 2019-11-22
| Design State : Routed
------------------------------------------------------------------------------------------------------------------------------------------------

Timing Report

Slack (MET) :             5.244ns  (required time - arrival time)
  Source:                 w_step[1]
                            (input port clocked by clk  {rise@0.000ns fall@5.000ns period=10.000ns})
  Destination:            mu_out_reg[0]/CE
                            (rising edge-triggered cell FDCE clocked by clk  {rise@0.000ns fall@5.000ns period=10.000ns})
  Path Group:             clk
  Path Type:              Setup (Max at Slow Process Corner)
  Requirement:            10.000ns  (clk rise@10.000ns - clk rise@0.000ns)
  Data Path Delay:        3.440ns  (logic 1.629ns (47.348%)  route 1.811ns (52.652%))
  Logic Levels:           7  (CARRY4=5 LUT2=2)
  Input Delay:            2.000ns
  Clock Path Skew:        0.924ns (DCD - SCD + CPR)
    Destination Clock Delay (DCD):    0.924ns = ( 10.924 - 10.000 ) 
    Source Clock Delay      (SCD):    0.000ns
    Clock Pessimism Removal (CPR):    0.000ns
  Clock Uncertainty:      0.035ns  ((TSJ^2 + TIJ^2)^1/2 + DJ) / 2 + PE
    Total System Jitter     (TSJ):    0.071ns
    Total Input Jitter      (TIJ):    0.000ns
    Discrete Jitter          (DJ):    0.000ns
    Phase Error              (PE):    0.000ns

    Location             Delay type                Incr(ns)  Path(ns)    Netlist Resource(s)
  -------------------------------------------------------------------    -------------------
                         (clock clk rise edge)        0.000     0.000 r  
                         propagated clock network latency
                                                      0.000     0.000    
                         input delay                  2.000     2.000    
                                                      0.000     2.000 r  w_step[1] (IN)
                         net (fo=0)                   0.973     2.973    w_step[1]
    SLICE_X26Y73         LUT2 (Prop_lut2_I1_O)        0.124     3.097 r  cnt_reg[3]_i_4/O
                         net (fo=1, routed)           0.000     3.097    cnt_reg[3]_i_4_n_0
    SLICE_X26Y73         CARRY4 (Prop_carry4_S[1]_CO[3])
                                                      0.533     3.630 r  cnt_reg_reg[3]_i_1/CO[3]
                         net (fo=1, routed)           0.000     3.630    cnt_reg_reg[3]_i_1_n_0
    SLICE_X26Y74         CARRY4 (Prop_carry4_CI_CO[3])
                                                      0.117     3.747 r  cnt_reg_reg[7]_i_1/CO[3]
                         net (fo=1, routed)           0.009     3.756    cnt_reg_reg[7]_i_1_n_0
    SLICE_X26Y75         CARRY4 (Prop_carry4_CI_CO[3])
                                                      0.117     3.873 r  cnt_reg_reg[11]_i_1/CO[3]
                         net (fo=1, routed)           0.000     3.873    cnt_reg_reg[11]_i_1_n_0
    SLICE_X26Y76         CARRY4 (Prop_carry4_CI_CO[3])
                                                      0.117     3.990 r  cnt_reg_reg[15]_i_1/CO[3]
                         net (fo=1, routed)           0.000     3.990    cnt_reg_reg[15]_i_1_n_0
    SLICE_X26Y77         CARRY4 (Prop_carry4_CI_CO[0])
                                                      0.254     4.244 f  strobe_reg_i_2/CO[0]
                         net (fo=1, routed)           0.299     4.543    strobe_reg_i_2_n_3
    SLICE_X27Y76         LUT2 (Prop_lut2_I1_O)        0.367     4.910 r  strobe_i_1/O
                         net (fo=13, routed)          0.531     5.440    strobe_i_1_n_0
    SLICE_X27Y74         FDCE                                         r  mu_out_reg[0]/CE
  -------------------------------------------------------------------    -------------------

                         (clock clk rise edge)       10.000    10.000 r  
                         propagated clock network latency
                                                      0.924    10.924    
                         clock pessimism              0.000    10.924    
                         clock uncertainty           -0.035    10.889    
    SLICE_X27Y74         FDCE (Setup_fdce_C_CE)      -0.205    10.684    mu_out_reg[0]
  -------------------------------------------------------------------
                         required time                         10.684    
                         arrival time                          -5.440    
  -------------------------------------------------------------------
                         slack                                  5.244    

Slack (MET) :             5.244ns  (required time - arrival time)
  Source:                 w_step[1]
                            (input port clocked by clk  {rise@0.000ns fall@5.000ns period=10.000ns})
  Destination:            mu_out_reg[0]/CE
                            (rising edge-triggered cell FDCE clocked by clk  {rise@0.000ns fall@5.000ns period=10.000ns})
  Path Group:             clk
  Path Type:              Setup (Max at Slow Process Corner)
  Requirement:            10.000ns  (clk rise@10.000ns - clk rise@0.000ns)
  Data Path Delay:        3.440ns  (logic 1.629ns (47.348%)  route 1.811ns (52.652%))
  Logic Levels:           7  (CARRY4=5 LUT2=2)
  Input Delay:            2.000ns
  Clock Path Skew:        0.924ns (DCD - SCD + CPR)
    Destination Clock Delay (DCD):    0.924ns = ( 10.924 - 10.000 ) 
    Source Clock Delay      (SCD):    0.000ns
    Clock Pessimism Removal (CPR):    0.000ns
  Clock Uncertainty:      0.035ns  ((TSJ^2 + TIJ^2)^1/2 + DJ) / 2 + PE
    Total System Jitter     (TSJ):    0.071ns
    Total Input Jitter      (TIJ):    0.000ns
    Discrete Jitter          (DJ):    0.000ns
    Phase Error              (PE):    0.000ns

    Location             Delay type                Incr(ns)  Path(ns)    Netlist Resource(s)
  -------------------------------------------------------------------    -------------------
                         (clock clk rise edge)        0.000     0.000 r  
                         propagated clock network latency
                                                      0.000     0.000    
                         input delay                  2.000     2.000    
                                                      0.000     2.000 f  w_step[1] (IN)
                         net (fo=0)                   0.973     2.973    w_step[1]
    SLICE_X26Y73         LUT2 (Prop_lut2_I1_O)        0.124     3.097 r  cnt_reg[3]_i_4/O
                         net (fo=1, routed)           0.000     3.097    cnt_reg[3]_i_4_n_0
    SLICE_X26Y73         CARRY4 (Prop_carry4_S[1]_CO[3])
                                                      0.533     3.630 r  cnt_reg_reg[3]_i_1/CO[3]
                         net (fo=1, routed)           0.000     3.630    cnt_reg_reg[3]_i_1_n_0
    SLICE_X26Y74         CARRY4 (Prop_carry4_CI_CO[3])
                                                      0.117     3.747 r  cnt_reg_reg[7]_i_1/CO[3]
                         net (fo=1, routed)           0.009     3.756    cnt_reg_reg[7]_i_1_n_0
    SLICE_X26Y75         CARRY4 (Prop_carry4_CI_CO[3])
                                                      0.117     3.873 r  cnt_reg_reg[11]_i_1/CO[3]
                         net (fo=1, routed)           0.000     3.873    cnt_reg_reg[11]_i_1_n_0
    SLICE_X26Y76         CARRY4 (Prop_carry4_CI_CO[3])
                                                      0.117     3.990 r  cnt_reg_reg[15]_i_1/CO[3]
                         net (fo=1, routed)           0.000     3.990    cnt_reg_reg[15]_i_1_n_0
    SLICE_X26Y77         CARRY4 (Prop_carry4_CI_CO[0])
                                                      0.254     4.244 f  strobe_reg_i_2/CO[0]
                         net (fo=1, routed)           0.299     4.543    strobe_reg_i_2_n_3
    SLICE_X27Y76         LUT2 (Prop_lut2_I1_O)        0.367     4.910 r  strobe_i_1/O
                         net (fo=13, routed)          0.531     5.440    strobe_i_1_n_0
    SLICE_X27Y74         FDCE                                         r  mu_out_reg[0]/CE
  -------------------------------------------------------------------    -------------------

                         (clock clk rise edge)       10.000    10.000 r  
                         propagated clock network latency
                                                      0.924    10.924    
                         clock pessimism              0.000    10.924    
                         clock uncertainty           -0.035    10.889    
    SLICE_X27Y74         FDCE (Setup_fdce_C_CE)      -0.205    10.684    mu_out_reg[0]
  -------------------------------------------------------------------
                         required time                         10.684    
                         arrival time                          -5.440    
  -------------------------------------------------------------------
                         slack                                  5.244    

Slack (MET) :             5.244ns  (required time - arrival time)
  Source:                 w_step[1]
                            (input port clocked by clk  {rise@0.000ns fall@5.000ns period=10.000ns})
  Destination:            mu_out_reg[0]/CE
                            (rising edge-triggered cell FDCE clocked by clk  {rise@0.000ns fall@5.000ns period=10.000ns})
  Path Group:             clk
  Path Type:              Setup (Max at Slow Process Corner)
  Requirement:            10.000ns  (clk rise@10.000ns - clk rise@0.000ns)
  Data Path Delay:        3.440ns  (logic 1.629ns (47.348%)  route 1.811ns (52.652%))
  Logic Levels:           7  (CARRY4=5 LUT2=2)
  Input Delay:            2.000ns
  Clock Path Skew:        0.924ns (DCD - SCD + CPR)
    Destination Clock Delay (DCD):    0.924ns = ( 10.924 - 10.000 ) 
    Source Clock Delay      (SCD):    0.000ns
    Clock Pessimism Removal (CPR):    0.000ns
  Clock Uncertainty:      0.035ns  ((TSJ^2 + TIJ^2)^1/2 + DJ) / 2 + PE
    Total System Jitter     (TSJ):    0.071ns
    Total Input Jitter      (TIJ):    0.000ns
    Discrete Jitter          (DJ):    0.000ns
    Phase Error              (PE):    0.000ns

    Location             Delay type                Incr(ns)  Path(ns)    Netlist Resource(s)
  -------------------------------------------------------------------    -------------------
                         (clock clk rise edge)        0.000     0.000 r  
                         propagated clock network latency
                                                      0.000     0.000    
                         input delay                  2.000     2.000    
                                                      0.000     2.000 r  w_step[1] (IN)
                         net (fo=0)                   0.973     2.973    w_step[1]
    SLICE_X26Y73         LUT2 (Prop_lut2_I1_O)        0.124     3.097 f  cnt_reg[3]_i_4/O
                         net (fo=1, routed)           0.000     3.097    cnt_reg[3]_i_4_n_0
    SLICE_X26Y73         CARRY4 (Prop_carry4_S[1]_CO[3])
                                                      0.533     3.630 r  cnt_reg_reg[3]_i_1/CO[3]
                         net (fo=1, routed)           0.000     3.630    cnt_reg_reg[3]_i_1_n_0
    SLICE_X26Y74         CARRY4 (Prop_carry4_CI_CO[3])
                                                      0.117     3.747 r  cnt_reg_reg[7]_i_1/CO[3]
                         net (fo=1, routed)           0.009     3.756    cnt_reg_reg[7]_i_1_n_0
    SLICE_X26Y75         CARRY4 (Prop_carry4_CI_CO[3])
                                                      0.117     3.873 r  cnt_reg_reg[11]_i_1/CO[3]
                         net (fo=1, routed)           0.000     3.873    cnt_reg_reg[11]_i_1_n_0
    SLICE_X26Y76         CARRY4 (Prop_carry4_CI_CO[3])
                                                      0.117     3.990 r  cnt_reg_reg[15]_i_1/CO[3]
                         net (fo=1, routed)           0.000     3.990    cnt_reg_reg[15]_i_1_n_0
    SLICE_X26Y77         CARRY4 (Prop_carry4_CI_CO[0])
                                                      0.254     4.244 f  strobe_reg_i_2/CO[0]
                         net (fo=1, routed)           0.299     4.543    strobe_reg_i_2_n_3
    SLICE_X27Y76         LUT2 (Prop_lut2_I1_O)        0.367     4.910 r  strobe_i_1/O
                         net (fo=13, routed)          0.531     5.440    strobe_i_1_n_0
    SLICE_X27Y74         FDCE                                         r  mu_out_reg[0]/CE
  -------------------------------------------------------------------    -------------------

                         (clock clk rise edge)       10.000    10.000 r  
                         propagated clock network latency
                                                      0.924    10.924    
                         clock pessimism              0.000    10.924    
                         clock uncertainty           -0.035    10.889    
    SLICE_X27Y74         FDCE (Setup_fdce_C_CE)      -0.205    10.684    mu_out_reg[0]
  -------------------------------------------------------------------
                         required time                         10.684    
                         arrival time                          -5.440    
  -------------------------------------------------------------------
                         slack                                  5.244    

Slack (MET) :             5.244ns  (required time - arrival time)
  Source:                 w_step[1]
                            (input port clocked by clk  {rise@0.000ns fall@5.000ns period=10.000ns})
  Destination:            mu_out_reg[0]/CE
                            (rising edge-triggered cell FDCE clocked by clk  {rise@0.000ns fall@5.000ns period=10.000ns})
  Path Group:             clk
  Path Type:              Setup (Max at Slow Process Corner)
  Requirement:            10.000ns  (clk rise@10.000ns - clk rise@0.000ns)
  Data Path Delay:        3.440ns  (logic 1.629ns (47.348%)  route 1.811ns (52.652%))
  Logic Levels:           7  (CARRY4=5 LUT2=2)
  Input Delay:            2.000ns
  Clock Path Skew:        0.924ns (DCD - SCD + CPR)
    Destination Clock Delay (DCD):    0.924ns = ( 10.924 - 10.000 ) 
    Source Clock Delay      (SCD):    0.000ns
    Clock Pessimism Removal (CPR):    0.000ns
  Clock Uncertainty:      0.035ns  ((TSJ^2 + TIJ^2)^1/2 + DJ) / 2 + PE
    Total System Jitter     (TSJ):    0.071ns
    Total Input Jitter      (TIJ):    0.000ns
    Discrete Jitter          (DJ):    0.000ns
    Phase Error              (PE):    0.000ns

    Location             Delay type                Incr(ns)  Path(ns)    Netlist Resource(s)
  -------------------------------------------------------------------    -------------------
                         (clock clk rise edge)        0.000     0.000 r  
                         propagated clock network latency
                                                      0.000     0.000    
                         input delay                  2.000     2.000    
                                                      0.000     2.000 f  w_step[1] (IN)
                         net (fo=0)                   0.973     2.973    w_step[1]
    SLICE_X26Y73         LUT2 (Prop_lut2_I1_O)        0.124     3.097 f  cnt_reg[3]_i_4/O
                         net (fo=1, routed)           0.000     3.097    cnt_reg[3]_i_4_n_0
    SLICE_X26Y73         CARRY4 (Prop_carry4_S[1]_CO[3])
                                                      0.533     3.630 r  cnt_reg_reg[3]_i_1/CO[3]
                         net (fo=1, routed)           0.000     3.630    cnt_reg_reg[3]_i_1_n_0
    SLICE_X26Y74         CARRY4 (Prop_carry4_CI_CO[3])
                                                      0.117     3.747 r  cnt_reg_reg[7]_i_1/CO[3]
                         net (fo=1, routed)           0.009     3.756    cnt_reg_reg[7]_i_1_n_0
    SLICE_X26Y75         CARRY4 (Prop_carry4_CI_CO[3])
                                                      0.117     3.873 r  cnt_reg_reg[11]_i_1/CO[3]
                         net (fo=1, routed)           0.000     3.873    cnt_reg_reg[11]_i_1_n_0
    SLICE_X26Y76         CARRY4 (Prop_carry4_CI_CO[3])
                                                      0.117     3.990 r  cnt_reg_reg[15]_i_1/CO[3]
                         net (fo=1, routed)           0.000     3.990    cnt_reg_reg[15]_i_1_n_0
    SLICE_X26Y77         CARRY4 (Prop_carry4_CI_CO[0])
                                                      0.254     4.244 f  strobe_reg_i_2/CO[0]
                         net (fo=1, routed)           0.299     4.543    strobe_reg_i_2_n_3
    SLICE_X27Y76         LUT2 (Prop_lut2_I1_O)        0.367     4.910 r  strobe_i_1/O
                         net (fo=13, routed)          0.531     5.440    strobe_i_1_n_0
    SLICE_X27Y74         FDCE                                         r  mu_out_reg[0]/CE
  -------------------------------------------------------------------    -------------------

                         (clock clk rise edge)       10.000    10.000 r  
                         propagated clock network latency
                                                      0.924    10.924    
                         clock pessimism              0.000    10.924    
                         clock uncertainty           -0.035    10.889    
    SLICE_X27Y74         FDCE (Setup_fdce_C_CE)      -0.205    10.684    mu_out_reg[0]
  -------------------------------------------------------------------
                         required time                         10.684    
                         arrival time                          -5.440    
  -------------------------------------------------------------------
                         slack                                  5.244    

Slack (MET) :             5.244ns  (required time - arrival time)
  Source:                 w_step[1]
                            (input port clocked by clk  {rise@0.000ns fall@5.000ns period=10.000ns})
  Destination:            mu_out_reg[0]/CE
                            (rising edge-triggered cell FDCE clocked by clk  {rise@0.000ns fall@5.000ns period=10.000ns})
  Path Group:             clk
  Path Type:              Setup (Max at Slow Process Corner)
  Requirement:            10.000ns  (clk rise@10.000ns - clk rise@0.000ns)
  Data Path Delay:        3.440ns  (logic 1.629ns (47.348%)  route 1.811ns (52.652%))
  Logic Levels:           7  (CARRY4=5 LUT2=2)
  Input Delay:            2.000ns
  Clock Path Skew:        0.924ns (DCD - SCD + CPR)
    Destination Clock Delay (DCD):    0.924ns = ( 10.924 - 10.000 ) 
    Source Clock Delay      (SCD):    0.000ns
    Clock Pessimism Removal (CPR):    0.000ns
  Clock Uncertainty:      0.035ns  ((TSJ^2 + TIJ^2)^1/2 + DJ) / 2 + PE
    Total System Jitter     (TSJ):    0.071ns
    Total Input Jitter      (TIJ):    0.000ns
    Discrete Jitter          (DJ):    0.000ns
    Phase Error              (PE):    0.000ns

    Location             Delay type                Incr(ns)  Path(ns)    Netlist Resource(s)
  -------------------------------------------------------------------    -------------------
                         (clock clk rise edge)        0.000     0.000 r  
                         propagated clock network latency
                                                      0.000     0.000    
                         input delay                  2.000     2.000    
                                                      0.000     2.000 r  w_step[1] (IN)
                         net (fo=0)                   0.973     2.973    w_step[1]
    SLICE_X26Y73         LUT2 (Prop_lut2_I1_O)        0.124     3.097 r  cnt_reg[3]_i_4/O
                         net (fo=1, routed)           0.000     3.097    cnt_reg[3]_i_4_n_0
    SLICE_X26Y73         CARRY4 (Prop_carry4_S[1]_CO[3])
                                                      0.533     3.630 r  cnt_reg_reg[3]_i_1/CO[3]
                         net (fo=1, routed)           0.000     3.630    cnt_reg_reg[3]_i_1_n_0
    SLICE_X26Y74         CARRY4 (Prop_carry4_CI_CO[3])
                                                      0.117     3.747 f  cnt_reg_reg[7]_i_1/CO[3]
                         net (fo=1, routed)           0.009     3.756    cnt_reg_reg[7]_i_1_n_0
    SLICE_X26Y75         CARRY4 (Prop_carry4_CI_CO[3])
                                                      0.117     3.873 r  cnt_reg_reg[11]_i_1/CO[3]
                         net (fo=1, routed)           0.000     3.873    cnt_reg_reg[11]_i_1_n_0
    SLICE_X26Y76         CARRY4 (Prop_carry4_CI_CO[3])
                                                      0.117     3.990 r  cnt_reg_reg[15]_i_1/CO[3]
                         net (fo=1, routed)           0.000     3.990    cnt_reg_reg[15]_i_1_n_0
    SLICE_X26Y77         CARRY4 (Prop_carry4_CI_CO[0])
                                                      0.254     4.244 f  strobe_reg_i_2/CO[0]
                         net (fo=1, routed)           0.299     4.543    strobe_reg_i_2_n_3
    SLICE_X27Y76         LUT2 (Prop_lut2_I1_O)        0.367     4.910 r  strobe_i_1/O
                         net (fo=13, routed)          0.531     5.440    strobe_i_1_n_0
    SLICE_X27Y74         FDCE                                         r  mu_out_reg[0]/CE
  -------------------------------------------------------------------    -------------------

                         (clock clk rise edge)       10.000    10.000 r  
                         propagated clock network latency
                                                      0.924    10.924    
                         clock pessimism              0.000    10.924    
                         clock uncertainty           -0.035    10.889    
    SLICE_X27Y74         FDCE (Setup_fdce_C_CE)      -0.205    10.684    mu_out_reg[0]
  -------------------------------------------------------------------
                         required time                         10.684    
                         arrival time                          -5.440    
  -------------------------------------------------------------------
                         slack                                  5.244    

Slack (MET) :             5.244ns  (required time - arrival time)
  Source:                 w_step[1]
                            (input port clocked by clk  {rise@0.000ns fall@5.000ns period=10.000ns})
  Destination:            mu_out_reg[0]/CE
                            (rising edge-triggered cell FDCE clocked by clk  {rise@0.000ns fall@5.000ns period=10.000ns})
  Path Group:             clk
  Path Type:              Setup (Max at Slow Process Corner)
  Requirement:            10.000ns  (clk rise@10.000ns - clk rise@0.000ns)
  Data Path Delay:        3.440ns  (logic 1.629ns (47.348%)  route 1.811ns (52.652%))
  Logic Levels:           7  (CARRY4=5 LUT2=2)
  Input Delay:            2.000ns
  Clock Path Skew:        0.924ns (DCD - SCD + CPR)
    Destination Clock Delay (DCD):    0.924ns = ( 10.924 - 10.000 ) 
    Source Clock Delay      (SCD):    0.000ns
    Clock Pessimism Removal (CPR):    0.000ns
  Clock Uncertainty:      0.035ns  ((TSJ^2 + TIJ^2)^1/2 + DJ) / 2 + PE
    Total System Jitter     (TSJ):    0.071ns
    Total Input Jitter      (TIJ):    0.000ns
    Discrete Jitter          (DJ):    0.000ns
    Phase Error              (PE):    0.000ns

    Location             Delay type                Incr(ns)  Path(ns)    Netlist Resource(s)
  -------------------------------------------------------------------    -------------------
                         (clock clk rise edge)        0.000     0.000 r  
                         propagated clock network latency
                                                      0.000     0.000    
                         input delay                  2.000     2.000    
                                                      0.000     2.000 f  w_step[1] (IN)
                         net (fo=0)                   0.973     2.973    w_step[1]
    SLICE_X26Y73         LUT2 (Prop_lut2_I1_O)        0.124     3.097 r  cnt_reg[3]_i_4/O
                         net (fo=1, routed)           0.000     3.097    cnt_reg[3]_i_4_n_0
    SLICE_X26Y73         CARRY4 (Prop_carry4_S[1]_CO[3])
                                                      0.533     3.630 r  cnt_reg_reg[3]_i_1/CO[3]
                         net (fo=1, routed)           0.000     3.630    cnt_reg_reg[3]_i_1_n_0
    SLICE_X26Y74         CARRY4 (Prop_carry4_CI_CO[3])
                                                      0.117     3.747 f  cnt_reg_reg[7]_i_1/CO[3]
                         net (fo=1, routed)           0.009     3.756    cnt_reg_reg[7]_i_1_n_0
    SLICE_X26Y75         CARRY4 (Prop_carry4_CI_CO[3])
                                                      0.117     3.873 r  cnt_reg_reg[11]_i_1/CO[3]
                         net (fo=1, routed)           0.000     3.873    cnt_reg_reg[11]_i_1_n_0
    SLICE_X26Y76         CARRY4 (Prop_carry4_CI_CO[3])
                                                      0.117     3.990 r  cnt_reg_reg[15]_i_1/CO[3]
                         net (fo=1, routed)           0.000     3.990    cnt_reg_reg[15]_i_1_n_0
    SLICE_X26Y77         CARRY4 (Prop_carry4_CI_CO[0])
                                                      0.254     4.244 f  strobe_reg_i_2/CO[0]
                         net (fo=1, routed)           0.299     4.543    strobe_reg_i_2_n_3
    SLICE_X27Y76         LUT2 (Prop_lut2_I1_O)        0.367     4.910 r  strobe_i_1/O
                         net (fo=13, routed)          0.531     5.440    strobe_i_1_n_0
    SLICE_X27Y74         FDCE                                         r  mu_out_reg[0]/CE
  -------------------------------------------------------------------    -------------------

                         (clock clk rise edge)       10.000    10.000 r  
                         propagated clock network latency
                                                      0.924    10.924    
                         clock pessimism              0.000    10.924    
                         clock uncertainty           -0.035    10.889    
    SLICE_X27Y74         FDCE (Setup_fdce_C_CE)      -0.205    10.684    mu_out_reg[0]
  -------------------------------------------------------------------
                         required time                         10.684    
                         arrival time                          -5.440    
  -------------------------------------------------------------------
                         slack                                  5.244    

Slack (MET) :             5.244ns  (required time - arrival time)
  Source:                 w_step[1]
                            (input port clocked by clk  {rise@0.000ns fall@5.000ns period=10.000ns})
  Destination:            mu_out_reg[0]/CE
                            (rising edge-triggered cell FDCE clocked by clk  {rise@0.000ns fall@5.000ns period=10.000ns})
  Path Group:             clk
  Path Type:              Setup (Max at Slow Process Corner)
  Requirement:            10.000ns  (clk rise@10.000ns - clk rise@0.000ns)
  Data Path Delay:        3.440ns  (logic 1.629ns (47.348%)  route 1.811ns (52.652%))
  Logic Levels:           7  (CARRY4=5 LUT2=2)
  Input Delay:            2.000ns
  Clock Path Skew:        0.924ns (DCD - SCD + CPR)
    Destination Clock Delay (DCD):    0.924ns = ( 10.924 - 10.000 ) 
    Source Clock Delay      (SCD):    0.000ns
    Clock Pessimism Removal (CPR):    0.000ns
  Clock Uncertainty:      0.035ns  ((TSJ^2 + TIJ^2)^1/2 + DJ) / 2 + PE
    Total System Jitter     (TSJ):    0.071ns
    Total Input Jitter      (TIJ):    0.000ns
    Discrete Jitter          (DJ):    0.000ns
    Phase Error              (PE):    0.000ns

    Location             Delay type                Incr(ns)  Path(ns)    Netlist Resource(s)
  -------------------------------------------------------------------    -------------------
                         (clock clk rise edge)        0.000     0.000 r  
                         propagated clock network latency
                                                      0.000     0.000    
                         input delay                  2.000     2.000    
                                                      0.000     2.000 r  w_step[1] (IN)
                         net (fo=0)                   0.973     2.973    w_step[1]
    SLICE_X26Y73         LUT2 (Prop_lut2_I1_O)        0.124     3.097 r  cnt_reg[3]_i_4/O
                         net (fo=1, routed)           0.000     3.097    cnt_reg[3]_i_4_n_0
    SLICE_X26Y73         CARRY4 (Prop_carry4_S[1]_CO[3])
                                                      0.533     3.630 r  cnt_reg_reg[3]_i_1/CO[3]
                         net (fo=1, routed)           0.000     3.630    cnt_reg_reg[3]_i_1_n_0
    SLICE_X26Y74         CARRY4 (Prop_carry4_CI_CO[3])
                                                      0.117     3.747 r  cnt_reg_reg[7]_i_1/CO[3]
                         net (fo=1, routed)           0.009     3.756    cnt_reg_reg[7]_i_1_n_0
    SLICE_X26Y75         CARRY4 (Prop_carry4_CI_CO[3])
                                                      0.117     3.873 f  cnt_reg_reg[11]_i_1/CO[3]
                         net (fo=1, routed)           0.000     3.873    cnt_reg_reg[11]_i_1_n_0
    SLICE_X26Y76         CARRY4 (Prop_carry4_CI_CO[3])
                                                      0.117     3.990 r  cnt_reg_reg[15]_i_1/CO[3]
                         net (fo=1, routed)           0.000     3.990    cnt_reg_reg[15]_i_1_n_0
    SLICE_X26Y77         CARRY4 (Prop_carry4_CI_CO[0])
                                                      0.254     4.244 f  strobe_reg_i_2/CO[0]
                         net (fo=1, routed)           0.299     4.543    strobe_reg_i_2_n_3
    SLICE_X27Y76         LUT2 (Prop_lut2_I1_O)        0.367     4.910 r  strobe_i_1/O
                         net (fo=13, routed)          0.531     5.440    strobe_i_1_n_0
    SLICE_X27Y74         FDCE                                         r  mu_out_reg[0]/CE
  -------------------------------------------------------------------    -------------------

                         (clock clk rise edge)       10.000    10.000 r  
                         propagated clock network latency
                                                      0.924    10.924    
                         clock pessimism              0.000    10.924    
                         clock uncertainty           -0.035    10.889    
    SLICE_X27Y74         FDCE (Setup_fdce_C_CE)      -0.205    10.684    mu_out_reg[0]
  -------------------------------------------------------------------
                         required time                         10.684    
                         arrival time                          -5.440    
  -------------------------------------------------------------------
                         slack                                  5.244    

Slack (MET) :             5.244ns  (required time - arrival time)
  Source:                 w_step[1]
                            (input port clocked by clk  {rise@0.000ns fall@5.000ns period=10.000ns})
  Destination:            mu_out_reg[0]/CE
                            (rising edge-triggered cell FDCE clocked by clk  {rise@0.000ns fall@5.000ns period=10.000ns})
  Path Group:             clk
  Path Type:              Setup (Max at Slow Process Corner)
  Requirement:            10.000ns  (clk rise@10.000ns - clk rise@0.000ns)
  Data Path Delay:        3.440ns  (logic 1.629ns (47.348%)  route 1.811ns (52.652%))
  Logic Levels:           7  (CARRY4=5 LUT2=2)
  Input Delay:            2.000ns
  Clock Path Skew:        0.924ns (DCD - SCD + CPR)
    Destination Clock Delay (DCD):    0.924ns = ( 10.924 - 10.000 ) 
    Source Clock Delay      (SCD):    0.000ns
    Clock Pessimism Removal (CPR):    0.000ns
  Clock Uncertainty:      0.035ns  ((TSJ^2 + TIJ^2)^1/2 + DJ) / 2 + PE
    Total System Jitter     (TSJ):    0.071ns
    Total Input Jitter      (TIJ):    0.000ns
    Discrete Jitter          (DJ):    0.000ns
    Phase Error              (PE):    0.000ns

    Location             Delay type                Incr(ns)  Path(ns)    Netlist Resource(s)
  -------------------------------------------------------------------    -------------------
                         (clock clk rise edge)        0.000     0.000 r  
                         propagated clock network latency
                                                      0.000     0.000    
                         input delay                  2.000     2.000    
                                                      0.000     2.000 f  w_step[1] (IN)
                         net (fo=0)                   0.973     2.973    w_step[1]
    SLICE_X26Y73         LUT2 (Prop_lut2_I1_O)        0.124     3.097 r  cnt_reg[3]_i_4/O
                         net (fo=1, routed)           0.000     3.097    cnt_reg[3]_i_4_n_0
    SLICE_X26Y73         CARRY4 (Prop_carry4_S[1]_CO[3])
                                                      0.533     3.630 r  cnt_reg_reg[3]_i_1/CO[3]
                         net (fo=1, routed)           0.000     3.630    cnt_reg_reg[3]_i_1_n_0
    SLICE_X26Y74         CARRY4 (Prop_carry4_CI_CO[3])
                                                      0.117     3.747 r  cnt_reg_reg[7]_i_1/CO[3]
                         net (fo=1, routed)           0.009     3.756    cnt_reg_reg[7]_i_1_n_0
    SLICE_X26Y75         CARRY4 (Prop_carry4_CI_CO[3])
                                                      0.117     3.873 f  cnt_reg_reg[11]_i_1/CO[3]
                         net (fo=1, routed)           0.000     3.873    cnt_reg_reg[11]_i_1_n_0
    SLICE_X26Y76         CARRY4 (Prop_carry4_CI_CO[3])
                                                      0.117     3.990 r  cnt_reg_reg[15]_i_1/CO[3]
                         net (fo=1, routed)           0.000     3.990    cnt_reg_reg[15]_i_1_n_0
    SLICE_X26Y77         CARRY4 (Prop_carry4_CI_CO[0])
                                                      0.254     4.244 f  strobe_reg_i_2/CO[0]
                         net (fo=1, routed)           0.299     4.543    strobe_reg_i_2_n_3
    SLICE_X27Y76         LUT2 (Prop_lut2_I1_O)        0.367     4.910 r  strobe_i_1/O
                         net (fo=13, routed)          0.531     5.440    strobe_i_1_n_0
    SLICE_X27Y74         FDCE                                         r  mu_out_reg[0]/CE
  -------------------------------------------------------------------    -------------------

                         (clock clk rise edge)       10.000    10.000 r  
                         propagated clock network latency
                                                      0.924    10.924    
                         clock pessimism              0.000    10.924    
                         clock uncertainty           -0.035    10.889    
    SLICE_X27Y74         FDCE (Setup_fdce_C_CE)      -0.205    10.684    mu_out_reg[0]
  -------------------------------------------------------------------
                         required time                         10.684    
                         arrival time                          -5.440    
  -------------------------------------------------------------------
                         slack                                  5.244    

Slack (MET) :             5.244ns  (required time - arrival time)
  Source:                 w_step[1]
                            (input port clocked by clk  {rise@0.000ns fall@5.000ns period=10.000ns})
  Destination:            mu_out_reg[0]/CE
                            (rising edge-triggered cell FDCE clocked by clk  {rise@0.000ns fall@5.000ns period=10.000ns})
  Path Group:             clk
  Path Type:              Setup (Max at Slow Process Corner)
  Requirement:            10.000ns  (clk rise@10.000ns - clk rise@0.000ns)
  Data Path Delay:        3.440ns  (logic 1.629ns (47.348%)  route 1.811ns (52.652%))
  Logic Levels:           7  (CARRY4=5 LUT2=2)
  Input Delay:            2.000ns
  Clock Path Skew:        0.924ns (DCD - SCD + CPR)
    Destination Clock Delay (DCD):    0.924ns = ( 10.924 - 10.000 ) 
    Source Clock Delay      (SCD):    0.000ns
    Clock Pessimism Removal (CPR):    0.000ns
  Clock Uncertainty:      0.035ns  ((TSJ^2 + TIJ^2)^1/2 + DJ) / 2 + PE
    Total System Jitter     (TSJ):    0.071ns
    Total Input Jitter      (TIJ):    0.000ns
    Discrete Jitter          (DJ):    0.000ns
    Phase Error              (PE):    0.000ns

    Location             Delay type                Incr(ns)  Path(ns)    Netlist Resource(s)
  -------------------------------------------------------------------    -------------------
                         (clock clk rise edge)        0.000     0.000 r  
                         propagated clock network latency
                                                      0.000     0.000    
                         input delay                  2.000     2.000    
                                                      0.000     2.000 r  w_step[1] (IN)
                         net (fo=0)                   0.973     2.973    w_step[1]
    SLICE_X26Y73         LUT2 (Prop_lut2_I1_O)        0.124     3.097 r  cnt_reg[3]_i_4/O
                         net (fo=1, routed)           0.000     3.097    cnt_reg[3]_i_4_n_0
    SLICE_X26Y73         CARRY4 (Prop_carry4_S[1]_CO[3])
                                                      0.533     3.630 r  cnt_reg_reg[3]_i_1/CO[3]
                         net (fo=1, routed)           0.000     3.630    cnt_reg_reg[3]_i_1_n_0
    SLICE_X26Y74         CARRY4 (Prop_carry4_CI_CO[3])
                                                      0.117     3.747 f  cnt_reg_reg[7]_i_1/CO[3]
                         net (fo=1, routed)           0.009     3.756    cnt_reg_reg[7]_i_1_n_0
    SLICE_X26Y75         CARRY4 (Prop_carry4_CI_CO[3])
                                                      0.117     3.873 f  cnt_reg_reg[11]_i_1/CO[3]
                         net (fo=1, routed)           0.000     3.873    cnt_reg_reg[11]_i_1_n_0
    SLICE_X26Y76         CARRY4 (Prop_carry4_CI_CO[3])
                                                      0.117     3.990 r  cnt_reg_reg[15]_i_1/CO[3]
                         net (fo=1, routed)           0.000     3.990    cnt_reg_reg[15]_i_1_n_0
    SLICE_X26Y77         CARRY4 (Prop_carry4_CI_CO[0])
                                                      0.254     4.244 f  strobe_reg_i_2/CO[0]
                         net (fo=1, routed)           0.299     4.543    strobe_reg_i_2_n_3
    SLICE_X27Y76         LUT2 (Prop_lut2_I1_O)        0.367     4.910 r  strobe_i_1/O
                         net (fo=13, routed)          0.531     5.440    strobe_i_1_n_0
    SLICE_X27Y74         FDCE                                         r  mu_out_reg[0]/CE
  -------------------------------------------------------------------    -------------------

                         (clock clk rise edge)       10.000    10.000 r  
                         propagated clock network latency
                                                      0.924    10.924    
                         clock pessimism              0.000    10.924    
                         clock uncertainty           -0.035    10.889    
    SLICE_X27Y74         FDCE (Setup_fdce_C_CE)      -0.205    10.684    mu_out_reg[0]
  -------------------------------------------------------------------
                         required time                         10.684    
                         arrival time                          -5.440    
  -------------------------------------------------------------------
                         slack                                  5.244    

Slack (MET) :             5.244ns  (required time - arrival time)
  Source:                 w_step[1]
                            (input port clocked by clk  {rise@0.000ns fall@5.000ns period=10.000ns})
  Destination:            mu_out_reg[0]/CE
                            (rising edge-triggered cell FDCE clocked by clk  {rise@0.000ns fall@5.000ns period=10.000ns})
  Path Group:             clk
  Path Type:              Setup (Max at Slow Process Corner)
  Requirement:            10.000ns  (clk rise@10.000ns - clk rise@0.000ns)
  Data Path Delay:        3.440ns  (logic 1.629ns (47.348%)  route 1.811ns (52.652%))
  Logic Levels:           7  (CARRY4=5 LUT2=2)
  Input Delay:            2.000ns
  Clock Path Skew:        0.924ns (DCD - SCD + CPR)
    Destination Clock Delay (DCD):    0.924ns = ( 10.924 - 10.000 ) 
    Source Clock Delay      (SCD):    0.000ns
    Clock Pessimism Removal (CPR):    0.000ns
  Clock Uncertainty:      0.035ns  ((TSJ^2 + TIJ^2)^1/2 + DJ) / 2 + PE
    Total System Jitter     (TSJ):    0.071ns
    Total Input Jitter      (TIJ):    0.000ns
    Discrete Jitter          (DJ):    0.000ns
    Phase Error              (PE):    0.000ns

    Location             Delay type                Incr(ns)  Path(ns)    Netlist Resource(s)
  -------------------------------------------------------------------    -------------------
                         (clock clk rise edge)        0.000     0.000 r  
                         propagated clock network latency
                                                      0.000     0.000    
                         input delay                  2.000     2.000    
                                                      0.000     2.000 f  w_step[1] (IN)
                         net (fo=0)                   0.973     2.973    w_step[1]
    SLICE_X26Y73         LUT2 (Prop_lut2_I1_O)        0.124     3.097 r  cnt_reg[3]_i_4/O
                         net (fo=1, routed)           0.000     3.097    cnt_reg[3]_i_4_n_0
    SLICE_X26Y73         CARRY4 (Prop_carry4_S[1]_CO[3])
                                                      0.533     3.630 r  cnt_reg_reg[3]_i_1/CO[3]
                         net (fo=1, routed)           0.000     3.630    cnt_reg_reg[3]_i_1_n_0
    SLICE_X26Y74         CARRY4 (Prop_carry4_CI_CO[3])
                                                      0.117     3.747 f  cnt_reg_reg[7]_i_1/CO[3]
                         net (fo=1, routed)           0.009     3.756    cnt_reg_reg[7]_i_1_n_0
    SLICE_X26Y75         CARRY4 (Prop_carry4_CI_CO[3])
                                                      0.117     3.873 f  cnt_reg_reg[11]_i_1/CO[3]
                         net (fo=1, routed)           0.000     3.873    cnt_reg_reg[11]_i_1_n_0
    SLICE_X26Y76         CARRY4 (Prop_carry4_CI_CO[3])
                                                      0.117     3.990 r  cnt_reg_reg[15]_i_1/CO[3]
                         net (fo=1, routed)           0.000     3.990    cnt_reg_reg[15]_i_1_n_0
    SLICE_X26Y77         CARRY4 (Prop_carry4_CI_CO[0])
                                                      0.254     4.244 f  strobe_reg_i_2/CO[0]
                         net (fo=1, routed)           0.299     4.543    strobe_reg_i_2_n_3
    SLICE_X27Y76         LUT2 (Prop_lut2_I1_O)        0.367     4.910 r  strobe_i_1/O
                         net (fo=13, routed)          0.531     5.440    strobe_i_1_n_0
    SLICE_X27Y74         FDCE                                         r  mu_out_reg[0]/CE
  -------------------------------------------------------------------    -------------------

                         (clock clk rise edge)       10.000    10.000 r  
                         propagated clock network latency
                                                      0.924    10.924    
                         clock pessimism              0.000    10.924    
                         clock uncertainty           -0.035    10.889    
    SLICE_X27Y74         FDCE (Setup_fdce_C_CE)      -0.205    10.684    mu_out_reg[0]
  -------------------------------------------------------------------
                         required time                         10.684    
                         arrival time                          -5.440    
  -------------------------------------------------------------------
                         slack                                  5.244    




