Copyright 1986-2022 Xilinx, Inc. All Rights Reserved. Copyright 2022-2023 Advanced Micro Devices, Inc. All Rights Reserved.
---------------------------------------------------------------------------------------------------------------------------------------------
| Tool Version : Vivado v.2023.2 (lin64) Build 4029153 Fri Oct 13 20:13:54 MDT 2023
| Date         : Wed May 20 01:30:05 2026
| Host         : PC105355 running 64-bit Ubuntu 24.04.4 LTS
| Command      : report_timing_summary -file syn/reports/sync_mod1_nco_100mhz_timing.rpt
| Design       : sync_mod1_nco
| Device       : 7z020-clg484
| Speed File   : -1  PRODUCTION 1.12 2019-11-22
| Design State : Routed
---------------------------------------------------------------------------------------------------------------------------------------------

Timing Summary Report

------------------------------------------------------------------------------------------------
| Timer Settings
| --------------
------------------------------------------------------------------------------------------------

  Enable Multi Corner Analysis               :  Yes
  Enable Pessimism Removal                   :  Yes
  Pessimism Removal Resolution               :  Nearest Common Node
  Enable Input Delay Default Clock           :  No
  Enable Preset / Clear Arcs                 :  No
  Disable Flight Delays                      :  No
  Ignore I/O Paths                           :  No
  Timing Early Launch at Borrowing Latches   :  No
  Borrow Time for Max Delay Exceptions       :  Yes
  Merge Timing Exceptions                    :  Yes
  Inter-SLR Compensation                     :  Conservative

  Corner  Analyze    Analyze    
  Name    Max Paths  Min Paths  
  ------  ---------  ---------  
  Slow    Yes        Yes        
  Fast    Yes        Yes        


------------------------------------------------------------------------------------------------
| Report Methodology
| ------------------
------------------------------------------------------------------------------------------------

No report available as report_methodology has not been run prior. Run report_methodology on the current design for the summary of methodology violations.



check_timing report

Table of Contents
-----------------
1. checking no_clock (0)
2. checking constant_clock (0)
3. checking pulse_width_clock (0)
4. checking unconstrained_internal_endpoints (0)
5. checking no_input_delay (0)
6. checking no_output_delay (0)
7. checking multiple_clock (0)
8. checking generated_clocks (0)
9. checking loops (0)
10. checking partial_input_delay (0)
11. checking partial_output_delay (0)
12. checking latch_loops (0)

1. checking no_clock (0)
------------------------
 There are 0 register/latch pins with no clock.


2. checking constant_clock (0)
------------------------------
 There are 0 register/latch pins with constant_clock.


3. checking pulse_width_clock (0)
---------------------------------
 There are 0 register/latch pins which need pulse_width check


4. checking unconstrained_internal_endpoints (0)
------------------------------------------------
 There are 0 pins that are not constrained for maximum delay.

 There are 0 pins that are not constrained for maximum delay due to constant clock.


5. checking no_input_delay (0)
------------------------------
 There are 0 input ports with no input delay specified.

 There are 0 input ports with no input delay but user has a false path constraint.


6. checking no_output_delay (0)
-------------------------------
 There are 0 ports with no output delay specified.

 There are 0 ports with no output delay but user has a false path constraint

 There are 0 ports with no output delay but with a timing clock defined on it or propagating through it


7. checking multiple_clock (0)
------------------------------
 There are 0 register/latch pins with multiple clocks.


8. checking generated_clocks (0)
--------------------------------
 There are 0 generated clocks that are not connected to a clock source.


9. checking loops (0)
---------------------
 There are 0 combinational loops in the design.


10. checking partial_input_delay (0)
------------------------------------
 There are 0 input ports with partial input delay specified.


11. checking partial_output_delay (0)
-------------------------------------
 There are 0 ports with partial output delay specified.


12. checking latch_loops (0)
----------------------------
 There are 0 combinational latch loops in the design through latch input



------------------------------------------------------------------------------------------------
| Design Timing Summary
| ---------------------
------------------------------------------------------------------------------------------------

    WNS(ns)      TNS(ns)  TNS Failing Endpoints  TNS Total Endpoints      WHS(ns)      THS(ns)  THS Failing Endpoints  THS Total Endpoints     WPWS(ns)     TPWS(ns)  TPWS Failing Endpoints  TPWS Total Endpoints  
    -------      -------  ---------------------  -------------------      -------      -------  ---------------------  -------------------     --------     --------  ----------------------  --------------------  
      5.244        0.000                      0                   70       -0.164       -3.784                     32                   70        4.500        0.000                       0                    29  


Timing constraints are not met.


------------------------------------------------------------------------------------------------
| Clock Summary
| -------------
------------------------------------------------------------------------------------------------

Clock  Waveform(ns)       Period(ns)      Frequency(MHz)
-----  ------------       ----------      --------------
clk    {0.000 5.000}      10.000          100.000         


------------------------------------------------------------------------------------------------
| Intra Clock Table
| -----------------
------------------------------------------------------------------------------------------------

Clock             WNS(ns)      TNS(ns)  TNS Failing Endpoints  TNS Total Endpoints      WHS(ns)      THS(ns)  THS Failing Endpoints  THS Total Endpoints     WPWS(ns)     TPWS(ns)  TPWS Failing Endpoints  TPWS Total Endpoints  
-----             -------      -------  ---------------------  -------------------      -------      -------  ---------------------  -------------------     --------     --------  ----------------------  --------------------  
clk                 5.244        0.000                      0                   70       -0.164       -3.784                     32                   70        4.500        0.000                       0                    29  


------------------------------------------------------------------------------------------------
| Inter Clock Table
| -----------------
------------------------------------------------------------------------------------------------

From Clock    To Clock          WNS(ns)      TNS(ns)  TNS Failing Endpoints  TNS Total Endpoints      WHS(ns)      THS(ns)  THS Failing Endpoints  THS Total Endpoints  
----------    --------          -------      -------  ---------------------  -------------------      -------      -------  ---------------------  -------------------  


------------------------------------------------------------------------------------------------
| Other Path Groups Table
| -----------------------
------------------------------------------------------------------------------------------------

Path Group    From Clock    To Clock          WNS(ns)      TNS(ns)  TNS Failing Endpoints  TNS Total Endpoints      WHS(ns)      THS(ns)  THS Failing Endpoints  THS Total Endpoints  
----------    ----------    --------          -------      -------  ---------------------  -------------------      -------      -------  ---------------------  -------------------  


------------------------------------------------------------------------------------------------
| Timing Details
| --------------
------------------------------------------------------------------------------------------------


---------------------------------------------------------------------------------------------------
From Clock:  clk
  To Clock:  clk

Setup :            0  Failing Endpoints,  Worst Slack        5.244ns,  Total Violation        0.000ns
Hold  :           32  Failing Endpoints,  Worst Slack       -0.164ns,  Total Violation       -3.784ns
PW    :            0  Failing Endpoints,  Worst Slack        4.500ns,  Total Violation        0.000ns
---------------------------------------------------------------------------------------------------


Max Delay Paths
--------------------------------------------------------------------------------------
Slack (MET) :             5.244ns  (required time - arrival time)
  Source:                 w_step[1]
                            (input port clocked by clk  {rise@0.000ns fall@5.000ns period=10.000ns})
  Destination:            mu_out_reg[0]/CE
                            (rising edge-triggered cell FDCE clocked by clk  {rise@0.000ns fall@5.000ns period=10.000ns})
  Path Group:             clk
  Path Type:              Setup (Max at Slow Process Corner)
  Requirement:            10.000ns  (clk rise@10.000ns - clk rise@0.000ns)
  Data Path Delay:        3.440ns  (logic 1.629ns (47.348%)  route 1.811ns (52.652%))
  Logic Levels:           7  (CARRY4=5 LUT2=2)
  Input Delay:            2.000ns
  Clock Path Skew:        0.924ns (DCD - SCD + CPR)
    Destination Clock Delay (DCD):    0.924ns = ( 10.924 - 10.000 ) 
    Source Clock Delay      (SCD):    0.000ns
    Clock Pessimism Removal (CPR):    0.000ns
  Clock Uncertainty:      0.035ns  ((TSJ^2 + TIJ^2)^1/2 + DJ) / 2 + PE
    Total System Jitter     (TSJ):    0.071ns
    Total Input Jitter      (TIJ):    0.000ns
    Discrete Jitter          (DJ):    0.000ns
    Phase Error              (PE):    0.000ns

    Location             Delay type                Incr(ns)  Path(ns)    Netlist Resource(s)
  -------------------------------------------------------------------    -------------------
                         (clock clk rise edge)        0.000     0.000 r  
                         input delay                  2.000     2.000    
                                                      0.000     2.000 r  w_step[1] (IN)
                         net (fo=0)                   0.973     2.973    w_step[1]
    SLICE_X26Y73         LUT2 (Prop_lut2_I1_O)        0.124     3.097 r  cnt_reg[3]_i_4/O
                         net (fo=1, routed)           0.000     3.097    cnt_reg[3]_i_4_n_0
    SLICE_X26Y73         CARRY4 (Prop_carry4_S[1]_CO[3])
                                                      0.533     3.630 r  cnt_reg_reg[3]_i_1/CO[3]
                         net (fo=1, routed)           0.000     3.630    cnt_reg_reg[3]_i_1_n_0
    SLICE_X26Y74         CARRY4 (Prop_carry4_CI_CO[3])
                                                      0.117     3.747 r  cnt_reg_reg[7]_i_1/CO[3]
                         net (fo=1, routed)           0.009     3.756    cnt_reg_reg[7]_i_1_n_0
    SLICE_X26Y75         CARRY4 (Prop_carry4_CI_CO[3])
                                                      0.117     3.873 r  cnt_reg_reg[11]_i_1/CO[3]
                         net (fo=1, routed)           0.000     3.873    cnt_reg_reg[11]_i_1_n_0
    SLICE_X26Y76         CARRY4 (Prop_carry4_CI_CO[3])
                                                      0.117     3.990 r  cnt_reg_reg[15]_i_1/CO[3]
                         net (fo=1, routed)           0.000     3.990    cnt_reg_reg[15]_i_1_n_0
    SLICE_X26Y77         CARRY4 (Prop_carry4_CI_CO[0])
                                                      0.254     4.244 f  strobe_reg_i_2/CO[0]
                         net (fo=1, routed)           0.299     4.543    strobe_reg_i_2_n_3
    SLICE_X27Y76         LUT2 (Prop_lut2_I1_O)        0.367     4.910 r  strobe_i_1/O
                         net (fo=13, routed)          0.531     5.440    strobe_i_1_n_0
    SLICE_X27Y74         FDCE                                         r  mu_out_reg[0]/CE
  -------------------------------------------------------------------    -------------------

                         (clock clk rise edge)       10.000    10.000 r  
                                                      0.000    10.000 r  clk (IN)
                         net (fo=28, unset)           0.924    10.924    clk
    SLICE_X27Y74         FDCE                                         r  mu_out_reg[0]/C
                         clock pessimism              0.000    10.924    
                         clock uncertainty           -0.035    10.889    
    SLICE_X27Y74         FDCE (Setup_fdce_C_CE)      -0.205    10.684    mu_out_reg[0]
  -------------------------------------------------------------------
                         required time                         10.684    
                         arrival time                          -5.440    
  -------------------------------------------------------------------
                         slack                                  5.244    





Min Delay Paths
--------------------------------------------------------------------------------------
Slack (VIOLATED) :        -0.164ns  (arrival time - required time)
  Source:                 w_step[13]
                            (input port clocked by clk  {rise@0.000ns fall@5.000ns period=10.000ns})
  Destination:            cnt_reg_reg[13]/D
                            (rising edge-triggered cell FDCE clocked by clk  {rise@0.000ns fall@5.000ns period=10.000ns})
  Path Group:             clk
  Path Type:              Hold (Min at Slow Process Corner)
  Requirement:            0.000ns  (clk rise@0.000ns - clk rise@0.000ns)
  Data Path Delay:        1.200ns  (logic 0.276ns (22.993%)  route 0.924ns (77.007%))
  Logic Levels:           2  (CARRY4=1 LUT2=1)
  Input Delay:            0.000ns
  Clock Path Skew:        0.973ns (DCD - SCD - CPR)
    Destination Clock Delay (DCD):    0.973ns
    Source Clock Delay      (SCD):    0.000ns
    Clock Pessimism Removal (CPR):    -0.000ns
  Clock Uncertainty:      0.035ns  ((TSJ^2 + TIJ^2)^1/2 + DJ) / 2 + PE
    Total System Jitter     (TSJ):    0.071ns
    Total Input Jitter      (TIJ):    0.000ns
    Discrete Jitter          (DJ):    0.000ns
    Phase Error              (PE):    0.000ns

    Location             Delay type                Incr(ns)  Path(ns)    Netlist Resource(s)
  -------------------------------------------------------------------    -------------------
                         (clock clk rise edge)        0.000     0.000 r  
                         input delay                  0.000     0.000    
                                                      0.000     0.000 r  w_step[13] (IN)
                         net (fo=0)                   0.924     0.924    w_step[13]
    SLICE_X26Y76         LUT2 (Prop_lut2_I1_O)        0.100     1.024 r  cnt_reg[15]_i_4/O
                         net (fo=1, routed)           0.000     1.024    cnt_reg[15]_i_4_n_0
    SLICE_X26Y76         CARRY4 (Prop_carry4_S[1]_O[1])
                                                      0.176     1.200 r  cnt_reg_reg[15]_i_1/O[1]
                         net (fo=1, routed)           0.000     1.200    cnt_reg_reg[15]_i_1_n_6
    SLICE_X26Y76         FDCE                                         r  cnt_reg_reg[13]/D
  -------------------------------------------------------------------    -------------------

                         (clock clk rise edge)        0.000     0.000 r  
                                                      0.000     0.000 r  clk (IN)
                         net (fo=28, unset)           0.973     0.973    clk
    SLICE_X26Y76         FDCE                                         r  cnt_reg_reg[13]/C
                         clock pessimism              0.000     0.973    
                         clock uncertainty            0.035     1.008    
    SLICE_X26Y76         FDCE (Hold_fdce_C_D)         0.356     1.364    cnt_reg_reg[13]
  -------------------------------------------------------------------
                         required time                         -1.364    
                         arrival time                           1.200    
  -------------------------------------------------------------------
                         slack                                 -0.164    





Pulse Width Checks
--------------------------------------------------------------------------------------
Clock Name:         clk
Waveform(ns):       { 0.000 5.000 }
Period(ns):         10.000
Sources:            { clk }

Check Type        Corner  Lib Pin  Reference Pin  Required(ns)  Actual(ns)  Slack(ns)  Location      Pin
Min Period        n/a     FDCE/C   n/a            1.000         10.000      9.000      SLICE_X26Y73  cnt_reg_reg[0]/C
Low Pulse Width   Slow    FDCE/C   n/a            0.500         5.000       4.500      SLICE_X26Y73  cnt_reg_reg[0]/C
High Pulse Width  Slow    FDCE/C   n/a            0.500         5.000       4.500      SLICE_X26Y73  cnt_reg_reg[0]/C



